0.000000	1.407501
0.732422	0.885349
1.464844	0.268690
2.197266	0.721486
2.929688	0.269200
3.662109	0.398896
4.394531	0.507296
5.126953	0.327152
5.859375	0.512517
6.591797	0.538003
7.324219	1.030729
8.056641	0.449936
8.789062	0.732531
9.521484	0.938937
10.253906	0.564086
10.986328	0.749601
11.718750	0.319681
12.451172	1.029530
13.183594	1.109922
13.916016	0.786879
14.648438	1.106892
15.380859	0.827654
16.113281	0.700375
16.845703	0.837292
17.578125	0.281721
18.310547	0.350659
19.042969	0.624862
19.775391	0.970708
20.507812	0.412956
21.240234	0.714755
21.972656	0.267954
22.705078	1.019666
23.437500	0.653445
24.169922	1.137592
24.902344	0.332990
25.634766	0.896974
26.367188	0.424074
27.099609	0.671661
27.832031	1.165374
28.564453	1.726647
29.296875	2.851217
30.029297	1.511386
30.761719	0.710162
31.494141	1.901680
32.226562	1.998389
32.958984	3.243449
33.691406	1.821232
34.423828	0.410179
35.156250	1.696810
35.888672	3.779092
36.621094	1.108883
37.353516	2.105691
38.085938	2.093186
38.818359	0.839495
39.550781	2.588549
40.283203	1.891470
41.015625	2.493425
41.748047	2.469685
42.480469	2.652592
43.212891	4.050172
43.945312	9.356662
44.677734	1.663917
45.410156	2.432112
46.142578	4.651243
46.875000	8.363139
47.607422	7.911516
48.339844	8.731634
49.072266	23.976079
49.804688	11.241823
50.537109	5.174881
51.269531	10.843737
52.001953	18.056285
52.734375	3.954191
53.466797	11.748504
54.199219	2.817579
54.931641	3.363839
55.664062	6.078687
56.396484	4.807305
57.128906	12.103875
57.861328	12.972666
58.593750	5.317492
59.326172	6.605592
60.058594	18.406824
60.791016	11.565220
61.523438	15.318366
62.255859	13.604723
62.988281	4.151344
63.720703	18.629395
64.453125	21.398147
65.185547	10.678131
65.917969	8.977884
66.650391	15.566227
67.382812	7.828905
68.115234	11.457417
68.847656	16.286142
69.580078	11.411546
70.312500	11.938855
71.044922	29.456854
71.777344	21.134262
72.509766	32.235130
73.242188	24.005628
73.974609	9.072734
74.707031	10.088474
75.439453	38.773738
76.171875	40.944813
76.904297	45.705783
77.636719	15.499430
78.369141	17.790182
79.101562	14.583838
79.833984	13.059787
80.566406	19.972829
81.298828	51.113411
82.031250	11.040473
82.763672	20.429605
83.496094	18.705488
84.228516	29.095798
84.960938	22.467817
85.693359	14.112151
86.425781	20.850406
87.158203	33.173352
87.890625	18.140065
88.623047	3.741890
89.355469	12.675454
90.087891	17.537369
90.820312	15.211234
91.552734	11.050720
92.285156	11.030776
93.017578	16.462416
93.750000	26.497648
94.482422	14.501886
95.214844	8.639709
95.947266	22.247408
96.679688	15.618744
97.412109	24.187547
98.144531	3.199054
98.876953	4.340534
99.609375	22.212772
100.341797	29.580987
101.074219	12.954230
101.806641	10.936075
102.539062	9.934369
103.271484	19.095260
104.003906	14.828416
104.736328	2.960451
105.468750	14.590492
106.201172	18.396113
106.933594	16.987914
107.666016	10.647188
108.398438	16.410935
109.130859	18.332895
109.863281	7.296371
110.595703	12.496983
111.328125	8.722568
112.060547	17.834656
112.792969	39.759980
113.525391	13.806914
114.257812	7.743927
114.990234	32.827041
115.722656	25.579710
116.455078	7.589900
117.187500	24.538979
117.919922	27.213386
118.652344	24.702066
119.384766	17.817932
120.117188	16.398441
120.849609	8.130652
121.582031	12.233725
122.314453	13.604770
123.046875	26.605050
123.779297	23.631219
124.511719	17.174098
125.244141	16.153902
125.976562	21.897152
126.708984	9.711004
127.441406	2.151768
128.173828	5.229507
128.906250	4.058273
129.638672	18.096675
130.371094	0.998621
131.103516	19.726805
131.835938	5.554104
132.568359	18.892774
133.300781	0.873645
134.033203	15.975929
134.765625	13.853656
135.498047	11.881185
136.230469	3.462502
136.962891	20.413669
137.695312	22.157191
138.427734	5.825385
139.160156	17.185778
139.892578	12.632401
140.625000	4.643219
141.357422	3.944310
142.089844	26.953632
142.822266	11.713430
143.554688	9.946380
144.287109	25.597139
145.019531	17.747235
145.751953	9.142270
146.484375	4.674365
147.216797	9.117773
147.949219	9.544667
148.681641	12.037745
149.414062	13.453966
150.146484	5.488429
150.878906	6.964347
151.611328	5.768687
152.343750	1.884389
153.076172	13.423316
153.808594	15.176025
154.541016	10.225150
155.273438	12.605557
156.005859	13.319965
156.738281	11.691643
157.470703	15.911517
158.203125	18.661939
158.935547	14.371593
159.667969	12.263344
160.400391	10.246434
161.132812	15.362819
161.865234	13.378229
162.597656	13.591825
163.330078	15.818820
164.062500	17.125799
164.794922	8.891913
165.527344	9.904016
166.259766	10.547631
166.992188	6.299797
167.724609	3.483298
168.457031	2.260201
169.189453	6.505898
169.921875	13.303827
170.654297	9.099061
171.386719	10.755811
172.119141	3.493052
172.851562	17.941692
173.583984	10.291552
174.316406	5.042866
175.048828	6.584619
175.781250	9.240776
176.513672	19.294147
177.246094	10.534465
177.978516	7.352411
178.710938	5.709712
179.443359	13.779933
180.175781	2.362475
180.908203	6.956224
181.640625	9.597105
182.373047	7.030299
183.105469	6.839904
183.837891	5.444266
184.570312	1.654007
185.302734	9.139169
186.035156	10.012159
186.767578	15.085525
187.500000	7.648582
188.232422	9.221666
188.964844	19.747894
189.697266	3.865126
190.429688	8.787256
191.162109	8.746969
191.894531	7.911172
192.626953	6.015938
193.359375	7.841673
194.091797	4.609331
194.824219	14.432819
195.556641	2.187479
196.289062	9.094721
197.021484	7.794436
197.753906	8.721624
198.486328	9.132946
199.218750	7.306396
199.951172	15.753192
200.683594	3.641818
201.416016	7.407202
202.148438	3.350692
202.880859	8.425342
203.613281	2.526468
204.345703	5.037374
205.078125	3.126359
205.810547	4.036435
206.542969	3.994660
207.275391	12.249461
208.007812	6.111606
208.740234	19.880960
209.472656	7.621656
210.205078	17.245772
210.937500	7.620015
211.669922	5.866633
212.402344	10.553667
213.134766	11.558037
213.867188	8.064404
214.599609	25.561323
215.332031	7.896777
216.064453	18.396700
216.796875	19.520398
217.529297	29.876058
218.261719	50.450298
218.994141	13.508499
219.726562	17.269487
220.458984	9.137674
221.191406	9.491287
221.923828	20.257323
222.656250	31.881125
223.388672	10.406528
224.121094	43.665311
224.853516	150.917094
225.585938	88.050235
226.318359	117.892639
227.050781	90.986677
227.783203	29.592209
228.515625	13.752611
229.248047	35.793778
229.980469	9.692312
230.712891	12.882548
231.445312	10.121198
232.177734	19.849717
232.910156	16.897196
233.642578	14.074020
234.375000	5.649554
235.107422	25.915903
235.839844	6.954707
236.572266	15.217889
237.304688	6.214453
238.037109	6.708052
238.769531	10.141843
239.501953	11.584101
240.234375	17.262827
240.966797	1.287846
241.699219	14.440624
242.431641	12.235474
243.164062	13.687176
243.896484	19.094754
244.628906	10.686736
245.361328	12.489509
246.093750	9.223154
246.826172	18.660707
247.558594	4.972432
248.291016	8.992181
249.023438	8.008601
249.755859	6.894881
250.488281	8.257048
251.220703	4.174316
251.953125	7.747825
252.685547	9.730163
253.417969	13.373524
254.150391	9.490160
254.882812	7.627458
255.615234	8.119648
256.347656	10.073310
257.080078	12.298006
257.812500	7.426394
258.544922	5.996972
259.277344	3.716316
260.009766	12.101585
260.742188	9.586739
261.474609	2.424469
262.207031	7.308278
262.939453	11.254941
263.671875	4.215674
264.404297	6.371690
265.136719	14.954517
265.869141	1.179557
266.601562	3.093446
267.333984	1.355988
268.066406	11.075703
268.798828	0.471200
269.531250	15.130726
270.263672	2.270878
270.996094	6.373906
271.728516	1.612431
272.460938	4.558559
273.193359	9.927921
273.925781	13.642321
274.658203	6.636146
275.390625	12.916629
276.123047	11.239416
276.855469	20.464626
277.587891	5.952261
278.320312	10.930914
279.052734	7.227828
279.785156	12.883040
280.517578	8.160007
281.250000	13.725841
281.982422	4.774949
282.714844	12.006102
283.447266	10.233923
284.179688	6.288440
284.912109	3.652651
285.644531	5.767321
286.376953	3.445658
287.109375	11.785008
287.841797	9.260261
288.574219	10.996608
289.306641	11.738457
290.039062	4.470611
290.771484	11.539394
291.503906	14.104711
292.236328	14.400402
292.968750	7.063331
293.701172	16.775747
294.433594	12.172671
295.166016	5.322041
295.898438	9.422494
296.630859	10.415748
297.363281	4.970609
298.095703	4.184356
298.828125	3.526338
299.560547	8.127048
300.292969	7.213225
301.025391	9.675346
301.757812	6.706716
302.490234	4.816605
303.222656	3.001090
303.955078	8.154998
304.687500	3.471798
305.419922	7.475512
306.152344	3.456621
306.884766	3.623196
307.617188	4.246221
308.349609	12.714795
309.082031	2.258782
309.814453	4.438467
310.546875	1.387675
311.279297	4.102720
312.011719	5.154364
312.744141	4.733177
313.476562	1.800658
314.208984	7.876194
314.941406	10.553645
315.673828	4.724020
316.406250	7.289282
317.138672	6.671376
317.871094	5.252363
318.603516	7.462692
319.335938	6.290188
320.068359	5.747697
320.800781	7.285380
321.533203	2.996470
322.265625	5.154659
322.998047	7.555151
323.730469	9.313178
324.462891	6.349519
325.195312	3.795425
325.927734	10.817338
326.660156	9.681346
327.392578	7.530103
328.125000	8.149441
328.857422	9.847447
329.589844	3.146295
330.322266	11.901256
331.054688	0.774956
331.787109	6.679095
332.519531	4.098633
333.251953	0.554122
333.984375	5.382021
334.716797	8.968384
335.449219	9.979132
336.181641	19.951199
336.914062	37.512661
337.646484	77.787742
338.378906	41.379358
339.111328	25.060594
339.843750	43.590953
340.576172	24.520797
341.308594	9.843533
342.041016	14.631475
342.773438	5.482365
343.505859	10.788521
344.238281	5.204905
344.970703	2.061094
345.703125	8.182628
346.435547	8.859912
347.167969	6.916818
347.900391	4.802108
348.632812	14.446736
349.365234	6.283341
350.097656	7.796882
350.830078	4.207369
351.562500	6.551860
352.294922	1.633901
353.027344	6.409106
353.759766	4.517251
354.492188	8.725501
355.224609	3.667960
355.957031	6.434627
356.689453	2.469383
357.421875	0.583402
358.154297	3.406965
358.886719	3.050752
359.619141	6.140268
360.351562	3.214604
361.083984	3.969246
361.816406	11.131006
362.548828	5.468181
363.281250	9.036848
364.013672	9.458017
364.746094	10.808081
365.478516	8.342799
366.210938	4.441302
366.943359	9.771358
367.675781	3.312941
368.408203	3.117658
369.140625	8.444927
369.873047	11.924359
370.605469	13.379945
371.337891	2.830490
372.070312	7.136406
372.802734	6.442515
373.535156	7.259359
374.267578	8.850020
375.000000	7.944675
375.732422	4.476720
376.464844	5.017300
377.197266	8.480891
377.929688	8.803887
378.662109	1.796868
379.394531	3.595202
380.126953	2.682343
380.859375	6.550211
381.591797	2.211172
382.324219	4.998347
383.056641	7.699483
383.789062	5.266918
384.521484	6.024527
385.253906	7.337878
385.986328	8.314898
386.718750	2.849957
387.451172	6.215681
388.183594	5.062391
388.916016	9.505104
389.648438	9.968989
390.380859	2.005587
391.113281	8.234271
391.845703	12.691830
392.578125	5.521500
393.310547	5.934873
394.042969	2.808507
394.775391	4.867221
395.507812	7.132058
396.240234	7.711188
396.972656	7.700424
397.705078	12.620515
398.437500	4.198419
399.169922	6.860549
399.902344	6.811271
400.634766	10.167351
401.367188	3.928813
402.099609	5.223965
402.832031	4.078697
403.564453	4.457138
404.296875	5.809373
405.029297	6.052671
405.761719	2.162507
406.494141	3.484115
407.226562	6.654329
407.958984	5.517935
408.691406	7.830651
409.423828	9.944297
410.156250	7.256319
410.888672	9.350771
411.621094	7.010427
412.353516	2.984635
413.085938	4.625279
413.818359	6.568323
414.550781	4.581867
415.283203	7.104315
416.015625	2.463859
416.748047	6.430072
417.480469	8.124255
418.212891	7.313512
418.945312	7.494651
419.677734	7.954105
420.410156	10.571394
421.142578	12.034190
421.875000	1.979746
422.607422	2.691232
423.339844	4.077516
424.072266	14.754375
424.804688	6.639108
425.537109	10.015361
426.269531	6.996079
427.001953	5.873507
427.734375	5.333817
428.466797	4.428483
429.199219	12.503959
429.931641	10.079543
430.664062	5.955622
431.396484	4.789008
432.128906	4.362982
432.861328	10.829920
433.593750	4.416805
434.326172	4.935998
435.058594	11.874209
435.791016	13.062631
436.523438	8.872976
437.255859	4.787628
437.988281	18.052410
438.720703	17.193059
439.453125	7.689724
440.185547	9.916681
440.917969	15.122913
441.650391	15.380379
442.382812	13.141665
443.115234	13.887088
443.847656	9.195855
444.580078	16.506882
445.312500	10.234555
446.044922	22.073862
446.777344	16.625429
447.509766	14.309958
448.242188	30.684231
448.974609	97.337759
449.707031	147.699438
450.439453	158.979098
451.171875	40.991541
451.904297	43.724677
452.636719	87.498630
453.369141	70.747522
454.101562	19.675724
454.833984	43.422558
455.566406	31.356728
456.298828	2.200090
457.031250	12.816197
457.763672	20.212829
458.496094	18.067574
459.228516	12.774205
459.960938	3.313446
460.693359	13.017206
461.425781	15.392554
462.158203	9.333579
462.890625	8.924085
463.623047	12.314849
464.355469	9.636742
465.087891	5.438547
465.820312	12.873122
466.552734	7.180820
467.285156	3.908196
468.017578	8.151380
468.750000	7.702658
469.482422	10.490512
470.214844	2.595068
470.947266	3.890509
471.679688	2.565004
472.412109	1.914667
473.144531	4.727793
473.876953	6.672667
474.609375	8.100694
475.341797	6.083344
476.074219	5.464301
476.806641	2.906337
477.539062	5.871383
478.271484	2.367189
479.003906	6.595827
479.736328	3.860264
480.468750	3.381773
481.201172	3.576542
481.933594	0.714410
482.666016	0.546434
483.398438	3.834589
484.130859	8.344834
484.863281	6.545010
485.595703	2.744099
486.328125	2.333147
487.060547	3.376610
487.792969	3.810804
488.525391	1.731566
489.257812	1.322058
489.990234	7.204965
490.722656	7.758361
491.455078	6.630825
492.187500	4.248444
492.919922	5.125056
493.652344	4.279600
494.384766	9.993702
495.117188	8.729812
495.849609	2.740713
496.582031	7.409627
497.314453	2.183669
498.046875	3.359704
498.779297	4.383860
499.511719	6.861207
500.244141	2.766503
500.976562	3.241730
501.708984	2.348128
502.441406	2.551418
503.173828	5.996866
503.906250	4.872053
504.638672	5.560043
505.371094	1.374444
506.103516	2.205770
506.835938	6.868306
507.568359	5.218324
508.300781	3.551446
509.033203	0.990630
509.765625	2.834217
510.498047	7.054812
511.230469	6.940857
511.962891	6.734196
512.695312	1.448704
513.427734	1.541128
514.160156	4.812230
514.892578	5.507658
515.625000	7.430766
516.357422	3.698229
517.089844	2.069489
517.822266	4.963786
518.554688	0.879848
519.287109	6.720269
520.019531	5.831457
520.751953	3.778805
521.484375	5.741733
522.216797	3.798922
522.949219	4.159223
523.681641	4.235061
524.414062	1.439280
525.146484	5.169961
525.878906	7.542310
526.611328	3.089613
527.343750	4.807272
528.076172	0.671849
528.808594	4.600352
529.541016	2.348063
530.273438	2.008990
531.005859	2.175241
531.738281	5.107920
532.470703	2.637986
533.203125	5.340083
533.935547	4.521900
534.667969	5.399771
535.400391	3.654030
536.132812	2.279015
536.865234	3.957951
537.597656	2.260601
538.330078	2.247344
539.062500	2.546192
539.794922	3.704738
540.527344	5.564067
541.259766	3.535713
541.992188	3.302565
542.724609	2.389009
543.457031	6.249610
544.189453	5.189385
544.921875	3.515494
545.654297	1.710591
546.386719	5.389998
547.119141	9.967219
547.851562	2.525904
548.583984	3.427611
549.316406	6.128031
550.048828	4.746897
550.781250	6.488633
551.513672	1.857240
552.246094	3.812604
552.978516	3.917625
553.710938	5.332620
554.443359	8.379308
555.175781	10.500404
555.908203	5.678953
556.640625	2.265847
557.373047	3.716022
558.105469	3.887315
558.837891	5.664319
559.570312	4.627909
560.302734	1.000276
561.035156	6.257594
561.767578	7.197833
562.500000	9.339336
563.232422	4.716954
563.964844	5.255570
564.697266	10.203000
565.429688	14.133462
566.162109	9.563469
566.894531	27.684868
567.626953	19.131493
568.359375	10.647738
569.091797	10.767042
569.824219	3.678335
570.556641	2.951549
571.289062	4.363338
572.021484	1.508088
572.753906	4.378561
573.486328	3.374451
574.218750	3.957795
574.951172	1.208523
575.683594	5.668836
576.416016	4.848749
577.148438	2.379263
577.880859	5.641932
578.613281	5.735252
579.345703	1.967386
580.078125	5.262517
580.810547	9.490543
581.542969	4.525974
582.275391	6.543557
583.007812	5.676292
583.740234	2.661379
584.472656	9.267145
585.205078	1.772561
585.937500	7.647088
586.669922	3.386817
587.402344	3.123201
588.134766	9.052477
588.867188	1.722321
589.599609	2.954494
590.332031	1.370940
591.064453	2.320000
591.796875	3.872516
592.529297	8.562917
593.261719	1.964689
593.994141	4.898430
594.726562	3.999567
595.458984	5.203931
596.191406	2.175682
596.923828	3.575642
597.656250	2.572156
598.388672	6.065728
599.121094	4.307273
599.853516	7.786125
600.585938	5.499956
601.318359	1.590134
602.050781	1.596109
602.783203	1.141712
603.515625	3.618018
604.248047	6.440344
604.980469	6.762042
605.712891	1.916449
606.445312	3.989940
607.177734	6.786786
607.910156	4.843367
608.642578	5.238602
609.375000	2.564962
610.107422	5.199200
610.839844	3.885214
611.572266	1.072360
612.304688	1.838407
613.037109	6.352212
613.769531	5.813230
614.501953	2.714204
615.234375	2.475177
615.966797	2.870320
616.699219	0.559127
617.431641	10.398716
618.164062	5.605848
618.896484	7.829839
619.628906	2.501724
620.361328	14.111342
621.093750	2.040114
621.826172	5.057940
622.558594	9.009180
623.291016	4.712327
624.023438	5.880859
624.755859	6.038812
625.488281	4.214166
626.220703	1.967210
626.953125	2.538060
627.685547	6.797712
628.417969	3.226764
629.150391	2.529722
629.882812	6.726349
630.615234	1.729326
631.347656	6.451072
632.080078	2.194484
632.812500	7.050980
633.544922	1.975054
634.277344	5.713651
635.009766	0.816858
635.742188	4.086129
636.474609	2.508991
637.207031	1.806789
637.939453	6.003645
638.671875	9.732647
639.404297	10.714481
640.136719	6.986088
640.869141	5.742512
641.601562	4.419511
642.333984	4.612268
643.066406	7.937444
643.798828	3.970118
644.531250	7.156390
645.263672	5.656065
645.996094	4.035868
646.728516	9.744754
647.460938	4.787175
648.193359	6.307002
648.925781	6.833617
649.658203	10.978532
650.390625	6.576820
651.123047	0.725671
651.855469	11.032791
652.587891	11.386229
653.320312	5.129669
654.052734	6.634226
654.785156	3.914625
655.517578	4.837551
656.250000	2.347303
656.982422	5.867944
657.714844	1.963519
658.447266	4.767381
659.179688	6.203144
659.912109	6.170810
660.644531	6.212271
661.376953	9.676951
662.109375	4.696356
662.841797	9.311891
663.574219	6.044230
664.306641	9.236297
665.039062	2.476571
665.771484	1.752273
666.503906	6.529528
667.236328	21.225273
667.968750	34.583766
668.701172	22.877810
669.433594	16.280119
670.166016	47.290695
670.898438	65.631517
671.630859	37.549115
672.363281	50.967747
673.095703	89.918337
673.828125	159.899103
674.560547	125.823197
675.292969	89.764362
676.025391	122.633016
676.757812	42.312227
677.490234	41.473963
678.222656	33.805632
678.955078	77.270118
679.687500	71.222504
680.419922	86.149488
681.152344	86.265448
681.884766	66.618390
682.617188	15.282490
683.349609	31.630080
684.082031	34.807105
684.814453	2.543420
685.546875	15.651989
686.279297	9.974724
687.011719	18.257501
687.744141	13.443562
688.476562	4.506084
689.208984	5.540710
689.941406	1.427797
690.673828	15.297656
691.406250	5.623153
692.138672	2.969273
692.871094	4.545010
693.603516	2.187414
694.335938	5.526164
695.068359	4.942669
695.800781	2.474809
696.533203	7.050435
697.265625	9.193611
697.998047	7.616542
698.730469	14.096878
699.462891	5.051955
700.195312	1.889305
700.927734	8.146566
701.660156	3.308621
702.392578	8.806063
703.125000	12.203240
703.857422	7.975685
704.589844	1.204301
705.322266	1.330894
706.054688	13.737750
706.787109	3.649978
707.519531	6.899073
708.251953	5.862341
708.984375	6.354224
709.716797	7.849450
710.449219	6.006386
711.181641	7.395493
711.914062	9.669490
712.646484	5.700457
713.378906	9.826962
714.111328	5.829888
714.843750	1.314894
715.576172	3.689406
716.308594	8.242868
717.041016	6.839791
717.773438	6.447247
718.505859	1.088675
719.238281	10.196460
719.970703	6.244943
720.703125	7.210948
721.435547	6.422459
722.167969	2.052104
722.900391	5.173933
723.632812	4.694239
724.365234	5.037173
725.097656	5.711746
725.830078	3.629214
726.562500	3.260253
727.294922	14.356897
728.027344	7.136612
728.759766	3.419707
729.492188	7.876635
730.224609	3.745177
730.957031	3.384531
731.689453	2.355704
732.421875	1.371444
733.154297	2.220343
733.886719	4.150407
734.619141	2.142168
735.351562	4.648589
736.083984	8.073631
736.816406	7.281028
737.548828	6.462325
738.281250	3.345323
739.013672	2.896353
739.746094	0.804600
740.478516	10.526316
741.210938	3.672360
741.943359	10.420007
742.675781	4.080789
743.408203	7.865535
744.140625	2.450360
744.873047	9.355294
745.605469	6.292636
746.337891	5.485756
747.070312	1.470514
747.802734	10.842730
748.535156	2.983325
749.267578	2.690938
750.000000	8.592301
750.732422	6.154382
751.464844	7.709462
752.197266	2.864206
752.929688	3.024138
753.662109	3.121032
754.394531	3.307632
755.126953	1.195228
755.859375	6.328045
756.591797	1.025235
757.324219	5.785129
758.056641	5.657757
758.789062	6.555157
759.521484	1.107726
760.253906	7.808957
760.986328	6.468818
761.718750	5.470432
762.451172	1.651420
763.183594	13.080881
763.916016	6.648299
764.648438	6.592019
765.380859	4.527516
766.113281	1.385274
766.845703	2.880039
767.578125	2.530869
768.310547	5.571357
769.042969	3.940000
769.775391	3.326708
770.507812	5.278500
771.240234	6.750005
771.972656	5.998159
772.705078	5.516310
773.437500	5.818394
774.169922	7.185930
774.902344	7.133659
775.634766	3.914987
776.367188	2.236449
777.099609	0.886006
777.832031	3.403939
778.564453	6.505629
779.296875	5.343868
780.029297	11.760466
780.761719	6.634034
781.494141	7.740309
782.226562	8.705730
782.958984	11.129805
783.691406	16.195126
784.423828	15.757110
785.156250	13.496877
785.888672	16.100957
786.621094	23.980439
787.353516	13.177855
788.085938	13.597048
788.818359	9.356714
789.550781	8.200211
790.283203	5.210584
791.015625	18.644271
791.748047	4.602592
792.480469	8.327958
793.212891	15.522623
793.945312	4.204338
794.677734	5.697040
795.410156	3.848887
796.142578	7.955759
796.875000	5.933687
797.607422	2.876732
798.339844	2.976753
799.072266	10.771076
799.804688	5.994390
800.537109	6.915545
801.269531	3.954995
802.001953	9.759566
802.734375	3.191490
803.466797	3.769560
804.199219	6.849652
804.931641	2.209086
805.664062	3.240684
806.396484	2.511198
807.128906	7.280490
807.861328	7.217372
808.593750	7.000354
809.326172	8.239330
810.058594	6.902722
810.791016	5.347997
811.523438	7.747096
812.255859	0.572328
812.988281	3.162023
813.720703	5.262174
814.453125	8.280417
815.185547	3.156647
815.917969	3.751091
816.650391	4.128523
817.382812	6.860617
818.115234	4.135620
818.847656	9.249846
819.580078	6.563563
820.312500	5.667535
821.044922	2.976948
821.777344	2.748372
822.509766	1.532858
823.242188	3.411587
823.974609	3.055826
824.707031	3.134583
825.439453	5.710805
826.171875	4.262657
826.904297	5.230585
827.636719	4.122191
828.369141	3.769861
829.101562	6.715038
829.833984	2.370987
830.566406	4.378234
831.298828	4.327381
832.031250	2.501890
832.763672	5.056463
833.496094	4.850296
834.228516	0.394661
834.960938	5.623863
835.693359	10.434238
836.425781	3.556580
837.158203	4.123832
837.890625	5.135386
838.623047	4.335575
839.355469	5.347104
840.087891	5.545132
840.820312	4.040193
841.552734	6.927452
842.285156	2.647280
843.017578	3.796127
843.750000	2.945085
844.482422	4.844204
845.214844	2.226964
845.947266	9.126281
846.679688	2.140170
847.412109	4.273784
848.144531	4.108152
848.876953	4.826757
849.609375	6.907554
850.341797	2.888288
851.074219	7.590778
851.806641	4.778251
852.539062	5.351093
853.271484	2.506961
854.003906	8.419220
854.736328	6.569827
855.468750	0.900772
856.201172	3.391383
856.933594	6.208709
857.666016	4.495735
858.398438	5.536839
859.130859	7.921124
859.863281	7.230685
860.595703	2.401057
861.328125	5.305752
862.060547	0.638136
862.792969	0.350630
863.525391	0.982565
864.257812	1.914465
864.990234	3.874465
865.722656	5.208055
866.455078	2.777336
867.187500	4.141274
867.919922	3.545390
868.652344	8.860990
869.384766	5.008621
870.117188	5.936419
870.849609	5.301706
871.582031	0.988272
872.314453	9.815471
873.046875	4.621508
873.779297	5.446393
874.511719	8.506633
875.244141	5.140691
875.976562	7.220690
876.708984	1.855076
877.441406	2.265577
878.173828	6.904999
878.906250	2.693251
879.638672	6.598315
880.371094	8.825169
881.103516	3.165677
881.835938	4.098604
882.568359	1.752223
883.300781	6.798693
884.033203	3.588172
884.765625	5.721672
885.498047	7.837346
886.230469	8.744218
886.962891	7.573774
887.695312	0.205274
888.427734	5.475988
889.160156	7.040485
889.892578	10.315203
890.625000	8.838642
891.357422	8.016559
892.089844	9.274298
892.822266	11.616229
893.554688	7.675820
894.287109	8.039566
895.019531	10.751798
895.751953	7.873940
896.484375	18.054452
897.216797	24.682358
897.949219	39.618140
898.681641	27.291605
899.414062	26.862199
900.146484	44.517011
900.878906	46.682098
901.611328	8.150187
902.343750	10.257716
903.076172	35.261470
903.808594	9.178768
904.541016	15.579862
905.273438	23.126419
906.005859	26.235904
906.738281	44.955808
907.470703	30.904942
908.203125	24.104573
908.935547	23.872926
909.667969	9.263289
910.400391	5.423168
911.132812	11.389203
911.865234	5.993505
912.597656	1.907374
913.330078	5.305410
914.062500	2.463119
914.794922	3.437531
915.527344	3.952252
916.259766	3.559529
916.992188	5.953044
917.724609	3.917731
918.457031	5.803278
919.189453	7.338498
919.921875	3.937081
920.654297	4.751453
921.386719	4.918702
922.119141	8.136902
922.851562	4.579356
923.583984	8.452320
924.316406	8.546663
925.048828	8.498462
925.781250	11.590875
926.513672	6.182819
927.246094	13.494588
927.978516	7.718309
928.710938	6.850317
929.443359	4.190669
930.175781	19.540819
930.908203	5.757724
931.640625	11.393104
932.373047	5.668723
933.105469	7.141974
933.837891	8.540239
934.570312	5.234056
935.302734	8.891023
936.035156	10.136497
936.767578	2.447482
937.500000	2.761172
938.232422	9.100520
938.964844	2.445497
939.697266	6.244613
940.429688	6.150148
941.162109	8.266839
941.894531	2.506042
942.626953	6.141091
943.359375	3.475000
944.091797	0.818934
944.824219	4.326168
945.556641	2.952368
946.289062	8.513451
947.021484	1.264924
947.753906	11.467777
948.486328	5.626250
949.218750	2.349939
949.951172	10.483793
950.683594	5.243781
951.416016	5.294944
952.148438	10.667139
952.880859	5.147581
953.613281	2.010229
954.345703	7.596257
955.078125	4.335951
955.810547	6.502547
956.542969	7.245747
957.275391	3.036117
958.007812	4.126522
958.740234	1.936588
959.472656	5.331214
960.205078	5.366558
960.937500	5.381812
961.669922	10.668111
962.402344	1.483340
963.134766	5.015029
963.867188	4.490920
964.599609	3.886197
965.332031	6.986527
966.064453	1.535519
966.796875	5.731800
967.529297	3.835757
968.261719	5.051363
968.994141	4.260641
969.726562	3.685954
970.458984	6.028369
971.191406	4.376071
971.923828	1.348375
972.656250	3.784478
973.388672	4.357080
974.121094	0.774916
974.853516	8.538238
975.585938	3.690128
976.318359	3.134778
977.050781	2.368062
977.783203	4.583392
978.515625	2.307875
979.248047	1.406377
979.980469	5.616639
980.712891	3.768584
981.445312	3.943879
982.177734	3.884357
982.910156	3.933389
983.642578	3.538126
984.375000	5.004620
985.107422	3.022672
985.839844	0.698350
986.572266	2.803967
987.304688	2.914100
988.037109	3.230008
988.769531	5.388094
989.501953	1.650412
990.234375	7.164216
990.966797	6.224590
991.699219	5.039962
992.431641	2.851240
993.164062	5.650384
993.896484	2.621739
994.628906	6.542214
995.361328	3.456496
996.093750	3.302363
996.826172	10.486164
997.558594	3.105631
998.291016	0.826324
999.023438	5.452244
999.755859	5.650429
1000.488281	5.270806
1001.220703	4.976672
1001.953125	5.171391
1002.685547	8.535673
1003.417969	2.916766
1004.150391	5.968281
1004.882812	4.147080
1005.615234	8.549647
1006.347656	1.886303
1007.080078	1.762677
1007.812500	9.380944
1008.544922	20.415945
1009.277344	13.415316
1010.009766	4.089870
1010.742188	4.334529
1011.474609	5.639587
1012.207031	20.447564
1012.939453	39.884655
1013.671875	24.830081
1014.404297	8.488301
1015.136719	23.899189
1015.869141	10.698710
1016.601562	18.616476
1017.333984	8.337688
1018.066406	8.973078
1018.798828	6.008039
1019.531250	11.840437
1020.263672	11.065618
1020.996094	4.844739
1021.728516	17.351586
1022.460938	8.926515
1023.193359	3.641778
1023.925781	9.485259
1024.658203	3.661943
1025.390625	3.713705
1026.123047	3.820178
1026.855469	7.115462
1027.587891	9.012164
1028.320312	3.844153
1029.052734	3.746766
1029.785156	3.714440
1030.517578	4.013354
1031.250000	6.326364
1031.982422	3.319497
1032.714844	7.577176
1033.447266	5.677791
1034.179688	7.723751
1034.912109	8.641373
1035.644531	2.001361
1036.376953	5.731384
1037.109375	2.975094
1037.841797	3.656061
1038.574219	2.035303
1039.306641	1.001510
1040.039062	4.969857
1040.771484	5.932456
1041.503906	1.860186
1042.236328	1.136823
1042.968750	3.525127
1043.701172	7.266424
1044.433594	1.315878
1045.166016	6.153235
1045.898438	0.850097
1046.630859	2.341149
1047.363281	3.393433
1048.095703	6.398590
1048.828125	6.621070
1049.560547	0.567307
1050.292969	1.397466
1051.025391	3.859839
1051.757812	6.792466
1052.490234	4.728664
1053.222656	4.041101
1053.955078	2.658860
1054.687500	3.534306
1055.419922	3.790947
1056.152344	1.722462
1056.884766	4.429359
1057.617188	3.243379
1058.349609	2.533640
1059.082031	4.222582
1059.814453	3.914213
1060.546875	2.159544
1061.279297	4.008724
1062.011719	4.579042
1062.744141	0.950830
1063.476562	3.173696
1064.208984	4.114288
1064.941406	1.452122
1065.673828	1.712875
1066.406250	6.520977
1067.138672	5.206860
1067.871094	2.964573
1068.603516	6.293752
1069.335938	5.820623
1070.068359	6.475151
1070.800781	6.152535
1071.533203	1.073531
1072.265625	3.245685
1072.998047	3.622388
1073.730469	3.882101
1074.462891	5.636398
1075.195312	4.452828
1075.927734	3.395370
1076.660156	2.027291
1077.392578	1.180853
1078.125000	1.281935
1078.857422	6.052732
1079.589844	4.810833
1080.322266	3.018112
1081.054688	5.980344
1081.787109	1.977813
1082.519531	1.528533
1083.251953	4.701576
1083.984375	2.336303
1084.716797	3.677669
1085.449219	1.594725
1086.181641	4.038549
1086.914062	6.393387
1087.646484	2.365182
1088.378906	2.276756
1089.111328	6.273291
1089.843750	2.924471
1090.576172	1.417161
1091.308594	4.303614
1092.041016	2.325514
1092.773438	4.926944
1093.505859	1.775414
1094.238281	4.491843
1094.970703	4.164724
1095.703125	2.861380
1096.435547	3.477870
1097.167969	2.007747
1097.900391	3.721783
1098.632812	2.131897
1099.365234	8.127532
1100.097656	1.235775
1100.830078	1.131838
1101.562500	4.724789
1102.294922	2.002563
1103.027344	2.042410
1103.759766	3.401356
1104.492188	2.882749
1105.224609	2.164786
1105.957031	0.327948
1106.689453	4.859187
1107.421875	1.894575
1108.154297	0.850825
1108.886719	3.983173
1109.619141	1.745782
1110.351562	9.185629
1111.083984	4.097138
1111.816406	3.981981
1112.548828	1.886344
1113.281250	0.961934
1114.013672	1.579427
1114.746094	3.215491
1115.478516	4.413329
1116.210938	4.084338
1116.943359	4.448347
1117.675781	1.580373
1118.408203	9.784767
1119.140625	5.411074
1119.873047	7.490104
1120.605469	11.066708
1121.337891	21.610548
1122.070312	35.215263
1122.802734	38.577391
1123.535156	17.617182
1124.267578	21.861675
1125.000000	57.005263
1125.732422	53.745364
1126.464844	11.973343
1127.197266	13.155888
1127.929688	55.965608
1128.662109	19.365189
1129.394531	14.686529
1130.126953	9.530658
1130.859375	8.039466
1131.591797	36.633705
1132.324219	18.390977
1133.056641	16.329096
1133.789062	6.399138
1134.521484	14.872643
1135.253906	1.570301
1135.986328	7.568381
1136.718750	2.064737
1137.451172	6.008738
1138.183594	9.487962
1138.916016	6.506977
1139.648438	1.671212
1140.380859	1.484119
1141.113281	6.619252
1141.845703	4.766656
1142.578125	4.006937
1143.310547	3.543571
1144.042969	5.384315
1144.775391	0.774014
1145.507812	5.206306
1146.240234	6.046134
1146.972656	3.316529
1147.705078	0.662686
1148.437500	2.321412
1149.169922	3.154250
1149.902344	2.216064
1150.634766	3.591702
1151.367188	2.792638
1152.099609	5.074745
1152.832031	2.788377
1153.564453	2.206889
1154.296875	3.825133
1155.029297	2.013633
1155.761719	2.346156
1156.494141	3.902655
1157.226562	6.060697
1157.958984	2.478802
1158.691406	3.582607
1159.423828	4.027272
1160.156250	4.573160
1160.888672	4.195759
1161.621094	5.145822
1162.353516	6.025148
1163.085938	1.135064
1163.818359	3.005055
1164.550781	2.396391
1165.283203	2.059520
1166.015625	5.219144
1166.748047	2.504399
1167.480469	2.506134
1168.212891	6.078255
1168.945312	4.419423
1169.677734	3.179779
1170.410156	5.752654
1171.142578	6.249178
1171.875000	0.567917
1172.607422	1.670099
1173.339844	3.080217
1174.072266	2.373238
1174.804688	2.846156
1175.537109	2.848376
1176.269531	6.475450
1177.001953	4.102771
1177.734375	1.940457
1178.466797	5.375266
1179.199219	6.603117
1179.931641	2.397721
1180.664062	3.660215
1181.396484	3.019140
1182.128906	0.866890
1182.861328	3.269230
1183.593750	4.371932
1184.326172	6.888051
1185.058594	2.907959
1185.791016	2.702492
1186.523438	4.148133
1187.255859	3.141546
1187.988281	1.755390
1188.720703	1.659271
1189.453125	5.340234
1190.185547	1.698544
1190.917969	2.768154
1191.650391	5.206885
1192.382812	4.811718
1193.115234	1.517643
1193.847656	7.477039
1194.580078	3.735185
1195.312500	1.940837
1196.044922	2.695344
1196.777344	3.209799
1197.509766	3.257214
1198.242188	2.715964
1198.974609	1.219389
1199.707031	1.790147
1200.439453	2.697568
1201.171875	4.554910
1201.904297	6.599820
1202.636719	3.147323
1203.369141	2.925788
1204.101562	3.135568
1204.833984	2.813645
1205.566406	3.130338
1206.298828	3.904681
1207.031250	3.706281
1207.763672	5.621078
1208.496094	1.682446
1209.228516	0.599844
1209.960938	1.100347
1210.693359	3.007563
1211.425781	6.012843
1212.158203	6.155563
1212.890625	3.566429
1213.623047	5.957590
1214.355469	0.969081
1215.087891	0.943062
1215.820312	2.711504
1216.552734	4.118221
1217.285156	2.798593
1218.017578	1.599198
1218.750000	1.695802
1219.482422	1.580608
1220.214844	2.509813
1220.947266	3.855868
1221.679688	2.524309
1222.412109	1.916160
1223.144531	1.181199
1223.876953	2.666854
1224.609375	3.957954
1225.341797	2.234347
1226.074219	4.430549
1226.806641	2.109667
1227.539062	2.754463
1228.271484	7.006959
1229.003906	2.840870
1229.736328	2.207482
1230.468750	4.349569
1231.201172	5.334264
1231.933594	4.753983
1232.666016	2.073517
1233.398438	6.654356
1234.130859	10.433702
1234.863281	0.749891
1235.595703	12.036410
1236.328125	16.062588
1237.060547	22.112836
1237.792969	22.759941
1238.525391	6.922351
1239.257812	13.868038
1239.990234	14.388412
1240.722656	11.565101
1241.455078	14.346331
1242.187500	7.906210
1242.919922	8.509307
1243.652344	3.982954
1244.384766	6.637639
1245.117188	3.816252
1245.849609	11.628333
1246.582031	13.849315
1247.314453	14.346134
1248.046875	16.461843
1248.779297	13.012624
1249.511719	8.643786
1250.244141	4.317893
1250.976562	3.737650
1251.708984	2.190327
1252.441406	2.466226
1253.173828	6.150679
1253.906250	1.048118
1254.638672	3.081525
1255.371094	5.192118
1256.103516	3.404394
1256.835938	2.860249
1257.568359	1.152097
1258.300781	3.506004
1259.033203	4.830599
1259.765625	1.650551
1260.498047	2.701836
1261.230469	1.364427
1261.962891	2.498180
1262.695312	1.659931
1263.427734	1.448190
1264.160156	2.805356
1264.892578	3.696053
1265.625000	2.374990
1266.357422	2.678043
1267.089844	3.566015
1267.822266	4.110740
1268.554688	6.820321
1269.287109	3.856222
1270.019531	1.346986
1270.751953	2.075239
1271.484375	2.057184
1272.216797	2.254904
1272.949219	2.330033
1273.681641	3.035227
1274.414062	3.102099
1275.146484	1.971508
1275.878906	4.447851
1276.611328	1.947503
1277.343750	2.970628
1278.076172	4.235586
1278.808594	1.048897
1279.541016	2.793162
1280.273438	4.742478
1281.005859	4.215167
1281.738281	3.383908
1282.470703	3.631645
1283.203125	3.418208
1283.935547	5.051823
1284.667969	2.080462
1285.400391	2.961592
1286.132812	3.997861
1286.865234	2.000225
1287.597656	4.879084
1288.330078	0.644258
1289.062500	2.433180
1289.794922	4.936537
1290.527344	1.768721
1291.259766	3.727829
1291.992188	4.626814
1292.724609	4.935198
1293.457031	7.747124
1294.189453	2.403542
1294.921875	3.141091
1295.654297	4.120659
1296.386719	3.728845
1297.119141	1.350446
1297.851562	0.969306
1298.583984	2.231993
1299.316406	4.016473
1300.048828	3.705018
1300.781250	2.264503
1301.513672	5.538740
1302.246094	5.960196
1302.978516	2.136560
1303.710938	7.390251
1304.443359	4.790952
1305.175781	2.733280
1305.908203	6.471241
1306.640625	4.745017
1307.373047	4.488072
1308.105469	5.213763
1308.837891	5.015687
1309.570312	1.634789
1310.302734	4.075612
1311.035156	1.667641
1311.767578	0.421906
1312.500000	4.003217
1313.232422	5.062530
1313.964844	2.494186
1314.697266	5.311639
1315.429688	3.580873
1316.162109	2.406802
1316.894531	2.716135
1317.626953	2.888038
1318.359375	6.920367
1319.091797	3.619671
1319.824219	3.951471
1320.556641	4.102445
1321.289062	4.506735
1322.021484	3.154835
1322.753906	2.994239
1323.486328	4.480142
1324.218750	2.219703
1324.951172	3.309666
1325.683594	2.623943
1326.416016	7.307553
1327.148438	6.640749
1327.880859	0.423205
1328.613281	7.510197
1329.345703	6.781521
1330.078125	0.934422
1330.810547	1.746053
1331.542969	2.583644
1332.275391	3.679270
1333.007812	2.847067
1333.740234	4.405085
1334.472656	2.376908
1335.205078	4.640451
1335.937500	0.644270
1336.669922	2.024175
1337.402344	2.677355
1338.134766	1.544361
1338.867188	3.415090
1339.599609	7.733458
1340.332031	3.888458
1341.064453	1.058136
1341.796875	7.885602
1342.529297	2.460720
1343.261719	0.692636
1343.994141	2.622770
1344.726562	6.583409
1345.458984	7.270230
1346.191406	6.105796
1346.923828	7.995405
1347.656250	10.710541
1348.388672	18.151616
1349.121094	3.826015
1349.853516	18.870664
1350.585938	22.133862
1351.318359	1.014619
1352.050781	13.464662
1352.783203	21.231363
1353.515625	21.793102
1354.248047	7.097437
1354.980469	13.487378
1355.712891	1.277174
1356.445312	6.428000
1357.177734	7.824226
1357.910156	2.667922
1358.642578	2.111143
1359.375000	3.248799
1360.107422	5.114243
1360.839844	9.265186
1361.572266	7.189620
1362.304688	5.203850
1363.037109	9.849507
1363.769531	7.001509
1364.501953	3.135112
1365.234375	3.989293
1365.966797	4.614649
1366.699219	1.729178
1367.431641	3.104024
1368.164062	0.566808
1368.896484	3.359939
1369.628906	4.146065
1370.361328	4.856882
1371.093750	1.514308
1371.826172	4.141850
1372.558594	2.113756
1373.291016	5.202188
1374.023438	2.990767
1374.755859	4.737185
1375.488281	2.839832
1376.220703	1.056637
1376.953125	2.916786
1377.685547	3.567302
1378.417969	1.693808
1379.150391	1.077093
1379.882812	1.729505
1380.615234	1.693017
1381.347656	2.881113
1382.080078	1.309308
1382.812500	2.067610
1383.544922	4.248847
1384.277344	2.377294
1385.009766	3.333304
1385.742188	1.095872
1386.474609	2.001739
1387.207031	4.073591
1387.939453	3.438187
1388.671875	3.751344
1389.404297	1.911142
1390.136719	3.885663
1390.869141	3.781492
1391.601562	1.639730
1392.333984	6.560355
1393.066406	3.794261
1393.798828	1.705174
1394.531250	3.604086
1395.263672	5.149372
1395.996094	1.338099
1396.728516	4.270358
1397.460938	4.120293
1398.193359	3.554998
1398.925781	1.905391
1399.658203	4.471969
1400.390625	1.746057
1401.123047	3.713972
1401.855469	3.014951
1402.587891	4.549762
1403.320312	0.970695
1404.052734	3.219530
1404.785156	3.553535
1405.517578	3.125762
1406.250000	4.656910
1406.982422	3.150906
1407.714844	5.350326
1408.447266	2.565804
1409.179688	4.038721
1409.912109	5.592489
1410.644531	2.858548
1411.376953	2.983578
1412.109375	4.276264
1412.841797	3.243871
1413.574219	0.534017
1414.306641	2.314601
1415.039062	2.091747
1415.771484	1.879096
1416.503906	4.722431
1417.236328	2.187539
1417.968750	0.349056
1418.701172	1.935929
1419.433594	1.507884
1420.166016	4.012809
1420.898438	2.594333
1421.630859	1.235078
1422.363281	1.505480
1423.095703	1.072728
1423.828125	0.438482
1424.560547	3.561299
1425.292969	1.705778
1426.025391	2.923193
1426.757812	1.275377
1427.490234	3.086415
1428.222656	0.418205
1428.955078	2.709862
1429.687500	1.858026
1430.419922	0.594436
1431.152344	1.580756
1431.884766	2.790135
1432.617188	1.472952
1433.349609	3.313045
1434.082031	2.512457
1434.814453	1.729569
1435.546875	1.678147
1436.279297	1.396334
1437.011719	2.877459
1437.744141	1.604752
1438.476562	1.742410
1439.208984	0.540907
1439.941406	2.047045
1440.673828	4.282518
1441.406250	3.119750
1442.138672	2.526672
1442.871094	1.362491
1443.603516	1.264375
1444.335938	1.348516
1445.068359	2.862203
1445.800781	2.825169
1446.533203	1.163257
1447.265625	3.861997
1447.998047	1.377239
1448.730469	0.956305
1449.462891	3.275881
1450.195312	1.033433
1450.927734	0.842022
1451.660156	3.422526
1452.392578	4.704502
1453.125000	1.746103
1453.857422	4.686946
1454.589844	1.421189
1455.322266	3.566717
1456.054688	1.143060
1456.787109	0.700933
1457.519531	3.012603
1458.251953	2.362586
1458.984375	1.319320
1459.716797	3.481512
1460.449219	1.169044
1461.181641	1.142840
1461.914062	1.522836
1462.646484	3.603339
1463.378906	0.491959
1464.111328	4.569097
1464.843750	2.056727
1465.576172	3.947595
1466.308594	3.203267
1467.041016	1.854860
1467.773438	6.866900
1468.505859	1.980899
1469.238281	0.568453
1469.970703	2.153376
1470.703125	3.056172
1471.435547	3.107539
1472.167969	4.684706
1472.900391	4.392806
1473.632812	2.506154
1474.365234	1.698290
1475.097656	2.435128
1475.830078	3.898906
1476.562500	1.868150
1477.294922	3.003744
1478.027344	1.767694
1478.759766	1.846510
1479.492188	0.723942
1480.224609	0.668687
1480.957031	1.057847
1481.689453	1.399351
1482.421875	2.111446
1483.154297	3.114700
1483.886719	1.599960
1484.619141	4.597128
1485.351562	1.081062
1486.083984	1.312625
1486.816406	3.204071
1487.548828	0.637553
1488.281250	1.727657
1489.013672	0.651207
1489.746094	3.103078
1490.478516	0.443716
1491.210938	1.202420
1491.943359	1.431829
1492.675781	1.026417
1493.408203	1.734544
1494.140625	3.974852
1494.873047	0.774770
1495.605469	0.693226
1496.337891	1.036900
1497.070312	1.173324
1497.802734	3.608741
1498.535156	0.645657
1499.267578	0.882961
1500.000000	2.691912
1500.732422	1.669187
1501.464844	2.263016
1502.197266	2.431592
1502.929688	2.187082
1503.662109	2.640355
1504.394531	1.705778
1505.126953	2.195564
1505.859375	1.648773
1506.591797	1.259729
1507.324219	3.884869
1508.056641	2.488294
1508.789062	2.763227
1509.521484	2.577885
1510.253906	2.758600
1510.986328	3.374051
1511.718750	3.217586
1512.451172	2.098625
1513.183594	3.722271
1513.916016	1.903039
1514.648438	3.363178
1515.380859	3.824558
1516.113281	3.799332
1516.845703	3.883054
1517.578125	2.208481
1518.310547	1.610923
1519.042969	1.233388
1519.775391	6.465561
1520.507812	3.477523
1521.240234	3.132655
1521.972656	1.530021
1522.705078	2.116804
1523.437500	4.063899
1524.169922	1.209453
1524.902344	0.512384
1525.634766	1.841369
1526.367188	2.384777
1527.099609	1.227015
1527.832031	4.516169
1528.564453	3.835620
1529.296875	2.785187
1530.029297	0.291566
1530.761719	2.825233
1531.494141	2.942063
1532.226562	1.009110
1532.958984	2.283734
1533.691406	2.190314
1534.423828	1.485545
1535.156250	1.637917
1535.888672	1.194514
1536.621094	1.424889
1537.353516	1.456767
1538.085938	1.752115
1538.818359	4.551429
1539.550781	2.474990
1540.283203	2.393598
1541.015625	1.888190
1541.748047	1.278408
1542.480469	2.061431
1543.212891	1.508829
1543.945312	2.718038
1544.677734	3.362963
1545.410156	2.116140
1546.142578	1.936073
1546.875000	1.071193
1547.607422	3.253504
1548.339844	1.679348
1549.072266	2.562880
1549.804688	3.481729
1550.537109	1.319141
1551.269531	3.617250
1552.001953	8.121733
1552.734375	2.174855
1553.466797	3.263611
1554.199219	1.990127
1554.931641	2.866930
1555.664062	2.184567
1556.396484	0.312413
1557.128906	2.568041
1557.861328	3.820676
1558.593750	2.181777
1559.326172	3.336081
1560.058594	3.381226
1560.791016	0.765899
1561.523438	2.989527
1562.255859	2.227538
1562.988281	2.694500
1563.720703	3.195873
1564.453125	3.972403
1565.185547	6.821094
1565.917969	8.019263
1566.650391	1.721440
1567.382812	4.141456
1568.115234	5.276500
1568.847656	4.678624
1569.580078	8.641027
1570.312500	6.683940
1571.044922	7.058213
1571.777344	11.238514
1572.509766	10.130601
1573.242188	8.976769
1573.974609	6.149628
1574.707031	10.775696
1575.439453	8.699138
1576.171875	20.398346
1576.904297	14.288463
1577.636719	4.832288
1578.369141	7.872343
1579.101562	21.117117
1579.833984	8.744684
1580.566406	6.411173
1581.298828	15.840770
1582.031250	8.107986
1582.763672	5.833291
1583.496094	12.419939
1584.228516	10.369011
1584.960938	18.708775
1585.693359	19.627447
1586.425781	19.609991
1587.158203	12.363177
1587.890625	9.322227
1588.623047	3.193548
1589.355469	9.440604
1590.087891	1.479348
1590.820312	2.965622
1591.552734	4.421957
1592.285156	2.014216
1593.017578	5.572699
1593.750000	0.538846
1594.482422	2.723514
1595.214844	2.860104
1595.947266	3.674379
1596.679688	4.562215
1597.412109	2.471666
1598.144531	1.361152
1598.876953	2.626251
1599.609375	4.341599
1600.341797	0.832300
1601.074219	3.012964
1601.806641	3.441561
1602.539062	6.211456
1603.271484	3.160115
1604.003906	2.164444
1604.736328	0.709372
1605.468750	2.398431
1606.201172	2.540272
1606.933594	2.209351
1607.666016	3.121578
1608.398438	2.732972
1609.130859	2.074037
1609.863281	4.658351
1610.595703	0.815566
1611.328125	2.401298
1612.060547	0.480479
1612.792969	3.212043
1613.525391	1.442251
1614.257812	0.921226
1614.990234	2.293497
1615.722656	0.576643
1616.455078	1.572429
1617.187500	3.202391
1617.919922	3.559474
1618.652344	1.597382
1619.384766	1.170974
1620.117188	0.955152
1620.849609	2.123602
1621.582031	1.358038
1622.314453	3.100959
1623.046875	0.998460
1623.779297	2.678712
1624.511719	2.007567
1625.244141	3.533699
1625.976562	0.803644
1626.708984	1.667830
1627.441406	1.100987
1628.173828	0.758766
1628.906250	2.000079
1629.638672	2.259997
1630.371094	1.472895
1631.103516	2.803178
1631.835938	2.428009
1632.568359	2.670044
1633.300781	1.847275
1634.033203	0.691424
1634.765625	2.319469
1635.498047	0.803317
1636.230469	2.622934
1636.962891	3.590307
1637.695312	0.738228
1638.427734	0.937982
1639.160156	1.962133
1639.892578	1.353690
1640.625000	0.327121
1641.357422	1.561819
1642.089844	0.754051
1642.822266	0.798338
1643.554688	1.887551
1644.287109	0.803211
1645.019531	2.058247
1645.751953	1.121121
1646.484375	2.289958
1647.216797	0.848338
1647.949219	1.599248
1648.681641	0.615565
1649.414062	2.416238
1650.146484	1.815012
1650.878906	1.759402
1651.611328	1.801877
1652.343750	3.218979
1653.076172	0.674960
1653.808594	1.669354
1654.541016	1.044403
1655.273438	1.719800
1656.005859	1.342372
1656.738281	3.362185
1657.470703	1.315035
1658.203125	2.905065
1658.935547	1.567185
1659.667969	1.312911
1660.400391	4.269591
1661.132812	2.014823
1661.865234	1.322276
1662.597656	2.317053
1663.330078	2.181111
1664.062500	1.051976
1664.794922	2.728350
1665.527344	1.880985
1666.259766	1.886124
1666.992188	3.431020
1667.724609	1.428227
1668.457031	1.265917
1669.189453	3.897959
1669.921875	3.018027
1670.654297	1.503768
1671.386719	3.888378
1672.119141	1.435210
1672.851562	0.464579
1673.583984	1.797786
1674.316406	2.694430
1675.048828	0.943880
1675.781250	1.852944
1676.513672	2.481352
1677.246094	2.678685
1677.978516	1.739227
1678.710938	1.314599
1679.443359	2.845759
1680.175781	1.616553
1680.908203	2.811184
1681.640625	0.871382
1682.373047	1.979882
1683.105469	5.376210
1683.837891	2.814929
1684.570312	4.075236
1685.302734	4.254808
1686.035156	3.878484
1686.767578	4.367627
1687.500000	2.592477
1688.232422	3.979807
1688.964844	3.642565
1689.697266	2.297733
1690.429688	2.059403
1691.162109	3.434051
1691.894531	1.337531
1692.626953	0.667586
1693.359375	3.338615
1694.091797	1.538213
1694.824219	3.447526
1695.556641	0.268666
1696.289062	2.572314
1697.021484	2.377741
1697.753906	0.551064
1698.486328	3.563130
1699.218750	2.454955
1699.951172	1.442797
1700.683594	1.669505
1701.416016	0.458299
1702.148438	0.874114
1702.880859	1.672929
1703.613281	1.294457
1704.345703	0.788079
1705.078125	1.040662
1705.810547	1.137222
1706.542969	1.074483
1707.275391	1.177109
1708.007812	2.808743
1708.740234	2.257271
1709.472656	1.211216
1710.205078	1.727804
1710.937500	2.725634
1711.669922	0.660036
1712.402344	1.227497
1713.134766	0.765491
1713.867188	3.151025
1714.599609	1.565837
1715.332031	0.882651
1716.064453	2.558420
1716.796875	2.253754
1717.529297	2.007127
1718.261719	2.326434
1718.994141	1.543390
1719.726562	0.622967
1720.458984	1.333778
1721.191406	0.652023
1721.923828	1.473556
1722.656250	0.917487
1723.388672	1.487875
1724.121094	1.539682
1724.853516	1.426851
1725.585938	2.576682
1726.318359	2.900592
1727.050781	0.700253
1727.783203	1.003405
1728.515625	0.874997
1729.248047	2.241674
1729.980469	1.662309
1730.712891	1.631137
1731.445312	0.751509
1732.177734	0.782266
1732.910156	1.599790
1733.642578	0.797130
1734.375000	1.849593
1735.107422	0.783790
1735.839844	1.365488
1736.572266	1.249921
1737.304688	1.285496
1738.037109	1.252141
1738.769531	0.491314
1739.501953	1.308898
1740.234375	0.509809
1740.966797	1.861294
1741.699219	0.572915
1742.431641	0.476118
1743.164062	1.599705
1743.896484	1.656298
1744.628906	1.276445
1745.361328	0.668687
1746.093750	2.024481
1746.826172	1.001876
1747.558594	0.751889
1748.291016	1.547390
1749.023438	1.342540
1749.755859	1.408511
1750.488281	1.343768
1751.220703	0.769042
1751.953125	0.995254
1752.685547	1.872969
1753.417969	1.370029
1754.150391	1.782801
1754.882812	0.552319
1755.615234	1.472422
1756.347656	0.434585
1757.080078	1.553006
1757.812500	1.210053
1758.544922	1.534481
1759.277344	0.219599
1760.009766	1.076147
1760.742188	0.066379
1761.474609	0.915740
1762.207031	1.445577
1762.939453	1.121612
1763.671875	1.039553
1764.404297	1.589402
1765.136719	2.075125
1765.869141	0.960948
1766.601562	0.900955
1767.333984	1.172168
1768.066406	0.510524
1768.798828	3.165069
1769.531250	2.712745
1770.263672	1.069121
1770.996094	0.926473
1771.728516	1.351762
1772.460938	1.250654
1773.193359	1.856639
1773.925781	0.852793
1774.658203	3.704836
1775.390625	1.496181
1776.123047	1.468562
1776.855469	1.883659
1777.587891	0.765875
1778.320312	1.257466
1779.052734	2.109547
1779.785156	3.682324
1780.517578	2.463085
1781.250000	1.962746
1781.982422	0.793213
1782.714844	1.757025
1783.447266	1.256465
1784.179688	2.254316
1784.912109	1.375080
1785.644531	2.111688
1786.376953	1.840514
1787.109375	0.895122
1787.841797	2.077933
1788.574219	0.750128
1789.306641	0.915689
1790.039062	1.079787
1790.771484	2.384067
1791.503906	1.684113
1792.236328	2.575023
1792.968750	1.373843
1793.701172	3.114257
1794.433594	2.001772
1795.166016	3.339982
1795.898438	6.414817
1796.630859	5.682730
1797.363281	4.517460
1798.095703	6.992913
1798.828125	7.435658
1799.560547	6.546343
1800.292969	4.208859
1801.025391	5.752795
1801.757812	8.651010
1802.490234	3.717875
1803.222656	5.833374
1803.955078	4.229997
1804.687500	6.630714
1805.419922	2.345399
1806.152344	7.807718
1806.884766	3.193501
1807.617188	2.233841
1808.349609	5.361239
1809.082031	4.927459
1809.814453	3.162939
1810.546875	0.867648
1811.279297	8.238339
1812.011719	4.029448
1812.744141	3.952023
1813.476562	1.913356
1814.208984	1.886802
1814.941406	1.854684
1815.673828	4.643509
1816.406250	3.359539
1817.138672	4.470090
1817.871094	1.246547
1818.603516	1.080270
1819.335938	0.733766
1820.068359	1.380160
1820.800781	0.770676
1821.533203	0.915245
1822.265625	1.219098
1822.998047	1.282110
1823.730469	1.977928
1824.462891	1.916275
1825.195312	1.289333
1825.927734	2.689891
1826.660156	1.462210
1827.392578	1.859998
1828.125000	0.739999
1828.857422	1.988283
1829.589844	1.677774
1830.322266	0.894967
1831.054688	0.902494
1831.787109	0.684606
1832.519531	1.922695
1833.251953	1.820251
1833.984375	2.553342
1834.716797	2.868827
1835.449219	1.852858
1836.181641	0.671814
1836.914062	2.670777
1837.646484	0.299443
1838.378906	1.634097
1839.111328	0.520894
1839.843750	0.176027
1840.576172	2.083767
1841.308594	1.058770
1842.041016	1.557898
1842.773438	1.330392
1843.505859	1.721735
1844.238281	0.752859
1844.970703	1.794074
1845.703125	1.057989
1846.435547	0.262758
1847.167969	0.593665
1847.900391	1.106734
1848.632812	0.296062
1849.365234	1.401138
1850.097656	1.391669
1850.830078	1.647166
1851.562500	1.354852
1852.294922	1.233699
1853.027344	1.630372
1853.759766	1.596778
1854.492188	0.712537
1855.224609	0.892156
1855.957031	0.994914
1856.689453	1.836366
1857.421875	1.192862
1858.154297	2.477832
1858.886719	0.397813
1859.619141	0.656274
1860.351562	0.949600
1861.083984	1.780083
1861.816406	0.893319
1862.548828	0.333195
1863.281250	1.388804
1864.013672	0.607577
1864.746094	1.438854
1865.478516	1.507985
1866.210938	0.534642
1866.943359	2.297444
1867.675781	2.011411
1868.408203	0.381618
1869.140625	1.388987
1869.873047	1.498265
1870.605469	0.837133
1871.337891	1.969448
1872.070312	1.062869
1872.802734	1.105334
1873.535156	2.059734
1874.267578	2.637913
1875.000000	1.171611
1875.732422	2.067140
1876.464844	1.499704
1877.197266	0.797520
1877.929688	2.028426
1878.662109	0.973603
1879.394531	0.879524
1880.126953	0.267382
1880.859375	0.684475
1881.591797	0.563911
1882.324219	1.715823
1883.056641	1.734660
1883.789062	2.234090
1884.521484	0.998338
1885.253906	1.906792
1885.986328	1.989485
1886.718750	0.913953
1887.451172	2.280250
1888.183594	2.231278
1888.916016	1.360166
1889.648438	2.939046
1890.380859	1.781986
1891.113281	1.040530
1891.845703	3.155884
1892.578125	2.871784
1893.310547	0.580273
1894.042969	1.967929
1894.775391	0.996163
1895.507812	1.315241
1896.240234	1.613022
1896.972656	1.724239
1897.705078	2.052844
1898.437500	1.236485
1899.169922	0.665468
1899.902344	0.751417
1900.634766	1.549430
1901.367188	1.340513
1902.099609	1.035379
1902.832031	1.343224
1903.564453	1.365263
1904.296875	0.995898
1905.029297	2.104311
1905.761719	0.283246
1906.494141	2.147077
1907.226562	0.353862
1907.958984	0.487175
1908.691406	1.311846
1909.423828	0.290262
1910.156250	1.728593
1910.888672	1.807789
1911.621094	1.073175
1912.353516	0.983324
1913.085938	1.971673
1913.818359	1.566107
1914.550781	1.081119
1915.283203	1.322107
1916.015625	1.529957
1916.748047	0.719374
1917.480469	1.809058
1918.212891	1.538500
1918.945312	1.409289
1919.677734	0.573855
1920.410156	1.297370
1921.142578	2.024425
1921.875000	1.381322
1922.607422	0.815023
1923.339844	0.407040
1924.072266	1.561663
1924.804688	1.412886
1925.537109	0.639860
1926.269531	1.448500
1927.001953	1.444196
1927.734375	2.144004
1928.466797	0.764546
1929.199219	2.113440
1929.931641	1.579758
1930.664062	1.515044
1931.396484	1.814751
1932.128906	1.906423
1932.861328	0.388402
1933.593750	1.763018
1934.326172	1.343346
1935.058594	2.187576
1935.791016	2.369751
1936.523438	0.360704
1937.255859	0.605677
1937.988281	2.793651
1938.720703	0.542258
1939.453125	2.134877
1940.185547	0.166540
1940.917969	1.853971
1941.650391	1.907612
1942.382812	1.341751
1943.115234	1.241274
1943.847656	1.768310
1944.580078	1.128287
1945.312500	0.632205
1946.044922	0.873396
1946.777344	1.954986
1947.509766	1.710966
1948.242188	1.634476
1948.974609	2.394898
1949.707031	1.549009
1950.439453	1.672889
1951.171875	2.113927
1951.904297	1.686264
1952.636719	1.714757
1953.369141	1.814037
1954.101562	0.817721
1954.833984	1.894055
1955.566406	1.327511
1956.298828	1.436360
1957.031250	1.819549
1957.763672	1.672535
1958.496094	0.401960
1959.228516	1.489769
1959.960938	1.519697
1960.693359	0.764126
1961.425781	1.854533
1962.158203	0.413717
1962.890625	1.168161
1963.623047	1.996722
1964.355469	1.300058
1965.087891	0.885560
1965.820312	1.165276
1966.552734	1.403493
1967.285156	0.964937
1968.017578	1.090153
1968.750000	1.409772
1969.482422	0.882070
1970.214844	1.180512
1970.947266	2.268691
1971.679688	0.604804
1972.412109	0.421429
1973.144531	1.022143
1973.876953	1.368629
1974.609375	1.122795
1975.341797	1.981009
1976.074219	0.498497
1976.806641	0.370309
1977.539062	0.213559
1978.271484	1.026546
1979.003906	1.183322
1979.736328	2.139903
1980.468750	0.868740
1981.201172	0.017982
1981.933594	0.963502
1982.666016	1.111317
1983.398438	0.494704
1984.130859	0.785161
1984.863281	1.000198
1985.595703	1.459777
1986.328125	1.414112
1987.060547	1.966345
1987.792969	1.457373
1988.525391	1.154315
1989.257812	1.131266
1989.990234	1.244365
1990.722656	0.380623
1991.455078	1.582321
1992.187500	1.701296
1992.919922	2.466733
1993.652344	0.239233
1994.384766	1.777865
1995.117188	0.448617
1995.849609	1.559270
1996.582031	1.628103
1997.314453	1.109851
1998.046875	0.525991
1998.779297	1.706440
