0.000000	0.541077
0.732422	1.458902
1.464844	2.553629
2.197266	5.195944
2.929688	2.954102
3.662109	1.985857
4.394531	4.766661
5.126953	3.903964
5.859375	9.207733
6.591797	2.021710
7.324219	7.407947
8.056641	2.760110
8.789062	2.030428
9.521484	4.911473
10.253906	4.941563
10.986328	2.365603
11.718750	2.052549
12.451172	3.374363
13.183594	5.790209
13.916016	2.689471
14.648438	1.341767
15.380859	3.415760
16.113281	4.269424
16.845703	6.987095
17.578125	9.127800
18.310547	7.218030
19.042969	4.203017
19.775391	1.387477
20.507812	1.600267
21.240234	8.984146
21.972656	11.698331
22.705078	8.302044
23.437500	5.067809
24.169922	10.997391
24.902344	2.503315
25.634766	3.853532
26.367188	4.324187
27.099609	3.368162
27.832031	4.720754
28.564453	18.444037
29.296875	18.494395
30.029297	12.119721
30.761719	0.744400
31.494141	9.762321
32.226562	7.900225
32.958984	14.963126
33.691406	8.740722
34.423828	1.973195
35.156250	6.061917
35.888672	15.406524
36.621094	8.239357
37.353516	8.598038
38.085938	10.297506
38.818359	1.122694
39.550781	9.866556
40.283203	8.823478
41.015625	9.261567
41.748047	10.379615
42.480469	7.333418
43.212891	14.102279
43.945312	30.819775
44.677734	5.709484
45.410156	4.885088
46.142578	15.886432
46.875000	26.472120
47.607422	25.209797
48.339844	24.539727
49.072266	63.442951
49.804688	34.142710
50.537109	15.385349
51.269531	26.971101
52.001953	43.503679
52.734375	11.842681
53.466797	25.131671
54.199219	5.667176
54.931641	5.494294
55.664062	11.708225
56.396484	11.288583
57.128906	28.231254
57.861328	24.423349
58.593750	14.748019
59.326172	13.916370
60.058594	35.972904
60.791016	18.276678
61.523438	29.315747
62.255859	27.197751
62.988281	5.560505
63.720703	36.799337
64.453125	35.093832
65.185547	20.697172
65.917969	14.523473
66.650391	22.655571
67.382812	14.079060
68.115234	19.491340
68.847656	26.539531
69.580078	16.607196
70.312500	19.097663
71.044922	47.359263
71.777344	29.377733
72.509766	43.218547
73.242188	33.069843
73.974609	14.129421
74.707031	13.479130
75.439453	52.509858
76.171875	55.866371
76.904297	60.861107
77.636719	21.158868
78.369141	23.187133
79.101562	20.138927
79.833984	17.760844
80.566406	27.433951
81.298828	62.604621
82.031250	14.454748
82.763672	26.069650
83.496094	22.943718
84.228516	33.616426
84.960938	27.087685
85.693359	19.505723
86.425781	24.124156
87.158203	39.028076
87.890625	20.117461
88.623047	3.797499
89.355469	15.047116
90.087891	21.721981
90.820312	17.876899
91.552734	10.016360
92.285156	12.138434
93.017578	18.870714
93.750000	28.803469
94.482422	16.336551
95.214844	10.889293
95.947266	21.984696
96.679688	17.555273
97.412109	22.966414
98.144531	4.924848
98.876953	5.569374
99.609375	24.622397
100.341797	28.618490
101.074219	13.032796
101.806641	10.045182
102.539062	8.200685
103.271484	15.982656
104.003906	12.069916
104.736328	3.390981
105.468750	14.420818
106.201172	14.293879
106.933594	14.137899
107.666016	7.461608
108.398438	18.116276
109.130859	19.703710
109.863281	9.927898
110.595703	9.128578
111.328125	8.916115
112.060547	19.660080
112.792969	40.172131
113.525391	13.237775
114.257812	8.899808
114.990234	31.780554
115.722656	25.108091
116.455078	5.794511
117.187500	20.874973
117.919922	24.021053
118.652344	22.261136
119.384766	16.710520
120.117188	12.886425
120.849609	5.156980
121.582031	8.367718
122.314453	13.099651
123.046875	23.444879
123.779297	22.568621
124.511719	14.797231
125.244141	17.009740
125.976562	20.578503
126.708984	8.020658
127.441406	2.714104
128.173828	4.550505
128.906250	4.567430
129.638672	18.670586
130.371094	1.562303
131.103516	15.366114
131.835938	5.904380
132.568359	18.326523
133.300781	0.960891
134.033203	12.391643
134.765625	10.640375
135.498047	12.390398
136.230469	4.867998
136.962891	18.004596
137.695312	19.830043
138.427734	3.861419
139.160156	16.172330
139.892578	10.091350
140.625000	2.868452
141.357422	1.063173
142.089844	21.671079
142.822266	8.477964
143.554688	6.848018
144.287109	19.147933
145.019531	17.297804
145.751953	6.959463
146.484375	4.116112
147.216797	8.525208
147.949219	7.339608
148.681641	10.439759
149.414062	12.511571
150.146484	2.473316
150.878906	4.684519
151.611328	6.097595
152.343750	2.346435
153.076172	9.793954
153.808594	12.329891
154.541016	9.856429
155.273438	11.250275
156.005859	12.122262
156.738281	10.156454
157.470703	11.758826
158.203125	16.141564
158.935547	11.910380
159.667969	10.254097
160.400391	8.613331
161.132812	13.580651
161.865234	11.664802
162.597656	10.859302
163.330078	11.226409
164.062500	13.931032
164.794922	7.417724
165.527344	9.413057
166.259766	8.867519
166.992188	4.510474
167.724609	1.664576
168.457031	0.664687
169.189453	5.312087
169.921875	9.516109
170.654297	6.853106
171.386719	10.349588
172.119141	1.662411
172.851562	13.583000
173.583984	9.995086
174.316406	6.081867
175.048828	5.643706
175.781250	6.417608
176.513672	16.034936
177.246094	9.411076
177.978516	5.376141
178.710938	3.994847
179.443359	10.867197
180.175781	2.596902
180.908203	5.632731
181.640625	7.343283
182.373047	4.839262
183.105469	4.168620
183.837891	3.867474
184.570312	1.029467
185.302734	6.410280
186.035156	8.969286
186.767578	12.255313
187.500000	5.184818
188.232422	6.644879
188.964844	14.673171
189.697266	4.266248
190.429688	5.649619
191.162109	7.345226
191.894531	7.631664
192.626953	5.109344
193.359375	5.981540
194.091797	5.126696
194.824219	13.053301
195.556641	2.926846
196.289062	6.984831
197.021484	7.436616
197.753906	7.916295
198.486328	5.167933
199.218750	5.338761
199.951172	13.762605
200.683594	3.855302
201.416016	5.665633
202.148438	3.868864
202.880859	5.390513
203.613281	0.361159
204.345703	3.689366
205.078125	3.818254
205.810547	4.754560
206.542969	2.771408
207.275391	10.178704
208.007812	5.296326
208.740234	14.118868
209.472656	3.775964
210.205078	11.693903
210.937500	4.996390
211.669922	3.298133
212.402344	10.095266
213.134766	10.955279
213.867188	5.550758
214.599609	15.259443
215.332031	9.946273
216.064453	13.400594
216.796875	13.923515
217.529297	19.977176
218.261719	41.765244
218.994141	12.527953
219.726562	13.353302
220.458984	3.361216
221.191406	10.131420
221.923828	17.467659
222.656250	24.821592
223.388672	10.663998
224.121094	38.754884
224.853516	114.253092
225.585938	67.471069
226.318359	94.422897
227.050781	65.996420
227.783203	18.720261
228.515625	11.125653
229.248047	26.819413
229.980469	3.519408
230.712891	5.282365
231.445312	9.305353
232.177734	12.398756
232.910156	8.095444
233.642578	7.248093
234.375000	4.053300
235.107422	17.947417
235.839844	4.194250
236.572266	7.788524
237.304688	3.788564
238.037109	2.783038
238.769531	4.725409
239.501953	6.030717
240.234375	10.902202
240.966797	3.538774
241.699219	9.155001
242.431641	7.550406
243.164062	7.819182
243.896484	12.751014
244.628906	9.144255
245.361328	9.324628
246.093750	3.833551
246.826172	11.938547
247.558594	5.290211
248.291016	6.556099
249.023438	4.504009
249.755859	3.690116
250.488281	8.204230
251.220703	3.543166
251.953125	6.486743
252.685547	5.064669
253.417969	8.210694
254.150391	9.623136
254.882812	5.924394
255.615234	5.445021
256.347656	6.482359
257.080078	8.821586
257.812500	6.627111
258.544922	4.748666
259.277344	2.652788
260.009766	8.278631
260.742188	6.879165
261.474609	1.777206
262.207031	5.559834
262.939453	9.243102
263.671875	4.311258
264.404297	6.939732
265.136719	10.288587
265.869141	1.376840
266.601562	1.101168
267.333984	3.021819
268.066406	10.182635
268.798828	2.991702
269.531250	10.314295
270.263672	2.908862
270.996094	6.315569
271.728516	3.845802
272.460938	0.979681
273.193359	4.448449
273.925781	11.416017
274.658203	7.939677
275.390625	12.680784
276.123047	5.264219
276.855469	10.952170
277.587891	1.126391
278.320312	10.690571
279.052734	8.316092
279.785156	5.671172
280.517578	2.553658
281.250000	11.324840
281.982422	6.025187
282.714844	8.651310
283.447266	4.449175
284.179688	6.866156
284.912109	5.049189
285.644531	3.205021
286.376953	2.750753
287.109375	9.861361
287.841797	8.625171
288.574219	5.926959
289.306641	6.721436
290.039062	3.186795
290.771484	9.431232
291.503906	9.479142
292.236328	9.552129
292.968750	5.077856
293.701172	12.509013
294.433594	9.025309
295.166016	2.688588
295.898438	7.031348
296.630859	7.068104
297.363281	3.345060
298.095703	2.481535
298.828125	2.659862
299.560547	5.687174
300.292969	5.152292
301.025391	7.363223
301.757812	5.570154
302.490234	3.491111
303.222656	1.333914
303.955078	6.369038
304.687500	3.330820
305.419922	5.862238
306.152344	2.677655
306.884766	3.417285
307.617188	3.919703
308.349609	9.129220
309.082031	2.127116
309.814453	4.009519
310.546875	1.115104
311.279297	2.825474
312.011719	2.873540
312.744141	4.047743
313.476562	2.413160
314.208984	6.329817
314.941406	9.180568
315.673828	3.630074
316.406250	4.115606
317.138672	4.509736
317.871094	3.170951
318.603516	4.499583
319.335938	5.584338
320.068359	2.729162
320.800781	5.076776
321.533203	1.434362
322.265625	4.094830
322.998047	3.775211
323.730469	4.920796
324.462891	4.345897
325.195312	1.306032
325.927734	6.875003
326.660156	7.602866
327.392578	4.478356
328.125000	7.437660
328.857422	6.481496
329.589844	4.479438
330.322266	8.409339
331.054688	2.893713
331.787109	5.100595
332.519531	1.840168
333.251953	1.269910
333.984375	5.364170
334.716797	7.210189
335.449219	7.185518
336.181641	13.665175
336.914062	30.148424
337.646484	58.525294
338.378906	29.588160
339.111328	19.766051
339.843750	32.076442
340.576172	17.719455
341.308594	9.442836
342.041016	12.759363
342.773438	2.108806
343.505859	7.303956
344.238281	5.844358
344.970703	1.400236
345.703125	5.435716
346.435547	5.502554
347.167969	5.325792
347.900391	2.131527
348.632812	9.704542
349.365234	4.695272
350.097656	5.975846
350.830078	1.694193
351.562500	4.559103
352.294922	2.001501
353.027344	3.591247
353.759766	2.505871
354.492188	6.666230
355.224609	3.225311
355.957031	4.726156
356.689453	1.444440
357.421875	0.203822
358.154297	2.324411
358.886719	1.748043
359.619141	4.271777
360.351562	2.900042
361.083984	3.045063
361.816406	9.418054
362.548828	4.823655
363.281250	7.346087
364.013672	8.477726
364.746094	8.134857
365.478516	6.646728
366.210938	4.477172
366.943359	7.634659
367.675781	2.906328
368.408203	3.924825
369.140625	6.511596
369.873047	9.243545
370.605469	10.696321
371.337891	1.785260
372.070312	4.549765
372.802734	5.004134
373.535156	5.055107
374.267578	7.315330
375.000000	5.760678
375.732422	3.428796
376.464844	4.624438
377.197266	5.820599
377.929688	7.469514
378.662109	1.525857
379.394531	3.339153
380.126953	1.448015
380.859375	5.674926
381.591797	1.980872
382.324219	3.426063
383.056641	6.240386
383.789062	4.663274
384.521484	4.219292
385.253906	4.719831
385.986328	6.032029
386.718750	2.406083
387.451172	5.091033
388.183594	4.044414
388.916016	7.103890
389.648438	7.431308
390.380859	1.858314
391.113281	5.901464
391.845703	10.178167
392.578125	4.462795
393.310547	4.204217
394.042969	3.269806
394.775391	5.264971
395.507812	4.182254
396.240234	4.255564
396.972656	4.486427
397.705078	11.643502
398.437500	4.345535
399.169922	5.692849
399.902344	3.081705
400.634766	8.486574
401.367188	3.982932
402.099609	4.320000
402.832031	5.207175
403.564453	4.911124
404.296875	4.793671
405.029297	5.475534
405.761719	1.548210
406.494141	2.770235
407.226562	5.950817
407.958984	4.812308
408.691406	4.750413
409.423828	8.454499
410.156250	5.168043
410.888672	5.973151
411.621094	6.006678
412.353516	3.486592
413.085938	4.843788
413.818359	6.291732
414.550781	2.174475
415.283203	3.695723
416.015625	1.757471
416.748047	5.559637
417.480469	5.344440
418.212891	4.359916
418.945312	5.226981
419.677734	5.682625
420.410156	8.215037
421.142578	8.139878
421.875000	1.710292
422.607422	1.969353
423.339844	1.520968
424.072266	11.672873
424.804688	5.702829
425.537109	8.048729
426.269531	6.551407
427.001953	4.504822
427.734375	3.896401
428.466797	3.060096
429.199219	9.097873
429.931641	6.998484
430.664062	6.550578
431.396484	2.449816
432.128906	2.714103
432.861328	8.747319
433.593750	4.160637
434.326172	5.135923
435.058594	10.202896
435.791016	8.878756
436.523438	6.444736
437.255859	3.913901
437.988281	13.139342
438.720703	14.623446
439.453125	3.661436
440.185547	5.506722
440.917969	11.819450
441.650391	12.037107
442.382812	10.794672
443.115234	13.606359
443.847656	10.262398
444.580078	16.242060
445.312500	1.355121
446.044922	16.225602
446.777344	14.979537
447.509766	14.732243
448.242188	26.305965
448.974609	78.759791
449.707031	112.831700
450.439453	117.689083
451.171875	27.501426
451.904297	28.836745
452.636719	69.276286
453.369141	48.838397
454.101562	17.301006
454.833984	32.626290
455.566406	19.633917
456.298828	1.682626
457.031250	4.350746
457.763672	13.177495
458.496094	9.183877
459.228516	6.547728
459.960938	5.134482
460.693359	10.374864
461.425781	9.071190
462.158203	4.463955
462.890625	6.319646
463.623047	11.192384
464.355469	9.366531
465.087891	1.184636
465.820312	9.892400
466.552734	5.951797
467.285156	1.263318
468.017578	6.082641
468.750000	6.668067
469.482422	7.181364
470.214844	0.606751
470.947266	5.649771
471.679688	3.359924
472.412109	1.415003
473.144531	0.933273
473.876953	6.109501
474.609375	6.299217
475.341797	2.445158
476.074219	2.169706
476.806641	1.109949
477.539062	5.728966
478.271484	2.063401
479.003906	8.234925
479.736328	3.514325
480.468750	4.850849
481.201172	0.582138
481.933594	3.972191
482.666016	3.672704
483.398438	5.412178
484.130859	8.226528
484.863281	3.110325
485.595703	4.114072
486.328125	3.453883
487.060547	3.896167
487.792969	3.641497
488.525391	3.132779
489.257812	2.088656
489.990234	5.144888
490.722656	6.072423
491.455078	3.903493
492.187500	3.506282
492.919922	3.988888
493.652344	2.632764
494.384766	8.218077
495.117188	6.183209
495.849609	1.144635
496.582031	5.291817
497.314453	2.636985
498.046875	4.531040
498.779297	4.446976
499.511719	5.452156
500.244141	0.840734
500.976562	5.062371
501.708984	0.742515
502.441406	2.567916
503.173828	7.102456
503.906250	6.766685
504.638672	6.341949
505.371094	2.880708
506.103516	4.282798
506.835938	8.783964
507.568359	4.915613
508.300781	3.119229
509.033203	2.264474
509.765625	4.328924
510.498047	6.737018
511.230469	4.994410
511.962891	3.036137
512.695312	3.347363
513.427734	3.095238
514.160156	5.722858
514.892578	2.093933
515.625000	2.642305
516.357422	4.130871
517.089844	1.203763
517.822266	3.445838
518.554688	2.477423
519.287109	4.165309
520.019531	4.405426
520.751953	3.116836
521.484375	3.460213
522.216797	1.843737
522.949219	2.635046
523.681641	3.223019
524.414062	3.719394
525.146484	4.337865
525.878906	0.667954
526.611328	3.635646
527.343750	6.619411
528.076172	4.901143
528.808594	6.741854
529.541016	3.812877
530.273438	3.032564
531.005859	3.096916
531.738281	4.574114
532.470703	6.383379
533.203125	3.366011
533.935547	1.274520
534.667969	2.214902
535.400391	2.359382
536.132812	6.197757
536.865234	0.729418
537.597656	6.583469
538.330078	6.268315
539.062500	3.498748
539.794922	0.390379
540.527344	0.319615
541.259766	2.473413
541.992188	4.215899
542.724609	2.629981
543.457031	5.345709
544.189453	7.779712
544.921875	1.786893
545.654297	2.074846
546.386719	4.491084
547.119141	6.333336
547.851562	2.030959
548.583984	1.920728
549.316406	5.432643
550.048828	3.936061
550.781250	4.822100
551.513672	2.262065
552.246094	2.774709
552.978516	2.647383
553.710938	3.314131
554.443359	5.712408
555.175781	6.594608
555.908203	3.979042
556.640625	1.032195
557.373047	1.945627
558.105469	2.683975
558.837891	3.841845
559.570312	3.923941
560.302734	1.541888
561.035156	3.714685
561.767578	6.824820
562.500000	5.993402
563.232422	2.439500
563.964844	5.784396
564.697266	8.505342
565.429688	11.587207
566.162109	6.225562
566.894531	20.091838
567.626953	13.171088
568.359375	8.620588
569.091797	7.989312
569.824219	2.292196
570.556641	0.356943
571.289062	2.571880
572.021484	0.737585
572.753906	1.736216
573.486328	1.010752
574.218750	1.448617
574.951172	2.857506
575.683594	1.807434
576.416016	2.398032
577.148438	5.223478
577.880859	4.465680
578.613281	6.725269
579.345703	2.306582
580.078125	7.421582
580.810547	4.138438
581.542969	4.211887
582.275391	6.342598
583.007812	2.541961
583.740234	4.515614
584.472656	8.679484
585.205078	4.802293
585.937500	9.122364
586.669922	2.881426
587.402344	5.318544
588.134766	9.695647
588.867188	5.032351
589.599609	4.114541
590.332031	3.071229
591.064453	1.280456
591.796875	5.795166
592.529297	5.811589
593.261719	2.635726
593.994141	5.585125
594.726562	5.237327
595.458984	6.803936
596.191406	1.404524
596.923828	2.389444
597.656250	1.832916
598.388672	1.795379
599.121094	1.475526
599.853516	2.586286
600.585938	3.739716
601.318359	3.497039
602.050781	1.196836
602.783203	2.616441
603.515625	4.128379
604.248047	2.370602
604.980469	7.017625
605.712891	3.323598
606.445312	2.005583
607.177734	5.928204
607.910156	4.584024
608.642578	5.202144
609.375000	2.111162
610.107422	1.481622
610.839844	3.771300
611.572266	2.245656
612.304688	1.812918
613.037109	5.237974
613.769531	3.889556
614.501953	1.798521
615.234375	4.079978
615.966797	1.016660
616.699219	1.474698
617.431641	4.603353
618.164062	5.788708
618.896484	5.875135
619.628906	1.906232
620.361328	9.425621
621.093750	3.120294
621.826172	1.812695
622.558594	6.275543
623.291016	2.779083
624.023438	5.012840
624.755859	4.414096
625.488281	4.498755
626.220703	0.588268
626.953125	1.188704
627.685547	4.790340
628.417969	2.063830
629.150391	2.190453
629.882812	5.954868
630.615234	0.943925
631.347656	5.905909
632.080078	2.110062
632.812500	3.327193
633.544922	1.220972
634.277344	3.648125
635.009766	1.669612
635.742188	4.479761
636.474609	1.723734
637.207031	2.087172
637.939453	2.998672
638.671875	5.413481
639.404297	6.226382
640.136719	1.669819
640.869141	3.620227
641.601562	2.744089
642.333984	2.148614
643.066406	4.508821
643.798828	3.700558
644.531250	3.605917
645.263672	3.474900
645.996094	1.948098
646.728516	7.921298
647.460938	4.638307
648.193359	4.279327
648.925781	3.466411
649.658203	7.974486
650.390625	3.790254
651.123047	1.773917
651.855469	8.911671
652.587891	7.831797
653.320312	3.652944
654.052734	3.544275
654.785156	3.898559
655.517578	0.088648
656.250000	6.175258
656.982422	4.784315
657.714844	3.592908
658.447266	6.133206
659.179688	6.514511
659.912109	3.233003
660.644531	3.876622
661.376953	7.977302
662.109375	5.130745
662.841797	8.599777
663.574219	4.191081
664.306641	7.638166
665.039062	2.801753
665.771484	3.166105
666.503906	3.117253
667.236328	15.146467
667.968750	22.823785
668.701172	15.658223
669.433594	11.595962
670.166016	29.793355
670.898438	42.103264
671.630859	26.083868
672.363281	30.089655
673.095703	58.604382
673.828125	109.587750
674.560547	78.833493
675.292969	54.897218
676.025391	87.486099
676.757812	30.171093
677.490234	27.892758
678.222656	22.738159
678.955078	44.246893
679.687500	40.502552
680.419922	43.587127
681.152344	50.595358
681.884766	36.164221
682.617188	8.270426
683.349609	20.209921
684.082031	21.436887
684.814453	5.126619
685.546875	14.427667
686.279297	8.623916
687.011719	13.610417
687.744141	8.457721
688.476562	6.649529
689.208984	4.150578
689.941406	5.422132
690.673828	11.846198
691.406250	1.197824
692.138672	3.376940
692.871094	4.666609
693.603516	2.077848
694.335938	3.599845
695.068359	2.596228
695.800781	3.695116
696.533203	4.101976
697.265625	5.700719
697.998047	2.994249
698.730469	8.818432
699.462891	1.302275
700.195312	1.444517
700.927734	4.308673
701.660156	2.209313
702.392578	3.862291
703.125000	7.319175
703.857422	5.583457
704.589844	1.311533
705.322266	2.593316
706.054688	8.171898
706.787109	1.442843
707.519531	6.128548
708.251953	4.012924
708.984375	4.980643
709.716797	6.169508
710.449219	2.031856
711.181641	2.052214
711.914062	7.643732
712.646484	2.686055
713.378906	6.829499
714.111328	6.689958
714.843750	0.605743
715.576172	1.493015
716.308594	6.698313
717.041016	1.799971
717.773438	5.541633
718.505859	2.035792
719.238281	6.371944
719.970703	5.112787
720.703125	1.800308
721.435547	4.321565
722.167969	2.231784
722.900391	2.473937
723.632812	1.101772
724.365234	1.983198
725.097656	5.711830
725.830078	2.053342
726.562500	1.053318
727.294922	8.288486
728.027344	6.858600
728.759766	3.427929
729.492188	4.195028
730.224609	5.266935
730.957031	4.582511
731.689453	1.703701
732.421875	1.189148
733.154297	3.548914
733.886719	1.419031
734.619141	1.347421
735.351562	1.526163
736.083984	9.065286
736.816406	6.764895
737.548828	3.407669
738.281250	2.195385
739.013672	4.610984
739.746094	1.201752
740.478516	7.617510
741.210938	0.937208
741.943359	6.146186
742.675781	2.475584
743.408203	5.474823
744.140625	2.041832
744.873047	2.582233
745.605469	3.142323
746.337891	2.133955
747.070312	0.677833
747.802734	5.248513
748.535156	1.875431
749.267578	2.319935
750.000000	4.375395
750.732422	2.950687
751.464844	3.795958
752.197266	2.629156
752.929688	2.572475
753.662109	3.600858
754.394531	1.886972
755.126953	0.690192
755.859375	4.710721
756.591797	1.846261
757.324219	3.156792
758.056641	3.306562
758.789062	4.083320
759.521484	0.538108
760.253906	5.302900
760.986328	2.793113
761.718750	3.652156
762.451172	2.739083
763.183594	8.734430
763.916016	3.889830
764.648438	3.500899
765.380859	3.412392
766.113281	1.333744
766.845703	0.687788
767.578125	0.419499
768.310547	4.146508
769.042969	2.838205
769.775391	0.713817
770.507812	1.338929
771.240234	4.778425
771.972656	2.595849
772.705078	2.170127
773.437500	3.445455
774.169922	4.012207
774.902344	3.699603
775.634766	3.821470
776.367188	1.039918
777.099609	1.443359
777.832031	1.963774
778.564453	3.125316
779.296875	5.511352
780.029297	6.894130
780.761719	5.400603
781.494141	6.205920
782.226562	4.900495
782.958984	7.682757
783.691406	12.336443
784.423828	12.596446
785.156250	9.921382
785.888672	11.464587
786.621094	15.486504
787.353516	9.772142
788.085938	8.398906
788.818359	6.463835
789.550781	5.972496
790.283203	4.528002
791.015625	14.450895
791.748047	2.527054
792.480469	5.729311
793.212891	11.394028
793.945312	1.260883
794.677734	4.836661
795.410156	1.734763
796.142578	6.577875
796.875000	3.455430
797.607422	3.046413
798.339844	1.644478
799.072266	8.015938
799.804688	5.051234
800.537109	4.116463
801.269531	2.179274
802.001953	6.682558
802.734375	3.159214
803.466797	1.119441
804.199219	3.174323
804.931641	1.765146
805.664062	2.498839
806.396484	2.276773
807.128906	4.289750
807.861328	4.957749
808.593750	6.099747
809.326172	6.512764
810.058594	5.230464
810.791016	5.004254
811.523438	6.700093
812.255859	1.185333
812.988281	1.075274
813.720703	2.357253
814.453125	5.496701
815.185547	2.127169
815.917969	3.947789
816.650391	1.455047
817.382812	3.371743
818.115234	3.062181
818.847656	6.020410
819.580078	3.326147
820.312500	2.608486
821.044922	2.273339
821.777344	1.940531
822.509766	1.489340
823.242188	3.048184
823.974609	2.847957
824.707031	3.035158
825.439453	4.761972
826.171875	1.532745
826.904297	3.642947
827.636719	3.089256
828.369141	3.321984
829.101562	3.566959
829.833984	1.776636
830.566406	3.183286
831.298828	3.087045
832.031250	1.806500
832.763672	3.270515
833.496094	3.685208
834.228516	0.794090
834.960938	2.555362
835.693359	7.731540
836.425781	3.431262
837.158203	1.694177
837.890625	3.736534
838.623047	3.412809
839.355469	3.483403
840.087891	4.031520
840.820312	3.148556
841.552734	5.157035
842.285156	1.800212
843.017578	1.488541
843.750000	1.643263
844.482422	3.864449
845.214844	1.540081
845.947266	6.489624
846.679688	2.436185
847.412109	2.585508
848.144531	4.280267
848.876953	2.821431
849.609375	3.648150
850.341797	1.927234
851.074219	6.907222
851.806641	3.346897
852.539062	2.866772
853.271484	2.684693
854.003906	4.455041
854.736328	4.330190
855.468750	1.048030
856.201172	2.031292
856.933594	5.266770
857.666016	3.305828
858.398438	2.599648
859.130859	5.954113
859.863281	3.856224
860.595703	2.096731
861.328125	3.315137
862.060547	1.298832
862.792969	1.480235
863.525391	1.394383
864.257812	1.426500
864.990234	3.861689
865.722656	2.881760
866.455078	0.997960
867.187500	3.185280
867.919922	2.361473
868.652344	4.770990
869.384766	4.394882
870.117188	4.554796
870.849609	2.536690
871.582031	1.306136
872.314453	7.208591
873.046875	3.746896
873.779297	2.809829
874.511719	6.452005
875.244141	3.102717
875.976562	4.844115
876.708984	0.860373
877.441406	2.045698
878.173828	5.043818
878.906250	2.531696
879.638672	4.033092
880.371094	6.203710
881.103516	3.766324
881.835938	1.881860
882.568359	0.233317
883.300781	3.945574
884.033203	2.649336
884.765625	4.587638
885.498047	5.025816
886.230469	6.088187
886.962891	6.431348
887.695312	1.643385
888.427734	4.270554
889.160156	2.741969
889.892578	6.700221
890.625000	6.087771
891.357422	5.985329
892.089844	4.585688
892.822266	7.997628
893.554688	5.967506
894.287109	5.154572
895.019531	9.000907
895.751953	5.500063
896.484375	10.886000
897.216797	14.837369
897.949219	27.515643
898.681641	18.351425
899.414062	17.655551
900.146484	30.918840
900.878906	32.814552
901.611328	6.897147
902.343750	7.322201
903.076172	24.823455
903.808594	6.149919
904.541016	11.624212
905.273438	15.220913
906.005859	18.505710
906.738281	32.297408
907.470703	21.495766
908.203125	16.642365
908.935547	14.442892
909.667969	7.932609
910.400391	3.844772
911.132812	5.039385
911.865234	4.968514
912.597656	2.818160
913.330078	5.860717
914.062500	2.094425
914.794922	2.684511
915.527344	3.670796
916.259766	4.452610
916.992188	4.761364
917.724609	1.563961
918.457031	3.319058
919.189453	4.579242
919.921875	3.975788
920.654297	3.772217
921.386719	2.744029
922.119141	3.123248
922.851562	4.351917
923.583984	6.737922
924.316406	3.419504
925.048828	5.903920
925.781250	8.215102
926.513672	4.494449
927.246094	8.121368
927.978516	3.464781
928.710938	4.210902
929.443359	4.995215
930.175781	12.290521
930.908203	3.517558
931.640625	8.246211
932.373047	3.946961
933.105469	3.748262
933.837891	5.143838
934.570312	4.196723
935.302734	6.780432
936.035156	6.325229
936.767578	2.791381
937.500000	0.366152
938.232422	6.941249
938.964844	3.619132
939.697266	2.360251
940.429688	3.581025
941.162109	5.417234
941.894531	3.326454
942.626953	4.067593
943.359375	1.662148
944.091797	1.080855
944.824219	3.677095
945.556641	1.901535
946.289062	5.791071
947.021484	1.055333
947.753906	5.895112
948.486328	3.573777
949.218750	1.418900
949.951172	6.067753
950.683594	2.694520
951.416016	3.622299
952.148438	7.535696
952.880859	3.106101
953.613281	1.035053
954.345703	5.775078
955.078125	3.647043
955.810547	2.322574
956.542969	6.105272
957.275391	2.862892
958.007812	2.255927
958.740234	2.233364
959.472656	4.476057
960.205078	3.448120
960.937500	4.077499
961.669922	6.828994
962.402344	1.378981
963.134766	3.415421
963.867188	2.961955
964.599609	4.229097
965.332031	3.782355
966.064453	0.304543
966.796875	3.838135
967.529297	1.004348
968.261719	3.949613
968.994141	2.522485
969.726562	2.922998
970.458984	5.162357
971.191406	3.812076
971.923828	1.332216
972.656250	1.961508
973.388672	4.841725
974.121094	0.906550
974.853516	6.649994
975.585938	3.084717
976.318359	1.359298
977.050781	1.598827
977.783203	3.446261
978.515625	0.817049
979.248047	2.038856
979.980469	4.380557
980.712891	2.695524
981.445312	2.059578
982.177734	2.630790
982.910156	2.604218
983.642578	2.038129
984.375000	2.303331
985.107422	3.046901
985.839844	0.542005
986.572266	1.748847
987.304688	2.351813
988.037109	3.090125
988.769531	3.213453
989.501953	1.959509
990.234375	4.249046
990.966797	5.366576
991.699219	4.134203
992.431641	2.910042
993.164062	2.839506
993.896484	2.202637
994.628906	4.782062
995.361328	2.179250
996.093750	3.247208
996.826172	6.734555
997.558594	2.363302
998.291016	0.611698
999.023438	3.358574
999.755859	2.415697
1000.488281	3.161760
1001.220703	3.105740
1001.953125	3.045084
1002.685547	5.353373
1003.417969	2.611777
1004.150391	3.583802
1004.882812	2.209434
1005.615234	6.486516
1006.347656	1.507934
1007.080078	1.050068
1007.812500	7.684684
1008.544922	14.975642
1009.277344	9.929100
1010.009766	3.071952
1010.742188	4.031522
1011.474609	2.656135
1012.207031	14.538277
1012.939453	28.677207
1013.671875	15.231742
1014.404297	6.521840
1015.136719	16.599745
1015.869141	8.532533
1016.601562	11.892627
1017.333984	5.420569
1018.066406	6.452725
1018.798828	5.484892
1019.531250	7.633599
1020.263672	7.676749
1020.996094	3.403601
1021.728516	11.777202
1022.460938	4.513701
1023.193359	3.171531
1023.925781	6.623603
1024.658203	1.958581
1025.390625	3.324213
1026.123047	2.612748
1026.855469	5.119239
1027.587891	6.144082
1028.320312	2.184791
1029.052734	2.270053
1029.785156	2.201278
1030.517578	2.188810
1031.250000	4.030170
1031.982422	1.359596
1032.714844	4.514674
1033.447266	3.817334
1034.179688	5.491417
1034.912109	5.222987
1035.644531	1.512831
1036.376953	3.855815
1037.109375	2.210288
1037.841797	1.715140
1038.574219	0.949702
1039.306641	1.207705
1040.039062	2.806597
1040.771484	3.231698
1041.503906	1.030156
1042.236328	0.596076
1042.968750	2.457375
1043.701172	4.475890
1044.433594	0.280022
1045.166016	3.743260
1045.898438	0.836272
1046.630859	1.894303
1047.363281	2.130245
1048.095703	3.596583
1048.828125	4.521448
1049.560547	0.706806
1050.292969	1.192745
1051.025391	2.335278
1051.757812	4.886255
1052.490234	2.859440
1053.222656	2.427237
1053.955078	2.340267
1054.687500	3.230891
1055.419922	2.885096
1056.152344	1.387033
1056.884766	2.307938
1057.617188	2.416953
1058.349609	2.281522
1059.082031	1.942290
1059.814453	2.389438
1060.546875	2.146348
1061.279297	3.171908
1062.011719	2.918341
1062.744141	0.731737
1063.476562	2.037151
1064.208984	2.880973
1064.941406	1.410662
1065.673828	1.138217
1066.406250	4.834618
1067.138672	2.684432
1067.871094	0.768586
1068.603516	5.159622
1069.335938	3.672362
1070.068359	3.894248
1070.800781	5.255016
1071.533203	0.699634
1072.265625	2.210043
1072.998047	3.002425
1073.730469	3.568452
1074.462891	5.249712
1075.195312	2.198807
1075.927734	1.776714
1076.660156	1.417032
1077.392578	1.521803
1078.125000	1.077532
1078.857422	3.878941
1079.589844	1.842208
1080.322266	3.003133
1081.054688	5.545445
1081.787109	1.644224
1082.519531	0.732004
1083.251953	3.352564
1083.984375	2.909023
1084.716797	1.654834
1085.449219	0.535099
1086.181641	4.016366
1086.914062	3.586378
1087.646484	1.060657
1088.378906	1.695228
1089.111328	4.397786
1089.843750	1.701337
1090.576172	0.935104
1091.308594	2.030775
1092.041016	2.848906
1092.773438	2.485530
1093.505859	1.490710
1094.238281	3.711556
1094.970703	2.146244
1095.703125	3.160809
1096.435547	1.843949
1097.167969	2.439506
1097.900391	1.323580
1098.632812	2.654525
1099.365234	5.184655
1100.097656	1.968143
1100.830078	1.470242
1101.562500	1.941084
1102.294922	0.835804
1103.027344	1.575804
1103.759766	3.621283
1104.492188	1.232957
1105.224609	1.725423
1105.957031	0.409733
1106.689453	4.397033
1107.421875	0.876498
1108.154297	1.511120
1108.886719	2.482666
1109.619141	2.234647
1110.351562	5.871011
1111.083984	2.340267
1111.816406	3.712767
1112.548828	1.202815
1113.281250	1.690531
1114.013672	0.895430
1114.746094	1.814251
1115.478516	4.440005
1116.210938	4.605077
1116.943359	2.733295
1117.675781	1.073403
1118.408203	6.549808
1119.140625	5.246233
1119.873047	4.449952
1120.605469	5.607712
1121.337891	15.270105
1122.070312	24.479705
1122.802734	26.205433
1123.535156	10.150854
1124.267578	18.365262
1125.000000	39.703613
1125.732422	35.751313
1126.464844	11.135455
1127.197266	8.909923
1127.929688	43.332796
1128.662109	15.733777
1129.394531	11.910863
1130.126953	4.495076
1130.859375	6.733725
1131.591797	22.634302
1132.324219	16.699715
1133.056641	8.769850
1133.789062	5.893840
1134.521484	7.874761
1135.253906	2.670074
1135.986328	4.004641
1136.718750	3.867490
1137.451172	5.400748
1138.183594	5.196685
1138.916016	4.471679
1139.648438	3.736901
1140.380859	3.286901
1141.113281	2.934953
1141.845703	2.312185
1142.578125	3.539713
1143.310547	2.769914
1144.042969	4.387544
1144.775391	0.082498
1145.507812	3.207444
1146.240234	4.154688
1146.972656	1.713750
1147.705078	0.636202
1148.437500	1.922910
1149.169922	2.353840
1149.902344	2.256004
1150.634766	2.356568
1151.367188	2.767165
1152.099609	3.891229
1152.832031	0.952608
1153.564453	1.046045
1154.296875	2.206583
1155.029297	1.580199
1155.761719	1.190212
1156.494141	2.605255
1157.226562	4.329951
1157.958984	2.131343
1158.691406	2.127923
1159.423828	2.110443
1160.156250	2.547523
1160.888672	2.581423
1161.621094	4.156203
1162.353516	4.236514
1163.085938	1.333931
1163.818359	2.813214
1164.550781	1.512976
1165.283203	0.921593
1166.015625	3.608244
1166.748047	2.429760
1167.480469	1.974092
1168.212891	4.027219
1168.945312	3.384100
1169.677734	2.362603
1170.410156	4.107932
1171.142578	2.662589
1171.875000	0.853965
1172.607422	0.446641
1173.339844	1.410407
1174.072266	2.631726
1174.804688	2.554149
1175.537109	2.053878
1176.269531	4.870672
1177.001953	0.802988
1177.734375	1.115082
1178.466797	2.489371
1179.199219	5.111189
1179.931641	2.913106
1180.664062	3.014575
1181.396484	1.293356
1182.128906	0.472094
1182.861328	0.887261
1183.593750	3.424031
1184.326172	3.385024
1185.058594	3.048230
1185.791016	2.936090
1186.523438	3.318993
1187.255859	2.966568
1187.988281	0.264709
1188.720703	2.456940
1189.453125	4.752403
1190.185547	0.704296
1190.917969	2.298329
1191.650391	3.363982
1192.382812	4.269299
1193.115234	2.128473
1193.847656	4.797756
1194.580078	2.546694
1195.312500	2.281851
1196.044922	2.346215
1196.777344	1.333892
1197.509766	1.962105
1198.242188	2.580886
1198.974609	1.620438
1199.707031	0.381721
1200.439453	1.428938
1201.171875	3.377922
1201.904297	4.751929
1202.636719	1.736046
1203.369141	2.459947
1204.101562	1.948215
1204.833984	1.816481
1205.566406	2.824135
1206.298828	2.757789
1207.031250	2.743517
1207.763672	4.979915
1208.496094	1.524065
1209.228516	0.899672
1209.960938	1.764587
1210.693359	2.195998
1211.425781	3.714596
1212.158203	4.496768
1212.890625	2.601940
1213.623047	4.121205
1214.355469	1.083059
1215.087891	0.405826
1215.820312	1.834832
1216.552734	3.256757
1217.285156	1.570622
1218.017578	1.037522
1218.750000	1.794409
1219.482422	0.963685
1220.214844	2.079482
1220.947266	3.058153
1221.679688	1.837590
1222.412109	0.858678
1223.144531	0.417346
1223.876953	2.224720
1224.609375	2.451457
1225.341797	1.534704
1226.074219	2.380722
1226.806641	2.311072
1227.539062	1.920301
1228.271484	4.852067
1229.003906	1.944710
1229.736328	2.090538
1230.468750	3.341252
1231.201172	3.300272
1231.933594	2.055889
1232.666016	1.521805
1233.398438	5.223680
1234.130859	6.222502
1234.863281	2.669453
1235.595703	7.701731
1236.328125	13.057422
1237.060547	18.054609
1237.792969	15.539561
1238.525391	7.636701
1239.257812	9.439032
1239.990234	12.311574
1240.722656	10.013437
1241.455078	11.112045
1242.187500	4.454300
1242.919922	6.413935
1243.652344	2.834301
1244.384766	6.769539
1245.117188	2.777527
1245.849609	9.887870
1246.582031	9.418729
1247.314453	12.296495
1248.046875	12.726836
1248.779297	8.685522
1249.511719	7.556250
1250.244141	2.481565
1250.976562	2.595665
1251.708984	1.938016
1252.441406	2.804222
1253.173828	6.141503
1253.906250	0.773002
1254.638672	1.446422
1255.371094	4.523066
1256.103516	2.652403
1256.835938	2.289364
1257.568359	0.746409
1258.300781	2.984475
1259.033203	3.953848
1259.765625	1.716492
1260.498047	1.746192
1261.230469	1.085398
1261.962891	1.693065
1262.695312	1.307864
1263.427734	0.777982
1264.160156	1.975598
1264.892578	2.743804
1265.625000	1.658210
1266.357422	1.753712
1267.089844	2.679828
1267.822266	3.181157
1268.554688	4.661936
1269.287109	3.438039
1270.019531	0.960181
1270.751953	1.388673
1271.484375	1.204951
1272.216797	1.413267
1272.949219	1.303232
1273.681641	2.651149
1274.414062	1.699640
1275.146484	1.844270
1275.878906	3.512256
1276.611328	2.346177
1277.343750	1.662728
1278.076172	3.069360
1278.808594	1.096692
1279.541016	1.565450
1280.273438	2.914487
1281.005859	2.154340
1281.738281	2.273474
1282.470703	2.807197
1283.203125	2.181429
1283.935547	4.321297
1284.667969	2.321453
1285.400391	1.854466
1286.132812	4.333145
1286.865234	1.714623
1287.597656	2.823503
1288.330078	0.499562
1289.062500	1.939385
1289.794922	4.196707
1290.527344	1.390880
1291.259766	1.957663
1291.992188	3.026466
1292.724609	2.776955
1293.457031	5.086027
1294.189453	0.943347
1294.921875	1.545718
1295.654297	3.045158
1296.386719	2.846543
1297.119141	1.347804
1297.851562	0.685636
1298.583984	2.245478
1299.316406	2.658140
1300.048828	2.206373
1300.781250	1.835547
1301.513672	3.734790
1302.246094	4.388329
1302.978516	1.426620
1303.710938	5.009125
1304.443359	3.318376
1305.175781	2.133492
1305.908203	4.308435
1306.640625	3.126264
1307.373047	3.341926
1308.105469	3.310071
1308.837891	2.941003
1309.570312	1.125099
1310.302734	2.809196
1311.035156	1.391491
1311.767578	0.202904
1312.500000	2.893222
1313.232422	3.303014
1313.964844	1.113583
1314.697266	3.044370
1315.429688	1.909058
1316.162109	1.901419
1316.894531	2.369067
1317.626953	2.679327
1318.359375	5.002499
1319.091797	1.509875
1319.824219	2.372231
1320.556641	1.888248
1321.289062	2.957370
1322.021484	1.730841
1322.753906	1.666486
1323.486328	4.333353
1324.218750	0.877609
1324.951172	1.908482
1325.683594	1.854902
1326.416016	4.555852
1327.148438	4.320060
1327.880859	0.857761
1328.613281	5.694413
1329.345703	5.666601
1330.078125	0.485023
1330.810547	0.990170
1331.542969	2.005078
1332.275391	1.720149
1333.007812	3.045150
1333.740234	3.175294
1334.472656	1.318298
1335.205078	3.485258
1335.937500	0.589129
1336.669922	1.544323
1337.402344	1.406818
1338.134766	1.068598
1338.867188	2.363103
1339.599609	5.848773
1340.332031	2.821321
1341.064453	0.894952
1341.796875	6.098792
1342.529297	1.554675
1343.261719	1.228407
1343.994141	2.595609
1344.726562	5.969859
1345.458984	5.356082
1346.191406	4.129719
1346.923828	6.808706
1347.656250	7.593432
1348.388672	12.873028
1349.121094	4.621323
1349.853516	13.849168
1350.585938	15.512192
1351.318359	2.382183
1352.050781	8.843167
1352.783203	17.826164
1353.515625	17.347032
1354.248047	6.483268
1354.980469	10.009281
1355.712891	2.464422
1356.445312	4.972079
1357.177734	7.807480
1357.910156	3.353432
1358.642578	1.373122
1359.375000	3.413425
1360.107422	4.002390
1360.839844	5.609475
1361.572266	7.157739
1362.304688	4.720472
1363.037109	6.236463
1363.769531	5.708313
1364.501953	3.312764
1365.234375	2.288293
1365.966797	3.013329
1366.699219	0.579605
1367.431641	2.703911
1368.164062	0.930917
1368.896484	2.556281
1369.628906	4.148041
1370.361328	4.077706
1371.093750	1.189703
1371.826172	2.635239
1372.558594	1.341153
1373.291016	3.954161
1374.023438	2.798447
1374.755859	3.995598
1375.488281	2.830575
1376.220703	1.186798
1376.953125	2.417649
1377.685547	3.051271
1378.417969	1.652473
1379.150391	1.048280
1379.882812	1.110659
1380.615234	1.202137
1381.347656	3.277212
1382.080078	1.012810
1382.812500	1.197640
1383.544922	2.006846
1384.277344	2.866654
1385.009766	1.201832
1385.742188	0.692335
1386.474609	1.767366
1387.207031	2.995217
1387.939453	2.140144
1388.671875	2.571248
1389.404297	1.923148
1390.136719	2.938612
1390.869141	3.155121
1391.601562	0.611059
1392.333984	5.984714
1393.066406	3.310868
1393.798828	1.842351
1394.531250	3.131752
1395.263672	3.739765
1395.996094	0.940415
1396.728516	3.124554
1397.460938	2.958857
1398.193359	2.386121
1398.925781	1.534796
1399.658203	2.879335
1400.390625	2.316806
1401.123047	3.235409
1401.855469	2.119652
1402.587891	2.616127
1403.320312	0.769958
1404.052734	3.459244
1404.785156	1.975914
1405.517578	1.824323
1406.250000	3.245926
1406.982422	1.962715
1407.714844	4.118286
1408.447266	1.554857
1409.179688	3.269873
1409.912109	4.560920
1410.644531	3.237883
1411.376953	3.141872
1412.109375	3.354903
1412.841797	2.814437
1413.574219	0.244344
1414.306641	1.490758
1415.039062	1.752711
1415.771484	1.702758
1416.503906	4.143305
1417.236328	2.092322
1417.968750	0.119866
1418.701172	2.209786
1419.433594	1.049404
1420.166016	2.629262
1420.898438	2.116683
1421.630859	1.078390
1422.363281	1.023423
1423.095703	0.920789
1423.828125	0.447159
1424.560547	2.804946
1425.292969	1.766695
1426.025391	2.121357
1426.757812	1.448486
1427.490234	1.963132
1428.222656	0.647867
1428.955078	1.987091
1429.687500	1.651823
1430.419922	0.554480
1431.152344	0.810509
1431.884766	1.752018
1432.617188	1.489320
1433.349609	2.458028
1434.082031	1.923973
1434.814453	1.077769
1435.546875	1.893121
1436.279297	0.723509
1437.011719	2.008105
1437.744141	0.987464
1438.476562	0.873429
1439.208984	0.253634
1439.941406	1.968954
1440.673828	3.331772
1441.406250	2.385740
1442.138672	2.097467
1442.871094	1.306150
1443.603516	0.458411
1444.335938	0.808196
1445.068359	2.259085
1445.800781	1.670820
1446.533203	1.221858
1447.265625	3.326810
1447.998047	1.056994
1448.730469	0.875411
1449.462891	3.147186
1450.195312	1.167467
1450.927734	0.693284
1451.660156	2.273425
1452.392578	3.268950
1453.125000	1.540012
1453.857422	2.987305
1454.589844	1.435384
1455.322266	2.407707
1456.054688	1.421592
1456.787109	0.734996
1457.519531	1.972951
1458.251953	1.781261
1458.984375	1.344379
1459.716797	2.551307
1460.449219	0.510513
1461.181641	1.508080
1461.914062	0.826325
1462.646484	2.686039
1463.378906	0.430918
1464.111328	3.465250
1464.843750	2.011019
1465.576172	3.361182
1466.308594	2.686207
1467.041016	1.253124
1467.773438	5.227671
1468.505859	1.730402
1469.238281	0.833325
1469.970703	1.900617
1470.703125	2.204161
1471.435547	2.303058
1472.167969	4.063360
1472.900391	3.198227
1473.632812	1.587325
1474.365234	1.499665
1475.097656	2.196516
1475.830078	2.378553
1476.562500	1.033181
1477.294922	2.321778
1478.027344	2.302021
1478.759766	1.361825
1479.492188	1.354406
1480.224609	0.721719
1480.957031	0.617945
1481.689453	1.504021
1482.421875	1.713475
1483.154297	2.176232
1483.886719	1.077304
1484.619141	3.345960
1485.351562	1.096940
1486.083984	1.046624
1486.816406	2.503798
1487.548828	1.117370
1488.281250	1.394734
1489.013672	0.425940
1489.746094	2.281989
1490.478516	0.347520
1491.210938	0.630458
1491.943359	0.561886
1492.675781	0.686112
1493.408203	1.031880
1494.140625	2.865398
1494.873047	1.092495
1495.605469	0.417141
1496.337891	0.406372
1497.070312	0.628514
1497.802734	2.608486
1498.535156	0.625892
1499.267578	0.734577
1500.000000	1.709013
1500.732422	1.224760
1501.464844	2.083236
1502.197266	1.375237
1502.929688	1.470407
1503.662109	1.723381
1504.394531	1.309342
1505.126953	1.677995
1505.859375	1.083962
1506.591797	0.837550
1507.324219	2.835822
1508.056641	1.701481
1508.789062	1.829543
1509.521484	2.308838
1510.253906	1.332961
1510.986328	2.148997
1511.718750	2.602010
1512.451172	1.549416
1513.183594	3.002252
1513.916016	1.711649
1514.648438	2.544235
1515.380859	3.543109
1516.113281	2.633085
1516.845703	3.172662
1517.578125	1.584945
1518.310547	1.158962
1519.042969	1.244697
1519.775391	4.913716
1520.507812	2.464735
1521.240234	2.939932
1521.972656	1.355374
1522.705078	1.309955
1523.437500	3.083853
1524.169922	0.526511
1524.902344	0.591450
1525.634766	1.420778
1526.367188	1.302497
1527.099609	1.149224
1527.832031	3.550727
1528.564453	2.727531
1529.296875	2.125603
1530.029297	0.400544
1530.761719	2.376871
1531.494141	2.059193
1532.226562	0.839976
1532.958984	1.992088
1533.691406	1.870285
1534.423828	0.950924
1535.156250	1.657232
1535.888672	0.581549
1536.621094	1.501142
1537.353516	1.009133
1538.085938	1.264652
1538.818359	3.172983
1539.550781	1.670151
1540.283203	1.570005
1541.015625	1.510733
1541.748047	1.323956
1542.480469	1.280520
1543.212891	0.771962
1543.945312	2.338611
1544.677734	2.574293
1545.410156	1.220352
1546.142578	1.744623
1546.875000	0.769486
1547.607422	2.500861
1548.339844	1.263715
1549.072266	2.247435
1549.804688	2.787778
1550.537109	0.836126
1551.269531	2.714310
1552.001953	6.024075
1552.734375	1.528334
1553.466797	2.704360
1554.199219	0.661480
1554.931641	2.485115
1555.664062	1.810529
1556.396484	0.317995
1557.128906	1.307018
1557.861328	2.493033
1558.593750	1.079236
1559.326172	1.812495
1560.058594	2.354434
1560.791016	0.892767
1561.523438	2.266284
1562.255859	2.185970
1562.988281	1.558949
1563.720703	2.772563
1564.453125	2.977102
1565.185547	4.883284
1565.917969	6.018635
1566.650391	1.030000
1567.382812	2.579173
1568.115234	4.112395
1568.847656	3.786458
1569.580078	6.556061
1570.312500	4.746621
1571.044922	5.304993
1571.777344	8.518851
1572.509766	7.143225
1573.242188	6.196001
1573.974609	4.386538
1574.707031	8.481872
1575.439453	6.266314
1576.171875	14.449123
1576.904297	11.368303
1577.636719	4.149265
1578.369141	6.620803
1579.101562	16.446858
1579.833984	6.521703
1580.566406	3.585557
1581.298828	12.042392
1582.031250	6.392784
1582.763672	4.095712
1583.496094	10.635176
1584.228516	7.560173
1584.960938	14.561453
1585.693359	14.170570
1586.425781	14.455137
1587.158203	9.344500
1587.890625	5.960996
1588.623047	2.502531
1589.355469	7.437763
1590.087891	1.311980
1590.820312	1.161835
1591.552734	3.427540
1592.285156	1.630922
1593.017578	3.759683
1593.750000	0.536173
1594.482422	1.950601
1595.214844	1.795422
1595.947266	2.789000
1596.679688	3.511739
1597.412109	1.971727
1598.144531	0.745706
1598.876953	1.666145
1599.609375	3.105627
1600.341797	0.542759
1601.074219	2.204043
1601.806641	2.926809
1602.539062	4.612000
1603.271484	2.326661
1604.003906	1.760721
1604.736328	1.109782
1605.468750	2.003365
1606.201172	1.653199
1606.933594	2.042675
1607.666016	2.452482
1608.398438	1.900400
1609.130859	1.514518
1609.863281	3.852466
1610.595703	0.737452
1611.328125	1.628101
1612.060547	0.241092
1612.792969	1.834700
1613.525391	0.999270
1614.257812	1.214208
1614.990234	1.402920
1615.722656	0.626269
1616.455078	1.196956
1617.187500	2.634388
1617.919922	2.652153
1618.652344	0.930131
1619.384766	0.487965
1620.117188	0.976408
1620.849609	1.418770
1621.582031	1.056142
1622.314453	1.560784
1623.046875	0.615308
1623.779297	2.091199
1624.511719	1.321643
1625.244141	2.603889
1625.976562	0.602022
1626.708984	1.260692
1627.441406	0.972090
1628.173828	0.366572
1628.906250	1.339961
1629.638672	1.252329
1630.371094	1.329348
1631.103516	1.630490
1631.835938	1.787447
1632.568359	1.840124
1633.300781	1.409684
1634.033203	0.661803
1634.765625	1.767461
1635.498047	0.734104
1636.230469	1.805645
1636.962891	2.423170
1637.695312	0.224549
1638.427734	0.555693
1639.160156	1.290993
1639.892578	0.989818
1640.625000	0.136892
1641.357422	1.291953
1642.089844	0.704740
1642.822266	0.740255
1643.554688	1.697013
1644.287109	0.603721
1645.019531	1.285720
1645.751953	0.513180
1646.484375	1.607037
1647.216797	0.443619
1647.949219	0.709666
1648.681641	0.680459
1649.414062	2.115630
1650.146484	1.288351
1650.878906	1.696488
1651.611328	1.481158
1652.343750	1.769216
1653.076172	0.966668
1653.808594	0.896551
1654.541016	0.672553
1655.273438	1.050114
1656.005859	1.169680
1656.738281	2.844162
1657.470703	0.398189
1658.203125	1.991486
1658.935547	1.876340
1659.667969	1.114435
1660.400391	2.678389
1661.132812	1.035194
1661.865234	1.476821
1662.597656	2.143008
1663.330078	1.323945
1664.062500	0.660845
1664.794922	2.260834
1665.527344	1.565763
1666.259766	1.404790
1666.992188	2.170971
1667.724609	1.094310
1668.457031	1.071779
1669.189453	2.685537
1669.921875	2.154662
1670.654297	1.038693
1671.386719	2.663460
1672.119141	1.021154
1672.851562	0.395139
1673.583984	1.461061
1674.316406	2.059523
1675.048828	0.482639
1675.781250	1.105124
1676.513672	2.063346
1677.246094	2.190705
1677.978516	1.188510
1678.710938	0.861110
1679.443359	2.273186
1680.175781	1.241000
1680.908203	1.799143
1681.640625	0.996049
1682.373047	1.819610
1683.105469	3.786712
1683.837891	1.598956
1684.570312	2.807918
1685.302734	2.933441
1686.035156	2.745254
1686.767578	2.949015
1687.500000	1.981778
1688.232422	2.842202
1688.964844	2.750899
1689.697266	2.072190
1690.429688	1.353280
1691.162109	2.532534
1691.894531	0.888168
1692.626953	0.636388
1693.359375	2.449896
1694.091797	1.360464
1694.824219	2.576912
1695.556641	0.160368
1696.289062	2.188486
1697.021484	1.787000
1697.753906	0.462187
1698.486328	2.394336
1699.218750	1.462119
1699.951172	1.322577
1700.683594	0.804325
1701.416016	0.415174
1702.148438	0.807793
1702.880859	1.477237
1703.613281	1.196726
1704.345703	0.936281
1705.078125	0.864112
1705.810547	1.060444
1706.542969	0.745515
1707.275391	1.122857
1708.007812	1.482667
1708.740234	1.601253
1709.472656	0.580407
1710.205078	1.010301
1710.937500	2.295608
1711.669922	0.618917
1712.402344	1.155788
1713.134766	0.601388
1713.867188	2.644767
1714.599609	0.917301
1715.332031	0.643493
1716.064453	2.160336
1716.796875	1.269940
1717.529297	1.641634
1718.261719	1.466783
1718.994141	1.277034
1719.726562	0.417671
1720.458984	0.988416
1721.191406	0.458390
1721.923828	1.038441
1722.656250	0.484900
1723.388672	0.757269
1724.121094	0.902952
1724.853516	0.592699
1725.585938	1.831248
1726.318359	1.872336
1727.050781	0.738793
1727.783203	0.907950
1728.515625	0.938182
1729.248047	1.661618
1729.980469	1.375760
1730.712891	0.963892
1731.445312	0.437745
1732.177734	0.412553
1732.910156	0.865899
1733.642578	0.380597
1734.375000	1.268586
1735.107422	0.505579
1735.839844	0.897317
1736.572266	0.825871
1737.304688	1.023947
1738.037109	0.730548
1738.769531	0.399079
1739.501953	1.047620
1740.234375	0.338549
1740.966797	1.261599
1741.699219	0.589511
1742.431641	0.514831
1743.164062	1.011504
1743.896484	1.272901
1744.628906	1.180051
1745.361328	0.501841
1746.093750	1.248462
1746.826172	0.925828
1747.558594	0.431996
1748.291016	1.235270
1749.023438	0.920762
1749.755859	0.983028
1750.488281	1.210607
1751.220703	0.545981
1751.953125	0.658959
1752.685547	1.188626
1753.417969	0.970034
1754.150391	1.303494
1754.882812	0.509395
1755.615234	1.061954
1756.347656	0.299366
1757.080078	1.291156
1757.812500	0.771671
1758.544922	0.870667
1759.277344	0.434735
1760.009766	0.666363
1760.742188	0.270698
1761.474609	0.432901
1762.207031	0.797597
1762.939453	0.933092
1763.671875	0.442002
1764.404297	1.424260
1765.136719	1.137300
1765.869141	0.863109
1766.601562	1.122396
1767.333984	0.528945
1768.066406	0.538615
1768.798828	2.015044
1769.531250	2.180238
1770.263672	1.094777
1770.996094	1.051630
1771.728516	0.666082
1772.460938	0.806907
1773.193359	1.210463
1773.925781	0.425757
1774.658203	2.443779
1775.390625	0.858985
1776.123047	1.063952
1776.855469	1.345919
1777.587891	0.681657
1778.320312	1.082036
1779.052734	1.513881
1779.785156	2.762519
1780.517578	1.759703
1781.250000	1.482933
1781.982422	0.799441
1782.714844	1.084022
1783.447266	0.875338
1784.179688	1.233857
1784.912109	0.814329
1785.644531	1.305121
1786.376953	1.449389
1787.109375	0.506653
1787.841797	1.208651
1788.574219	0.670537
1789.306641	0.381501
1790.039062	0.656294
1790.771484	1.429553
1791.503906	0.595597
1792.236328	2.147110
1792.968750	0.567299
1793.701172	2.134908
1794.433594	1.810464
1795.166016	2.317192
1795.898438	4.689544
1796.630859	4.081775
1797.363281	3.861766
1798.095703	5.109396
1798.828125	5.134629
1799.560547	4.956868
1800.292969	3.148729
1801.025391	4.096088
1801.757812	5.876135
1802.490234	2.479567
1803.222656	4.219863
1803.955078	2.771604
1804.687500	5.294174
1805.419922	2.025993
1806.152344	6.012595
1806.884766	2.484658
1807.617188	1.644464
1808.349609	2.989363
1809.082031	3.257613
1809.814453	2.831729
1810.546875	0.774679
1811.279297	6.638118
1812.011719	2.510915
1812.744141	3.447467
1813.476562	1.808870
1814.208984	1.196405
1814.941406	2.239426
1815.673828	2.589690
1816.406250	3.300851
1817.138672	2.631442
1817.871094	0.508137
1818.603516	0.241968
1819.335938	0.874185
1820.068359	0.821071
1820.800781	0.975872
1821.533203	0.396674
1822.265625	1.023455
1822.998047	1.483227
1823.730469	1.169483
1824.462891	1.943462
1825.195312	0.511554
1825.927734	1.372407
1826.660156	0.786336
1827.392578	1.851255
1828.125000	0.658198
1828.857422	1.568277
1829.589844	1.298962
1830.322266	0.418862
1831.054688	0.395708
1831.787109	0.775008
1832.519531	1.832384
1833.251953	1.078036
1833.984375	1.420460
1834.716797	1.696739
1835.449219	1.345227
1836.181641	0.563184
1836.914062	1.612923
1837.646484	0.466783
1838.378906	1.304040
1839.111328	0.603309
1839.843750	0.381546
1840.576172	1.361204
1841.308594	1.076115
1842.041016	0.852002
1842.773438	0.528307
1843.505859	0.841996
1844.238281	0.361470
1844.970703	1.166224
1845.703125	0.414618
1846.435547	0.131271
1847.167969	0.524270
1847.900391	1.024521
1848.632812	0.164526
1849.365234	0.996562
1850.097656	0.894017
1850.830078	0.929772
1851.562500	0.670866
1852.294922	0.630537
1853.027344	0.929945
1853.759766	1.326500
1854.492188	0.483524
1855.224609	0.479499
1855.957031	0.629754
1856.689453	1.394440
1857.421875	0.588610
1858.154297	1.447221
1858.886719	0.187818
1859.619141	0.286405
1860.351562	0.494396
1861.083984	0.981658
1861.816406	0.362315
1862.548828	0.648604
1863.281250	1.127036
1864.013672	0.513720
1864.746094	0.994395
1865.478516	1.123514
1866.210938	0.749173
1866.943359	1.265648
1867.675781	1.120981
1868.408203	0.369912
1869.140625	1.387266
1869.873047	1.191568
1870.605469	0.364608
1871.337891	1.675957
1872.070312	1.126330
1872.802734	0.675701
1873.535156	1.140399
1874.267578	2.080694
1875.000000	1.079739
1875.732422	1.198065
1876.464844	0.882877
1877.197266	0.089080
1877.929688	1.542367
1878.662109	0.654999
1879.394531	0.765587
1880.126953	0.695136
1880.859375	0.453550
1881.591797	0.419938
1882.324219	0.621118
1883.056641	1.272019
1883.789062	1.241458
1884.521484	0.913786
1885.253906	1.588850
1885.986328	1.834527
1886.718750	0.688337
1887.451172	1.589163
1888.183594	2.044410
1888.916016	0.679953
1889.648438	1.670735
1890.380859	1.078001
1891.113281	0.736590
1891.845703	2.366610
1892.578125	1.706520
1893.310547	0.545166
1894.042969	1.524154
1894.775391	0.940916
1895.507812	0.800686
1896.240234	1.145642
1896.972656	1.485447
1897.705078	1.538430
1898.437500	0.724543
1899.169922	0.336837
1899.902344	0.702162
1900.634766	1.291299
1901.367188	0.711857
1902.099609	0.928930
1902.832031	1.248462
1903.564453	0.883805
1904.296875	0.657657
1905.029297	1.878852
1905.761719	0.599603
1906.494141	1.274794
1907.226562	0.439056
1907.958984	0.074572
1908.691406	1.215458
1909.423828	0.351666
1910.156250	0.977741
1910.888672	1.006156
1911.621094	0.390016
1912.353516	0.544106
1913.085938	1.230217
1913.818359	0.981977
1914.550781	0.986290
1915.283203	1.459876
1916.015625	1.468932
1916.748047	0.750303
1917.480469	1.238592
1918.212891	1.445312
1918.945312	0.859692
1919.677734	0.401725
1920.410156	0.612240
1921.142578	1.383687
1921.875000	1.046959
1922.607422	0.370651
1923.339844	0.650899
1924.072266	1.125102
1924.804688	0.983828
1925.537109	0.340524
1926.269531	0.771249
1927.001953	1.165663
1927.734375	1.833533
1928.466797	1.027174
1929.199219	1.298672
1929.931641	0.794284
1930.664062	1.473768
1931.396484	1.410825
1932.128906	1.136402
1932.861328	0.190543
1933.593750	1.340771
1934.326172	1.315737
1935.058594	1.549617
1935.791016	1.555097
1936.523438	0.526644
1937.255859	0.641682
1937.988281	2.482921
1938.720703	0.288902
1939.453125	1.569458
1940.185547	0.202690
1940.917969	1.358288
1941.650391	1.371675
1942.382812	1.143851
1943.115234	0.751653
1943.847656	1.354742
1944.580078	0.738724
1945.312500	0.571274
1946.044922	0.697554
1946.777344	1.570447
1947.509766	1.069637
1948.242188	1.105738
1948.974609	1.991588
1949.707031	1.070412
1950.439453	1.070845
1951.171875	1.357324
1951.904297	1.376106
1952.636719	1.547147
1953.369141	1.121714
1954.101562	0.463025
1954.833984	1.548803
1955.566406	1.355257
1956.298828	1.060908
1957.031250	1.180315
1957.763672	1.176012
1958.496094	0.510881
1959.228516	1.195267
1959.960938	0.883423
1960.693359	0.359115
1961.425781	1.640712
1962.158203	0.397249
1962.890625	0.699614
1963.623047	1.384838
1964.355469	1.184475
1965.087891	0.733769
1965.820312	0.639355
1966.552734	1.070030
1967.285156	0.945896
1968.017578	0.817270
1968.750000	0.775333
1969.482422	0.891406
1970.214844	1.184572
1970.947266	1.426503
1971.679688	0.376942
1972.412109	0.079262
1973.144531	0.512440
1973.876953	0.967448
1974.609375	0.648537
1975.341797	1.447127
1976.074219	0.820598
1976.806641	0.614522
1977.539062	0.184816
1978.271484	0.481426
1979.003906	0.648655
1979.736328	1.415589
1980.468750	0.505849
1981.201172	0.352399
1981.933594	0.390273
1982.666016	1.050713
1983.398438	0.444361
1984.130859	0.835229
1984.863281	0.574982
1985.595703	0.980912
1986.328125	0.822932
1987.060547	1.663763
1987.792969	1.161401
1988.525391	0.824109
1989.257812	0.983726
1989.990234	1.031119
1990.722656	0.433238
1991.455078	0.981858
1992.187500	1.242046
1992.919922	1.762368
1993.652344	0.255688
1994.384766	1.229777
1995.117188	0.499496
1995.849609	1.163471
1996.582031	1.333323
1997.314453	1.024549
1998.046875	0.664623
1998.779297	0.956940
