0.000000	0.345215
0.732422	0.398879
1.464844	0.683074
2.197266	0.433154
2.929688	0.432456
3.662109	0.696400
4.394531	0.274323
5.126953	0.244708
5.859375	1.159645
6.591797	1.497497
7.324219	0.714645
8.056641	0.839745
8.789062	1.001929
9.521484	0.721117
10.253906	1.058921
10.986328	1.387166
11.718750	2.382003
12.451172	0.405109
13.183594	0.597822
13.916016	0.997792
14.648438	1.122333
15.380859	0.754425
16.113281	0.275493
16.845703	1.250216
17.578125	0.808028
18.310547	0.549069
19.042969	1.421412
19.775391	1.776531
20.507812	0.751438
21.240234	1.936915
21.972656	1.043458
22.705078	1.371375
23.437500	2.625441
24.169922	1.847983
24.902344	1.357377
25.634766	1.221307
26.367188	1.335262
27.099609	0.695243
27.832031	1.245618
28.564453	2.593841
29.296875	0.180607
30.029297	1.682445
30.761719	1.011614
31.494141	4.443948
32.226562	1.654799
32.958984	4.234759
33.691406	2.738166
34.423828	4.010914
35.156250	1.996792
35.888672	3.601706
36.621094	2.883793
37.353516	2.600537
38.085938	5.357554
38.818359	4.766557
39.550781	3.384210
40.283203	4.041523
41.015625	5.481797
41.748047	5.352977
42.480469	9.700854
43.212891	3.281318
43.945312	6.689626
44.677734	5.469751
45.410156	5.302866
46.142578	4.699984
46.875000	8.403861
47.607422	6.573165
48.339844	5.300716
49.072266	13.747459
49.804688	6.176085
50.537109	3.960524
51.269531	7.033091
52.001953	2.503324
52.734375	6.301667
53.466797	1.468665
54.199219	6.918981
54.931641	4.268257
55.664062	4.997355
56.396484	4.842421
57.128906	4.702889
57.861328	7.218779
58.593750	8.887376
59.326172	3.634030
60.058594	8.267567
60.791016	7.987324
61.523438	4.840006
62.255859	7.821504
62.988281	6.119680
63.720703	5.627565
64.453125	2.720037
65.185547	5.659648
65.917969	6.087711
66.650391	5.283080
67.382812	1.941540
68.115234	7.034751
68.847656	6.454241
69.580078	6.989643
70.312500	3.918504
71.044922	7.269786
71.777344	4.671585
72.509766	8.390358
73.242188	7.672917
73.974609	4.811576
74.707031	6.881472
75.439453	7.813977
76.171875	2.662729
76.904297	2.434162
77.636719	5.193570
78.369141	6.346803
79.101562	6.381928
79.833984	7.480241
80.566406	5.231960
81.298828	5.721026
82.031250	0.311131
82.763672	7.765556
83.496094	7.328173
84.228516	5.603866
84.960938	6.471453
85.693359	5.026522
86.425781	9.073685
87.158203	3.638498
87.890625	16.447781
88.623047	14.566493
89.355469	1.636438
90.087891	2.129781
90.820312	2.697303
91.552734	4.764250
92.285156	3.768317
93.017578	5.269023
93.750000	2.277027
94.482422	7.708172
95.214844	6.798473
95.947266	10.282360
96.679688	12.278097
97.412109	45.289053
98.144531	6.844909
98.876953	4.255184
99.609375	7.574553
100.341797	7.511115
101.074219	1.456490
101.806641	4.632256
102.539062	6.129996
103.271484	5.762281
104.003906	2.587257
104.736328	5.747481
105.468750	6.922824
106.201172	19.946396
106.933594	9.920453
107.666016	8.199831
108.398438	10.272325
109.130859	12.391482
109.863281	4.655412
110.595703	13.897496
111.328125	5.920484
112.060547	12.724772
112.792969	7.678523
113.525391	6.493522
114.257812	1.889556
114.990234	7.503993
115.722656	8.260846
116.455078	4.348604
117.187500	5.194609
117.919922	3.619965
118.652344	5.220542
119.384766	2.942957
120.117188	4.814154
120.849609	1.907640
121.582031	2.860981
122.314453	1.940892
123.046875	6.688097
123.779297	3.385290
124.511719	2.428730
125.244141	2.352838
125.976562	6.854189
126.708984	4.880635
127.441406	8.772846
128.173828	5.461388
128.906250	4.362200
129.638672	2.791292
130.371094	2.775798
131.103516	2.723009
131.835938	4.674838
132.568359	7.480758
133.300781	8.533323
134.033203	7.791415
134.765625	8.514146
135.498047	6.060548
136.230469	3.966686
136.962891	4.385748
137.695312	7.565758
138.427734	12.515570
139.160156	5.477043
139.892578	5.987327
140.625000	7.924870
141.357422	6.476482
142.089844	3.800171
142.822266	2.946030
143.554688	0.385549
144.287109	2.718211
145.019531	2.102896
145.751953	5.813824
146.484375	7.644928
147.216797	9.915297
147.949219	2.348652
148.681641	2.862441
149.414062	5.199576
150.146484	6.471378
150.878906	0.857661
151.611328	0.913916
152.343750	4.061096
153.076172	3.383062
153.808594	4.035450
154.541016	0.544860
155.273438	3.834978
156.005859	4.892263
156.738281	4.742868
157.470703	4.198091
158.203125	1.967762
158.935547	5.024768
159.667969	5.213223
160.400391	5.394587
161.132812	5.021981
161.865234	4.803296
162.597656	7.549306
163.330078	7.123927
164.062500	4.207981
164.794922	5.346464
165.527344	5.135631
166.259766	5.898162
166.992188	2.629742
167.724609	4.702830
168.457031	1.141823
169.189453	5.234827
169.921875	6.437480
170.654297	5.329089
171.386719	3.849407
172.119141	5.395518
172.851562	5.452219
173.583984	6.200764
174.316406	2.457404
175.048828	3.785188
175.781250	6.284570
176.513672	10.971049
177.246094	5.130389
177.978516	0.924600
178.710938	5.959377
179.443359	4.140551
180.175781	4.606917
180.908203	7.211392
181.640625	1.981674
182.373047	10.588292
183.105469	5.544422
183.837891	1.564233
184.570312	4.510913
185.302734	5.612554
186.035156	1.729211
186.767578	8.687190
187.500000	11.192860
188.232422	7.639210
188.964844	5.847549
189.697266	8.482315
190.429688	5.817719
191.162109	2.360313
191.894531	2.077437
192.626953	8.965908
193.359375	6.541115
194.091797	6.796337
194.824219	5.299280
195.556641	2.042772
196.289062	7.097778
197.021484	2.223160
197.753906	3.699013
198.486328	2.791284
199.218750	4.593763
199.951172	7.389862
200.683594	4.169897
201.416016	1.680724
202.148438	2.355043
202.880859	7.786261
203.613281	8.815412
204.345703	3.027937
205.078125	10.794983
205.810547	6.575848
206.542969	15.016767
207.275391	9.322485
208.007812	7.886423
208.740234	23.416051
209.472656	48.195070
210.205078	61.158871
210.937500	65.373943
211.669922	31.145892
212.402344	22.465666
213.134766	43.928919
213.867188	24.595076
214.599609	44.459414
215.332031	40.129070
216.064453	41.016272
216.796875	33.330034
217.529297	38.346431
218.261719	65.178808
218.994141	27.205494
219.726562	30.712201
220.458984	31.841799
221.191406	12.899111
221.923828	9.096241
222.656250	29.613951
223.388672	29.559209
224.121094	11.006154
224.853516	12.587514
225.585938	12.031025
226.318359	6.058825
227.050781	2.900150
227.783203	7.864092
228.515625	7.075364
229.248047	8.317661
229.980469	8.961007
230.712891	10.341859
231.445312	3.269802
232.177734	4.653426
232.910156	10.020700
233.642578	9.425584
234.375000	5.568801
235.107422	7.703090
235.839844	7.293323
236.572266	4.493631
237.304688	7.382038
238.037109	3.147955
238.769531	2.590210
239.501953	5.498134
240.234375	2.874113
240.966797	6.931093
241.699219	4.845409
242.431641	10.614016
243.164062	30.770628
243.896484	19.133597
244.628906	2.853839
245.361328	3.052043
246.093750	11.174991
246.826172	0.744500
247.558594	3.128470
248.291016	8.796255
249.023438	2.352514
249.755859	9.542430
250.488281	5.215266
251.220703	4.149827
251.953125	3.286246
252.685547	4.194475
253.417969	0.977711
254.150391	2.143401
254.882812	8.733700
255.615234	2.550031
256.347656	9.100872
257.080078	2.009420
257.812500	2.331316
258.544922	3.996756
259.277344	1.134569
260.009766	5.478089
260.742188	1.116289
261.474609	2.248676
262.207031	1.929163
262.939453	1.644288
263.671875	0.854762
264.404297	1.275238
265.136719	1.859430
265.869141	4.294508
266.601562	5.486483
267.333984	6.300909
268.066406	6.120170
268.798828	3.332406
269.531250	1.999593
270.263672	3.494091
270.996094	5.173753
271.728516	8.107582
272.460938	6.356999
273.193359	3.494203
273.925781	5.940192
274.658203	10.205845
275.390625	12.177230
276.123047	11.036963
276.855469	12.385224
277.587891	5.396634
278.320312	5.668730
279.052734	8.073414
279.785156	7.150850
280.517578	9.341533
281.250000	8.966223
281.982422	3.060965
282.714844	3.008044
283.447266	3.909513
284.179688	1.433560
284.912109	6.023134
285.644531	5.487846
286.376953	5.481935
287.109375	4.984200
287.841797	2.433774
288.574219	1.834272
289.306641	2.764187
290.039062	2.267501
290.771484	4.683281
291.503906	7.402194
292.236328	8.190117
292.968750	10.758657
293.701172	2.447573
294.433594	2.759985
295.166016	9.194547
295.898438	3.677216
296.630859	7.694496
297.363281	8.878869
298.095703	5.772983
298.828125	4.747037
299.560547	11.641486
300.292969	18.320579
301.025391	0.944163
301.757812	3.010115
302.490234	7.365453
303.222656	11.714500
303.955078	1.293282
304.687500	6.019359
305.419922	9.470212
306.152344	6.086434
306.884766	4.632012
307.617188	5.460671
308.349609	3.324940
309.082031	1.020406
309.814453	2.108338
310.546875	6.845431
311.279297	8.584830
312.011719	5.854840
312.744141	4.534981
313.476562	5.965387
314.208984	5.823423
314.941406	11.073757
315.673828	15.725379
316.406250	2.156143
317.138672	10.008937
317.871094	5.669790
318.603516	8.853772
319.335938	7.219295
320.068359	4.307437
320.800781	5.444530
321.533203	4.940424
322.265625	1.810465
322.998047	4.353137
323.730469	1.551059
324.462891	8.797907
325.195312	5.207856
325.927734	4.116707
326.660156	5.523642
327.392578	2.299217
328.125000	13.634769
328.857422	1.633028
329.589844	7.356872
330.322266	5.423162
331.054688	3.752255
331.787109	4.127053
332.519531	0.805583
333.251953	3.842505
333.984375	3.002333
334.716797	4.763165
335.449219	1.218980
336.181641	3.632958
336.914062	2.750352
337.646484	3.203664
338.378906	8.801106
339.111328	4.821554
339.843750	5.401110
340.576172	12.338990
341.308594	4.695955
342.041016	2.326682
342.773438	7.093255
343.505859	2.638266
344.238281	4.588821
344.970703	4.052113
345.703125	7.358289
346.435547	4.135579
347.167969	4.487856
347.900391	4.318473
348.632812	2.604468
349.365234	1.899343
350.097656	0.327567
350.830078	3.839566
351.562500	0.837281
352.294922	0.859084
353.027344	2.919948
353.759766	2.899112
354.492188	3.125597
355.224609	1.487239
355.957031	1.276377
356.689453	1.656010
357.421875	2.342890
358.154297	1.345544
358.886719	3.630069
359.619141	4.260009
360.351562	1.771559
361.083984	4.119172
361.816406	2.013093
362.548828	4.553876
363.281250	2.475840
364.013672	0.553753
364.746094	1.875252
365.478516	1.558957
366.210938	2.504473
366.943359	2.081764
367.675781	1.460300
368.408203	3.431362
369.140625	4.347736
369.873047	1.351231
370.605469	3.623766
371.337891	4.509171
372.070312	1.311216
372.802734	0.314673
373.535156	1.924003
374.267578	1.086104
375.000000	1.206466
375.732422	1.677803
376.464844	1.453962
377.197266	2.643049
377.929688	1.929966
378.662109	3.368716
379.394531	0.792707
380.126953	0.846479
380.859375	2.368564
381.591797	3.193533
382.324219	1.824650
383.056641	1.058347
383.789062	0.743600
384.521484	0.119867
385.253906	1.657906
385.986328	2.800771
386.718750	0.377671
387.451172	1.618494
388.183594	1.360916
388.916016	1.553785
389.648438	1.252699
390.380859	1.659293
391.113281	1.970055
391.845703	1.664585
392.578125	4.041901
393.310547	1.270625
394.042969	1.825160
394.775391	0.899362
395.507812	3.569329
396.240234	2.898929
396.972656	1.440489
397.705078	2.773331
398.437500	1.702866
399.169922	3.131958
399.902344	12.797106
400.634766	4.981227
401.367188	2.278125
402.099609	2.050153
402.832031	2.496260
403.564453	1.585976
404.296875	2.497748
405.029297	2.921543
405.761719	2.082538
406.494141	1.898625
407.226562	2.352642
407.958984	1.008489
408.691406	2.927574
409.423828	0.319915
410.156250	1.098874
410.888672	2.134200
411.621094	2.968795
412.353516	1.533952
413.085938	3.268144
413.818359	0.663729
414.550781	0.658669
415.283203	1.531391
416.015625	4.805068
416.748047	0.762294
417.480469	1.482729
418.212891	6.180273
418.945312	11.207547
419.677734	15.904566
420.410156	20.975733
421.142578	20.636946
421.875000	17.115611
422.607422	13.082295
423.339844	12.006148
424.072266	9.568455
424.804688	11.314287
425.537109	9.633436
426.269531	17.069349
427.001953	14.316005
427.734375	10.079167
428.466797	7.279275
429.199219	13.881675
429.931641	10.841859
430.664062	8.628391
431.396484	7.318494
432.128906	11.154352
432.861328	2.268962
433.593750	5.943355
434.326172	1.999308
435.058594	2.492234
435.791016	4.628435
436.523438	10.540905
437.255859	7.849950
437.988281	22.141648
438.720703	12.585227
439.453125	13.049108
440.185547	8.804930
440.917969	13.213687
441.650391	8.862941
442.382812	6.725721
443.115234	5.042768
443.847656	4.468110
444.580078	4.792885
445.312500	7.597522
446.044922	8.084520
446.777344	1.221639
447.509766	5.658903
448.242188	4.018633
448.974609	2.583889
449.707031	1.896022
450.439453	1.650154
451.171875	1.637035
451.904297	2.191546
452.636719	2.756380
453.369141	0.785516
454.101562	3.103338
454.833984	0.817798
455.566406	0.086643
456.298828	2.121834
457.031250	2.105165
457.763672	0.117487
458.496094	1.108977
459.228516	2.741639
459.960938	0.871367
460.693359	1.653855
461.425781	2.750101
462.158203	1.411551
462.890625	0.871963
463.623047	0.530872
464.355469	3.960356
465.087891	0.535969
465.820312	3.279262
466.552734	0.574446
467.285156	3.365983
468.017578	1.729053
468.750000	0.639342
469.482422	3.228085
470.214844	0.950930
470.947266	2.197884
471.679688	0.854290
472.412109	1.445504
473.144531	2.554109
473.876953	1.965685
474.609375	1.760962
475.341797	1.397803
476.074219	1.082268
476.806641	1.760688
477.539062	0.347432
478.271484	0.886693
479.003906	0.805891
479.736328	1.125462
480.468750	2.481656
481.201172	2.207847
481.933594	1.057348
482.666016	2.537466
483.398438	2.186386
484.130859	1.241658
484.863281	1.136799
485.595703	3.006323
486.328125	8.829248
487.060547	9.134875
487.792969	2.994707
488.525391	1.701221
489.257812	1.268710
489.990234	1.671559
490.722656	2.212494
491.455078	2.622962
492.187500	1.897138
492.919922	2.744131
493.652344	2.327920
494.384766	3.536219
495.117188	2.817409
495.849609	2.518398
496.582031	1.721954
497.314453	3.526833
498.046875	2.396941
498.779297	0.890690
499.511719	2.114594
500.244141	0.726831
500.976562	4.169117
501.708984	0.926996
502.441406	1.655260
503.173828	1.690602
503.906250	4.445794
504.638672	1.679200
505.371094	1.279485
506.103516	1.216329
506.835938	2.990102
507.568359	3.015430
508.300781	1.041025
509.033203	3.433349
509.765625	3.726436
510.498047	1.540003
511.230469	1.769911
511.962891	4.050724
512.695312	2.393705
513.427734	3.153625
514.160156	1.899818
514.892578	3.378328
515.625000	2.000216
516.357422	3.162426
517.089844	2.709098
517.822266	3.324945
518.554688	2.053449
519.287109	3.402864
520.019531	0.924244
520.751953	0.709179
521.484375	3.292881
522.216797	4.029194
522.949219	5.266993
523.681641	2.319091
524.414062	3.855766
525.146484	8.934920
525.878906	1.040221
526.611328	4.052237
527.343750	2.583846
528.076172	2.154755
528.808594	8.297882
529.541016	8.470759
530.273438	3.993082
531.005859	6.119960
531.738281	8.494809
532.470703	8.284571
533.203125	8.495950
533.935547	8.359585
534.667969	9.264730
535.400391	9.840994
536.132812	6.933932
536.865234	8.025565
537.597656	6.981278
538.330078	7.346598
539.062500	8.277670
539.794922	4.312350
540.527344	4.508872
541.259766	3.729784
541.992188	1.941856
542.724609	7.216800
543.457031	6.874029
544.189453	3.919334
544.921875	5.248208
545.654297	3.137463
546.386719	4.841895
547.119141	3.084771
547.851562	7.118872
548.583984	3.119498
549.316406	2.038000
550.048828	7.121847
550.781250	6.871547
551.513672	2.042920
552.246094	6.432439
552.978516	3.467369
553.710938	5.820819
554.443359	5.179321
555.175781	4.154871
555.908203	8.352838
556.640625	5.223910
557.373047	14.333945
558.105469	2.407901
558.837891	2.739279
559.570312	0.790435
560.302734	4.922833
561.035156	4.360662
561.767578	1.756364
562.500000	0.995330
563.232422	5.584033
563.964844	1.495970
564.697266	2.578297
565.429688	2.033209
566.162109	1.159668
566.894531	1.056202
567.626953	3.749471
568.359375	1.000444
569.091797	1.353793
569.824219	3.888094
570.556641	4.974914
571.289062	2.772644
572.021484	2.713146
572.753906	2.699626
573.486328	1.651594
574.218750	0.257831
574.951172	1.695894
575.683594	3.837247
576.416016	3.583886
577.148438	1.786693
577.880859	1.331531
578.613281	0.899143
579.345703	3.428421
580.078125	3.187805
580.810547	1.333939
581.542969	2.553397
582.275391	2.782267
583.007812	2.277258
583.740234	4.453601
584.472656	4.259749
585.205078	2.196056
585.937500	3.454192
586.669922	1.577592
587.402344	0.398315
588.134766	3.454492
588.867188	0.937175
589.599609	4.894534
590.332031	1.857405
591.064453	2.290879
591.796875	0.939749
592.529297	3.263673
593.261719	1.154387
593.994141	1.898855
594.726562	4.284608
595.458984	1.926284
596.191406	2.812982
596.923828	1.994394
597.656250	3.441167
598.388672	1.152688
599.121094	1.950334
599.853516	4.301633
600.585938	0.358939
601.318359	5.457341
602.050781	3.551969
602.783203	1.358695
603.515625	2.011795
604.248047	2.251712
604.980469	2.149346
605.712891	2.385990
606.445312	2.926800
607.177734	1.734187
607.910156	1.592404
608.642578	6.421692
609.375000	4.655138
610.107422	3.607972
610.839844	2.489725
611.572266	3.358028
612.304688	2.523779
613.037109	4.066408
613.769531	3.299769
614.501953	1.124979
615.234375	2.935227
615.966797	1.394450
616.699219	3.949407
617.431641	2.073701
618.164062	2.251103
618.896484	2.709455
619.628906	0.804632
620.361328	4.470617
621.093750	5.610693
621.826172	1.805605
622.558594	4.403167
623.291016	1.208095
624.023438	4.394061
624.755859	4.320782
625.488281	7.232339
626.220703	10.298443
626.953125	13.301575
627.685547	13.179563
628.417969	15.612832
629.150391	22.329568
629.882812	33.216855
630.615234	37.543329
631.347656	33.852958
632.080078	29.458414
632.812500	28.706014
633.544922	28.074745
634.277344	24.193531
635.009766	26.099036
635.742188	38.237640
636.474609	44.752336
637.207031	45.161654
637.939453	36.499041
638.671875	51.698566
639.404297	43.177355
640.136719	23.801586
640.869141	53.786927
641.601562	39.852550
642.333984	14.540430
643.066406	19.865858
643.798828	28.084359
644.531250	18.814106
645.263672	14.103344
645.996094	17.469053
646.728516	13.049013
647.460938	9.277790
648.193359	7.734731
648.925781	4.680986
649.658203	9.119967
650.390625	3.213846
651.123047	3.669376
651.855469	1.371992
652.587891	7.443725
653.320312	6.236807
654.052734	8.931572
654.785156	9.078040
655.517578	11.057039
656.250000	20.110662
656.982422	16.040511
657.714844	3.953252
658.447266	15.982600
659.179688	4.410275
659.912109	4.464817
660.644531	6.739718
661.376953	13.570112
662.109375	9.558351
662.841797	3.731672
663.574219	15.822856
664.306641	11.525768
665.039062	9.303643
665.771484	6.239518
666.503906	10.618759
667.236328	0.624684
667.968750	7.631903
668.701172	5.382106
669.433594	7.305478
670.166016	5.350921
670.898438	10.399433
671.630859	5.053727
672.363281	2.527359
673.095703	1.790769
673.828125	2.495185
674.560547	6.875174
675.292969	4.066252
676.025391	1.622770
676.757812	4.770196
677.490234	2.438762
678.222656	3.018554
678.955078	0.940355
679.687500	1.894955
680.419922	1.558236
681.152344	1.411199
681.884766	3.474238
682.617188	2.464843
683.349609	2.835889
684.082031	2.350257
684.814453	1.021633
685.546875	2.976909
686.279297	3.347105
687.011719	0.940454
687.744141	2.110121
688.476562	2.399268
689.208984	4.542044
689.941406	2.688815
690.673828	0.583965
691.406250	2.077605
692.138672	0.908598
692.871094	1.545942
693.603516	1.896819
694.335938	4.004365
695.068359	2.488260
695.800781	5.135703
696.533203	1.757975
697.265625	3.042645
697.998047	2.169826
698.730469	2.044111
699.462891	0.393090
700.195312	1.798927
700.927734	4.227887
701.660156	0.848499
702.392578	0.636506
703.125000	0.322561
703.857422	2.462545
704.589844	2.649425
705.322266	2.018612
706.054688	0.419900
706.787109	1.961950
707.519531	2.376395
708.251953	2.250272
708.984375	0.921591
709.716797	0.900640
710.449219	2.155413
711.181641	1.571443
711.914062	0.943315
712.646484	2.189753
713.378906	1.167604
714.111328	2.046587
714.843750	1.620717
715.576172	4.118820
716.308594	2.831114
717.041016	2.363963
717.773438	0.833649
718.505859	2.031967
719.238281	2.046966
719.970703	5.112273
720.703125	2.063927
721.435547	1.884840
722.167969	2.436560
722.900391	2.628117
723.632812	1.767596
724.365234	2.470743
725.097656	2.164666
725.830078	3.119068
726.562500	3.161730
727.294922	5.408120
728.027344	3.718062
728.759766	2.136536
729.492188	6.026730
730.224609	4.336777
730.957031	2.160986
731.689453	4.489303
732.421875	6.669690
733.154297	16.075733
733.886719	20.385608
734.619141	19.532860
735.351562	26.710551
736.083984	16.234478
736.816406	12.660672
737.548828	6.322904
738.281250	6.694451
739.013672	6.162015
739.746094	6.272290
740.478516	11.828020
741.210938	13.059536
741.943359	12.838725
742.675781	15.511222
743.408203	18.105154
744.140625	11.492962
744.873047	12.629849
745.605469	17.283554
746.337891	7.713969
747.070312	8.495742
747.802734	10.551191
748.535156	5.496495
749.267578	7.277859
750.000000	5.007929
750.732422	2.631730
751.464844	9.184497
752.197266	4.956384
752.929688	7.411518
753.662109	11.416919
754.394531	1.985366
755.126953	3.057829
755.859375	6.836043
756.591797	5.233124
757.324219	7.405617
758.056641	8.706568
758.789062	6.055082
759.521484	7.993863
760.253906	4.098110
760.986328	7.315698
761.718750	6.173119
762.451172	2.965322
763.183594	8.008682
763.916016	10.242328
764.648438	21.657380
765.380859	22.986731
766.113281	14.495539
766.845703	17.135410
767.578125	17.583687
768.310547	16.012005
769.042969	19.934349
769.775391	13.521298
770.507812	4.042215
771.240234	13.627836
771.972656	16.872948
772.705078	2.313783
773.437500	8.205548
774.169922	12.830407
774.902344	0.819117
775.634766	4.866336
776.367188	7.139220
777.099609	13.533849
777.832031	6.148175
778.564453	5.760853
779.296875	6.354294
780.029297	10.219757
780.761719	9.787212
781.494141	3.862245
782.226562	0.906451
782.958984	3.043041
783.691406	3.429332
784.423828	6.172540
785.156250	0.544296
785.888672	6.514040
786.621094	6.161256
787.353516	4.985009
788.085938	4.067749
788.818359	3.018761
789.550781	3.886787
790.283203	2.524814
791.015625	3.940661
791.748047	3.240192
792.480469	2.634027
793.212891	3.301970
793.945312	3.810388
794.677734	2.121513
795.410156	1.548344
796.142578	0.709369
796.875000	1.850555
797.607422	3.081112
798.339844	1.464168
799.072266	3.140632
799.804688	1.958296
800.537109	1.769017
801.269531	1.246534
802.001953	4.368407
802.734375	1.298823
803.466797	1.664476
804.199219	1.890516
804.931641	1.535709
805.664062	3.712615
806.396484	2.229110
807.128906	2.355042
807.861328	1.440290
808.593750	0.627647
809.326172	1.252684
810.058594	2.299781
810.791016	2.612758
811.523438	1.914749
812.255859	1.091516
812.988281	1.470065
813.720703	1.118543
814.453125	0.297518
815.185547	2.670554
815.917969	0.877780
816.650391	1.500007
817.382812	1.123297
818.115234	1.125841
818.847656	0.642817
819.580078	1.134456
820.312500	1.438042
821.044922	2.267977
821.777344	1.461996
822.509766	2.962249
823.242188	0.667115
823.974609	0.402476
824.707031	2.137697
825.439453	1.917744
826.171875	1.721747
826.904297	2.407549
827.636719	1.744991
828.369141	2.269485
829.101562	2.900195
829.833984	1.789648
830.566406	2.385153
831.298828	1.951640
832.031250	1.329425
832.763672	2.814195
833.496094	2.051621
834.228516	2.946965
834.960938	2.405940
835.693359	3.740952
836.425781	0.393074
837.158203	2.987165
837.890625	5.539423
838.623047	9.827390
839.355469	7.553825
840.087891	4.994192
840.820312	5.872405
841.552734	11.105496
842.285156	10.748522
843.017578	7.735557
843.750000	8.126428
844.482422	9.984775
845.214844	10.878670
845.947266	7.649278
846.679688	3.884427
847.412109	1.111799
848.144531	3.600638
848.876953	4.154425
849.609375	6.022867
850.341797	3.835600
851.074219	6.723916
851.806641	5.502883
852.539062	3.765450
853.271484	3.883291
854.003906	4.743797
854.736328	3.061113
855.468750	3.940046
856.201172	2.549111
856.933594	2.195148
857.666016	2.979634
858.398438	3.167960
859.130859	2.398682
859.863281	2.689566
860.595703	2.876248
861.328125	5.650201
862.060547	2.446352
862.792969	3.482580
863.525391	3.897560
864.257812	2.868527
864.990234	1.089660
865.722656	3.983138
866.455078	5.132676
867.187500	0.574441
867.919922	5.082991
868.652344	3.332364
869.384766	6.032197
870.117188	6.720430
870.849609	4.029595
871.582031	3.200794
872.314453	1.453936
873.046875	5.060801
873.779297	6.829574
874.511719	9.631942
875.244141	6.161171
875.976562	9.266163
876.708984	8.718891
877.441406	6.885400
878.173828	9.208530
878.906250	5.379606
879.638672	6.608774
880.371094	1.477722
881.103516	6.367347
881.835938	3.003425
882.568359	2.487456
883.300781	3.608756
884.033203	4.904970
884.765625	4.396074
885.498047	2.572938
886.230469	4.124037
886.962891	7.133562
887.695312	3.300886
888.427734	4.279686
889.160156	2.425257
889.892578	2.424963
890.625000	5.235103
891.357422	2.313380
892.089844	3.419736
892.822266	2.830961
893.554688	2.125561
894.287109	3.343588
895.019531	4.238390
895.751953	3.659370
896.484375	1.667912
897.216797	1.554825
897.949219	1.911849
898.681641	5.208937
899.414062	3.488899
900.146484	4.044734
900.878906	4.676955
901.611328	3.187228
902.343750	3.465336
903.076172	1.412952
903.808594	0.142298
904.541016	2.139398
905.273438	1.039192
906.005859	2.697455
906.738281	2.143951
907.470703	1.726817
908.203125	2.162919
908.935547	1.593189
909.667969	0.214668
910.400391	2.554909
911.132812	1.126232
911.865234	3.302082
912.597656	1.251612
913.330078	2.662351
914.062500	4.897934
914.794922	3.574100
915.527344	1.682504
916.259766	3.114887
916.992188	6.062474
917.724609	2.299839
918.457031	3.063531
919.189453	4.209941
919.921875	5.960670
920.654297	3.188787
921.386719	2.188691
922.119141	1.948388
922.851562	5.692518
923.583984	3.847597
924.316406	4.210213
925.048828	3.796584
925.781250	1.530929
926.513672	2.031451
927.246094	4.677320
927.978516	1.111169
928.710938	0.598337
929.443359	2.690601
930.175781	0.925496
930.908203	2.238961
931.640625	4.039643
932.373047	4.618544
933.105469	0.960356
933.837891	7.005670
934.570312	3.252574
935.302734	4.011108
936.035156	3.876081
936.767578	7.975679
937.500000	7.971805
938.232422	6.854416
938.964844	10.174635
939.697266	11.555368
940.429688	7.981140
941.162109	12.125554
941.894531	13.713235
942.626953	15.496015
943.359375	11.769515
944.091797	7.768649
944.824219	14.660448
945.556641	20.980866
946.289062	25.346178
947.021484	21.119141
947.753906	12.594809
948.486328	7.698361
949.218750	11.411962
949.951172	16.570854
950.683594	7.220359
951.416016	3.108989
952.148438	7.209043
952.880859	10.046076
953.613281	6.494311
954.345703	11.345487
955.078125	11.355463
955.810547	12.382688
956.542969	15.094063
957.275391	7.714783
958.007812	11.765704
958.740234	10.553416
959.472656	8.783673
960.205078	11.543513
960.937500	7.689935
961.669922	4.456834
962.402344	4.646526
963.134766	7.607397
963.867188	2.862811
964.599609	2.350840
965.332031	6.551585
966.064453	5.975600
966.796875	5.564547
967.529297	1.373359
968.261719	5.446917
968.994141	6.434230
969.726562	6.607939
970.458984	5.254847
971.191406	3.466163
971.923828	6.383152
972.656250	2.065052
973.388672	3.762602
974.121094	2.078057
974.853516	1.400165
975.585938	3.327292
976.318359	8.370071
977.050781	4.834306
977.783203	6.850488
978.515625	7.266041
979.248047	8.683266
979.980469	16.939434
980.712891	18.418842
981.445312	15.949027
982.177734	13.804803
982.910156	27.411360
983.642578	31.009626
984.375000	20.911065
985.107422	25.948998
985.839844	22.445641
986.572266	14.844108
987.304688	18.352319
988.037109	12.591885
988.769531	5.829726
989.501953	9.481532
990.234375	10.571068
990.966797	7.971529
991.699219	2.498191
992.431641	4.759825
993.164062	7.224021
993.896484	4.354916
994.628906	3.864709
995.361328	2.389466
996.093750	2.082972
996.826172	4.078759
997.558594	2.248724
998.291016	2.924027
999.023438	6.755155
999.755859	6.148484
1000.488281	3.608406
1001.220703	4.872749
1001.953125	5.226393
1002.685547	3.011305
1003.417969	2.222035
1004.150391	4.287118
1004.882812	1.790152
1005.615234	1.642322
1006.347656	2.400023
1007.080078	1.968978
1007.812500	3.101511
1008.544922	3.761785
1009.277344	4.107237
1010.009766	3.768973
1010.742188	2.063548
1011.474609	2.442914
1012.207031	2.588401
1012.939453	2.266098
1013.671875	3.665221
1014.404297	2.545580
1015.136719	1.558535
1015.869141	1.176512
1016.601562	2.202258
1017.333984	4.726996
1018.066406	3.532982
1018.798828	2.577927
1019.531250	1.386155
1020.263672	4.016810
1020.996094	2.286694
1021.728516	1.025892
1022.460938	0.541457
1023.193359	2.268994
1023.925781	2.067934
1024.658203	0.816009
1025.390625	2.138268
1026.123047	1.595211
1026.855469	0.990185
1027.587891	2.138023
1028.320312	1.309723
1029.052734	2.016540
1029.785156	1.587112
1030.517578	2.111365
1031.250000	2.249001
1031.982422	0.912772
1032.714844	2.048633
1033.447266	3.220905
1034.179688	0.701379
1034.912109	1.066367
1035.644531	3.355147
1036.376953	0.237498
1037.109375	0.541403
1037.841797	1.678506
1038.574219	2.419979
1039.306641	1.477646
1040.039062	2.328678
1040.771484	1.342666
1041.503906	2.245002
1042.236328	2.286322
1042.968750	3.141715
1043.701172	2.087760
1044.433594	4.063643
1045.166016	1.455575
1045.898438	1.072409
1046.630859	1.016596
1047.363281	3.007358
1048.095703	3.825041
1048.828125	7.762148
1049.560547	9.074826
1050.292969	9.383960
1051.025391	7.521237
1051.757812	8.093458
1052.490234	9.126079
1053.222656	7.365881
1053.955078	7.427778
1054.687500	6.565441
1055.419922	6.867112
1056.152344	4.904602
1056.884766	4.738000
1057.617188	3.650708
1058.349609	4.921565
1059.082031	6.422684
1059.814453	4.779619
1060.546875	8.646046
1061.279297	6.443531
1062.011719	5.286478
1062.744141	8.373145
1063.476562	3.202836
1064.208984	5.144670
1064.941406	4.484485
1065.673828	4.577579
1066.406250	4.277326
1067.138672	6.801887
1067.871094	3.974873
1068.603516	3.230771
1069.335938	4.871453
1070.068359	5.650141
1070.800781	2.114329
1071.533203	4.194955
1072.265625	5.181714
1072.998047	3.965587
1073.730469	0.703358
1074.462891	1.277372
1075.195312	7.136910
1075.927734	9.398056
1076.660156	6.871971
1077.392578	2.913066
1078.125000	3.265011
1078.857422	5.980374
1079.589844	1.719343
1080.322266	1.061719
1081.054688	3.899014
1081.787109	3.341045
1082.519531	6.452539
1083.251953	4.253439
1083.984375	5.506520
1084.716797	7.560616
1085.449219	4.907298
1086.181641	9.256718
1086.914062	6.301017
1087.646484	4.700342
1088.378906	10.840905
1089.111328	13.029558
1089.843750	10.383569
1090.576172	12.801611
1091.308594	10.309321
1092.041016	12.430914
1092.773438	17.763791
1093.505859	16.053744
1094.238281	19.944005
1094.970703	18.216519
1095.703125	19.046345
1096.435547	16.049645
1097.167969	14.336432
1097.900391	14.898923
1098.632812	14.036007
1099.365234	8.825638
1100.097656	10.387629
1100.830078	9.620112
1101.562500	9.015715
1102.294922	4.083630
1103.027344	5.049888
1103.759766	2.002922
1104.492188	2.994473
1105.224609	6.169747
1105.957031	4.827824
1106.689453	2.963529
1107.421875	4.802768
1108.154297	5.485110
1108.886719	1.245713
1109.619141	6.793843
1110.351562	1.555480
1111.083984	1.806689
1111.816406	1.667490
1112.548828	3.471119
1113.281250	0.444863
1114.013672	4.104521
1114.746094	2.750548
1115.478516	6.711864
1116.210938	3.779311
1116.943359	3.383014
1117.675781	3.174191
1118.408203	3.629453
1119.140625	1.287730
1119.873047	0.273131
1120.605469	3.285650
1121.337891	2.632010
1122.070312	1.075316
1122.802734	2.033173
1123.535156	0.203798
1124.267578	1.315687
1125.000000	1.238137
1125.732422	1.521473
1126.464844	0.896648
1127.197266	2.332364
1127.929688	1.562739
1128.662109	3.290233
1129.394531	0.807721
1130.126953	0.754484
1130.859375	4.132350
1131.591797	2.826470
1132.324219	0.991729
1133.056641	1.528161
1133.789062	2.916750
1134.521484	3.636961
1135.253906	3.790284
1135.986328	2.361425
1136.718750	2.396248
1137.451172	1.433326
1138.183594	0.637240
1138.916016	0.705725
1139.648438	1.180367
1140.380859	1.388448
1141.113281	1.816388
1141.845703	0.121367
1142.578125	3.098706
1143.310547	2.091711
1144.042969	2.553453
1144.775391	0.882987
1145.507812	1.468519
1146.240234	1.062340
1146.972656	3.474562
1147.705078	2.401808
1148.437500	2.314185
1149.169922	3.829242
1149.902344	4.485651
1150.634766	4.372605
1151.367188	2.300938
1152.099609	4.260589
1152.832031	8.710238
1153.564453	11.439449
1154.296875	13.380067
1155.029297	14.781358
1155.761719	12.338592
1156.494141	8.737507
1157.226562	2.743909
1157.958984	3.280877
1158.691406	2.548173
1159.423828	4.812387
1160.156250	2.434808
1160.888672	2.222413
1161.621094	2.060345
1162.353516	2.360891
1163.085938	0.967594
1163.818359	1.905851
1164.550781	3.794395
1165.283203	2.574325
1166.015625	2.881848
1166.748047	2.070017
1167.480469	1.144367
1168.212891	5.417279
1168.945312	4.039124
1169.677734	4.746077
1170.410156	5.046683
1171.142578	5.179286
1171.875000	7.311023
1172.607422	2.945729
1173.339844	6.020403
1174.072266	3.668506
1174.804688	2.556506
1175.537109	1.742840
1176.269531	2.509371
1177.001953	4.412506
1177.734375	4.167362
1178.466797	5.933000
1179.199219	3.966599
1179.931641	3.493166
1180.664062	2.114198
1181.396484	2.099359
1182.128906	4.482288
1182.861328	1.183708
1183.593750	3.558887
1184.326172	1.706357
1185.058594	0.661981
1185.791016	0.973712
1186.523438	1.125861
1187.255859	3.480760
1187.988281	5.383257
1188.720703	1.118803
1189.453125	2.889978
1190.185547	3.079448
1190.917969	3.871503
1191.650391	3.653347
1192.382812	2.187453
1193.115234	1.971110
1193.847656	3.715112
1194.580078	2.890055
1195.312500	2.944789
1196.044922	0.908488
1196.777344	2.556143
1197.509766	4.344394
1198.242188	4.347436
1198.974609	6.925736
1199.707031	8.858320
1200.439453	2.652248
1201.171875	4.814826
1201.904297	7.230580
1202.636719	7.045635
1203.369141	7.692469
1204.101562	7.099576
1204.833984	8.672452
1205.566406	4.875057
1206.298828	5.943839
1207.031250	4.568214
1207.763672	1.922020
1208.496094	3.278268
1209.228516	3.713109
1209.960938	3.187334
1210.693359	4.037589
1211.425781	3.665129
1212.158203	4.737053
1212.890625	0.868374
1213.623047	2.147916
1214.355469	2.422679
1215.087891	0.820552
1215.820312	2.253226
1216.552734	1.909918
1217.285156	2.021340
1218.017578	1.935636
1218.750000	1.162667
1219.482422	1.265597
1220.214844	2.225461
1220.947266	0.500529
1221.679688	3.496864
1222.412109	1.306581
1223.144531	1.916565
1223.876953	3.590897
1224.609375	1.756863
1225.341797	1.470337
1226.074219	0.457527
1226.806641	1.339577
1227.539062	0.483174
1228.271484	1.779551
1229.003906	1.843872
1229.736328	1.567785
1230.468750	1.558416
1231.201172	0.298527
1231.933594	3.327491
1232.666016	0.395844
1233.398438	1.625935
1234.130859	1.871886
1234.863281	0.115358
1235.595703	0.917128
1236.328125	0.763570
1237.060547	1.322468
1237.792969	0.401147
1238.525391	0.650346
1239.257812	0.948763
1239.990234	1.741292
1240.722656	1.440837
1241.455078	1.293644
1242.187500	0.897242
1242.919922	1.791841
1243.652344	0.251133
1244.384766	1.303420
1245.117188	2.450871
1245.849609	1.706525
1246.582031	1.424927
1247.314453	1.174062
1248.046875	1.530192
1248.779297	1.903162
1249.511719	0.960374
1250.244141	0.316696
1250.976562	1.108350
1251.708984	0.745722
1252.441406	0.403693
1253.173828	0.259825
1253.906250	1.047313
1254.638672	1.150940
1255.371094	0.978175
1256.103516	0.697392
1256.835938	0.878400
1257.568359	1.303056
1258.300781	1.122724
1259.033203	1.381359
1259.765625	1.162748
1260.498047	2.585821
1261.230469	4.022126
1261.962891	3.488031
1262.695312	4.054436
1263.427734	3.764067
1264.160156	2.201281
1264.892578	0.596343
1265.625000	1.574826
1266.357422	0.515448
1267.089844	1.857419
1267.822266	1.819248
1268.554688	1.807912
1269.287109	1.091520
1270.019531	1.746903
1270.751953	1.974215
1271.484375	0.732165
1272.216797	0.385513
1272.949219	0.804591
1273.681641	1.334440
1274.414062	0.579767
1275.146484	0.617687
1275.878906	2.637317
1276.611328	1.193591
1277.343750	1.049694
1278.076172	2.285046
1278.808594	2.372632
1279.541016	0.912159
1280.273438	2.284877
1281.005859	2.924127
1281.738281	2.195208
1282.470703	3.515182
1283.203125	1.439648
1283.935547	2.820180
1284.667969	1.300183
1285.400391	0.670701
1286.132812	0.767815
1286.865234	2.633462
1287.597656	1.343506
1288.330078	0.935256
1289.062500	1.839920
1289.794922	2.022941
1290.527344	1.747949
1291.259766	1.493879
1291.992188	1.626719
1292.724609	0.325535
1293.457031	0.676298
1294.189453	0.715014
1294.921875	0.942407
1295.654297	0.199188
1296.386719	1.381157
1297.119141	2.300521
1297.851562	1.478734
1298.583984	2.242670
1299.316406	1.215242
1300.048828	2.054443
1300.781250	1.642998
1301.513672	2.953759
1302.246094	3.333073
1302.978516	2.248670
1303.710938	2.093497
1304.443359	1.876095
1305.175781	2.468509
1305.908203	3.944093
1306.640625	0.389493
1307.373047	2.441709
1308.105469	2.387670
1308.837891	2.607127
1309.570312	3.628538
1310.302734	3.210078
1311.035156	2.410654
1311.767578	4.586577
1312.500000	2.599910
1313.232422	3.004061
1313.964844	4.768348
1314.697266	6.086528
1315.429688	3.456950
1316.162109	3.060245
1316.894531	3.753857
1317.626953	4.389165
1318.359375	3.242548
1319.091797	3.756991
1319.824219	1.886250
1320.556641	2.815766
1321.289062	2.702691
1322.021484	1.730082
1322.753906	2.908720
1323.486328	0.943695
1324.218750	1.249056
1324.951172	0.592401
1325.683594	0.549358
1326.416016	0.361927
1327.148438	0.368912
1327.880859	2.078958
1328.613281	0.180327
1329.345703	1.833567
1330.078125	2.733958
1330.810547	1.209464
1331.542969	0.244770
1332.275391	1.040755
1333.007812	1.320606
1333.740234	1.055768
1334.472656	2.791589
1335.205078	2.639987
1335.937500	2.548862
1336.669922	2.411096
1337.402344	0.673056
1338.134766	1.193876
1338.867188	2.015585
1339.599609	2.239992
1340.332031	0.810897
1341.064453	0.778040
1341.796875	0.481130
1342.529297	0.955758
1343.261719	2.207570
1343.994141	1.009192
1344.726562	1.672300
1345.458984	0.786508
1346.191406	0.519994
1346.923828	0.407278
1347.656250	1.976347
1348.388672	1.510253
1349.121094	0.797591
1349.853516	2.285742
1350.585938	1.274210
1351.318359	2.276618
1352.050781	0.572187
1352.783203	1.375433
1353.515625	1.371024
1354.248047	1.208281
1354.980469	0.396460
1355.712891	0.775474
1356.445312	1.106314
1357.177734	1.929764
1357.910156	1.491087
1358.642578	1.332129
1359.375000	0.995606
1360.107422	0.753036
1360.839844	2.147049
1361.572266	3.814545
1362.304688	1.893252
1363.037109	3.494316
1363.769531	3.212775
1364.501953	4.465717
1365.234375	8.210023
1365.966797	5.753917
1366.699219	5.258968
1367.431641	4.985329
1368.164062	5.188134
1368.896484	5.018186
1369.628906	2.490354
1370.361328	0.847186
1371.093750	1.444982
1371.826172	1.079970
1372.558594	1.039251
1373.291016	1.456101
1374.023438	2.281809
1374.755859	1.398594
1375.488281	0.993636
1376.220703	1.089768
1376.953125	1.062080
1377.685547	1.095209
1378.417969	0.922647
1379.150391	1.776106
1379.882812	1.010570
1380.615234	0.773470
1381.347656	1.540356
1382.080078	2.152741
1382.812500	2.554459
1383.544922	0.556628
1384.277344	2.783545
1385.009766	2.390952
1385.742188	0.912115
1386.474609	1.965280
1387.207031	0.151735
1387.939453	1.067688
1388.671875	1.313015
1389.404297	1.087980
1390.136719	1.212322
1390.869141	1.022053
1391.601562	1.409208
1392.333984	0.250454
1393.066406	1.529072
1393.798828	1.037395
1394.531250	0.171366
1395.263672	1.486431
1395.996094	0.310651
1396.728516	0.758949
1397.460938	0.138441
1398.193359	0.487464
1398.925781	0.773188
1399.658203	0.981690
1400.390625	0.967817
1401.123047	0.465644
1401.855469	0.985988
1402.587891	2.387066
1403.320312	2.199446
1404.052734	1.414895
1404.785156	2.216476
1405.517578	1.141085
1406.250000	0.842547
1406.982422	0.880883
1407.714844	1.017936
1408.447266	1.522923
1409.179688	1.862420
1409.912109	0.983435
1410.644531	0.808871
1411.376953	0.871237
1412.109375	0.269226
1412.841797	1.101067
1413.574219	0.435958
1414.306641	1.428436
1415.039062	1.938001
1415.771484	2.345785
1416.503906	1.688815
1417.236328	0.468963
1417.968750	0.720587
1418.701172	2.360771
1419.433594	2.785628
1420.166016	1.463406
1420.898438	3.079658
1421.630859	3.403772
1422.363281	2.225776
1423.095703	4.702014
1423.828125	2.937386
1424.560547	3.714750
1425.292969	2.227427
1426.025391	2.278862
1426.757812	3.552246
1427.490234	1.647601
1428.222656	1.815721
1428.955078	2.368924
1429.687500	0.981790
1430.419922	1.458806
1431.152344	1.072282
1431.884766	0.559540
1432.617188	0.791583
1433.349609	0.604386
1434.082031	0.890266
1434.814453	0.858464
1435.546875	1.082903
1436.279297	1.204245
1437.011719	0.548438
1437.744141	0.948574
1438.476562	2.261496
1439.208984	1.357660
1439.941406	1.522842
1440.673828	1.148452
1441.406250	1.574026
1442.138672	1.583872
1442.871094	0.637524
1443.603516	0.792706
1444.335938	1.096320
1445.068359	0.368558
1445.800781	1.026666
1446.533203	1.103560
1447.265625	2.017635
1447.998047	1.209687
1448.730469	1.431802
1449.462891	0.842008
1450.195312	1.051472
1450.927734	1.779620
1451.660156	0.513993
1452.392578	1.665247
1453.125000	1.160878
1453.857422	2.075042
1454.589844	1.717210
1455.322266	1.328441
1456.054688	0.956455
1456.787109	0.954310
1457.519531	0.467831
1458.251953	1.272028
1458.984375	1.173728
1459.716797	0.705370
1460.449219	0.529201
1461.181641	0.906712
1461.914062	2.230654
1462.646484	1.414745
1463.378906	0.845656
1464.111328	1.340785
1464.843750	2.045819
1465.576172	2.524192
1466.308594	1.549884
1467.041016	1.011275
1467.773438	1.733427
1468.505859	1.653527
1469.238281	0.692346
1469.970703	1.630558
1470.703125	2.385815
1471.435547	1.751953
1472.167969	1.348483
1472.900391	1.094246
1473.632812	1.179978
1474.365234	1.337441
1475.097656	2.738308
1475.830078	1.965359
1476.562500	1.846354
1477.294922	1.155470
1478.027344	2.043398
1478.759766	3.276792
1479.492188	2.446610
1480.224609	0.867853
1480.957031	1.599876
1481.689453	3.394480
1482.421875	1.504754
1483.154297	1.727158
1483.886719	1.069400
1484.619141	1.444360
1485.351562	2.025617
1486.083984	1.852223
1486.816406	3.074192
1487.548828	3.165863
1488.281250	2.246986
1489.013672	4.424862
1489.746094	3.933317
1490.478516	3.289154
1491.210938	3.264003
1491.943359	2.008306
1492.675781	2.822250
1493.408203	3.712936
1494.140625	3.177716
1494.873047	3.240331
1495.605469	3.734594
1496.337891	2.330250
1497.070312	3.512390
1497.802734	5.131671
1498.535156	5.276485
1499.267578	4.709528
1500.000000	2.955243
1500.732422	2.589010
1501.464844	4.641474
1502.197266	4.365732
1502.929688	2.462391
1503.662109	2.286217
1504.394531	2.360158
1505.126953	3.138695
1505.859375	2.402759
1506.591797	3.551659
1507.324219	2.143891
1508.056641	2.994543
1508.789062	1.851675
1509.521484	1.965420
1510.253906	3.012483
1510.986328	1.231195
1511.718750	1.310269
1512.451172	1.311793
1513.183594	0.921412
1513.916016	1.982083
1514.648438	1.823336
1515.380859	1.760891
1516.113281	3.026666
1516.845703	4.410506
1517.578125	3.530153
1518.310547	1.936211
1519.042969	2.639181
1519.775391	1.705212
1520.507812	2.207069
1521.240234	4.684851
1521.972656	4.037484
1522.705078	5.586016
1523.437500	3.627634
1524.169922	4.618976
1524.902344	3.641413
1525.634766	2.594328
1526.367188	4.729169
1527.099609	3.289253
1527.832031	4.382204
1528.564453	4.602798
1529.296875	5.554560
1530.029297	5.747683
1530.761719	3.987661
1531.494141	6.409991
1532.226562	6.260989
1532.958984	5.202275
1533.691406	5.374241
1534.423828	5.829054
1535.156250	4.233619
1535.888672	3.608568
1536.621094	4.154069
1537.353516	1.818055
1538.085938	2.700748
1538.818359	2.703055
1539.550781	1.949458
1540.283203	1.755269
1541.015625	2.418322
1541.748047	2.736373
1542.480469	0.577791
1543.212891	1.111897
1543.945312	0.724055
1544.677734	2.073126
1545.410156	2.558641
1546.142578	0.392316
1546.875000	2.553206
1547.607422	1.333324
1548.339844	1.075055
1549.072266	2.455345
1549.804688	1.951421
1550.537109	0.644285
1551.269531	0.809338
1552.001953	0.566464
1552.734375	0.988812
1553.466797	0.860854
1554.199219	1.637763
1554.931641	1.049167
1555.664062	1.665308
1556.396484	0.565009
1557.128906	3.369825
1557.861328	1.916378
1558.593750	1.500500
1559.326172	2.963378
1560.058594	2.008674
1560.791016	0.884729
1561.523438	1.109695
1562.255859	1.959814
1562.988281	0.744964
1563.720703	1.156255
1564.453125	1.420049
1565.185547	1.073139
1565.917969	1.166805
1566.650391	0.824864
1567.382812	1.976474
1568.115234	0.490795
1568.847656	0.682466
1569.580078	0.571218
1570.312500	0.703325
1571.044922	0.437632
1571.777344	0.591032
1572.509766	2.082164
1573.242188	0.999229
1573.974609	0.145634
1574.707031	0.913751
1575.439453	1.170431
1576.171875	0.676545
1576.904297	0.611927
1577.636719	0.592504
1578.369141	0.418486
1579.101562	0.403217
1579.833984	0.854592
1580.566406	0.382580
1581.298828	0.267164
1582.031250	0.897003
1582.763672	0.962821
1583.496094	0.919077
1584.228516	1.101253
1584.960938	1.669047
1585.693359	0.346829
1586.425781	0.743067
1587.158203	0.990707
1587.890625	0.690318
1588.623047	1.016873
1589.355469	0.359939
1590.087891	0.216010
1590.820312	0.354893
1591.552734	1.453814
1592.285156	0.760220
1593.017578	0.303282
1593.750000	0.334926
1594.482422	0.587751
1595.214844	1.224890
1595.947266	0.393677
1596.679688	0.274674
1597.412109	0.803294
1598.144531	0.318495
1598.876953	0.349469
1599.609375	0.388821
1600.341797	1.190061
1601.074219	0.974522
1601.806641	0.800305
1602.539062	1.185482
1603.271484	0.603440
1604.003906	0.405579
1604.736328	1.008343
1605.468750	0.787301
1606.201172	1.055943
1606.933594	0.812122
1607.666016	0.885757
1608.398438	0.156929
1609.130859	0.821437
1609.863281	0.691479
1610.595703	0.536278
1611.328125	0.816727
1612.060547	0.653033
1612.792969	1.425239
1613.525391	0.914373
1614.257812	1.332570
1614.990234	0.895540
1615.722656	1.245369
1616.455078	1.095057
1617.187500	0.902802
1617.919922	0.783509
1618.652344	1.028013
1619.384766	0.674896
1620.117188	0.535732
1620.849609	0.934953
1621.582031	1.925764
1622.314453	0.755401
1623.046875	0.770906
1623.779297	0.323863
1624.511719	0.256551
1625.244141	0.533298
1625.976562	0.716836
1626.708984	0.470860
1627.441406	0.721194
1628.173828	1.556938
1628.906250	0.887418
1629.638672	0.928875
1630.371094	1.497096
1631.103516	0.393765
1631.835938	1.616598
1632.568359	0.702831
1633.300781	0.431896
1634.033203	0.334077
1634.765625	1.071455
1635.498047	1.125377
1636.230469	1.184837
1636.962891	0.781985
1637.695312	0.424980
1638.427734	0.852255
1639.160156	0.983329
1639.892578	0.698501
1640.625000	0.608774
1641.357422	1.339226
1642.089844	0.567951
1642.822266	0.610219
1643.554688	0.949709
1644.287109	0.929995
1645.019531	0.510857
1645.751953	1.141168
1646.484375	0.705526
1647.216797	0.512329
1647.949219	0.798970
1648.681641	0.539804
1649.414062	0.543239
1650.146484	1.122834
1650.878906	0.782144
1651.611328	1.168119
1652.343750	1.345783
1653.076172	1.537315
1653.808594	0.568407
1654.541016	1.032908
1655.273438	0.633874
1656.005859	0.673975
1656.738281	0.475239
1657.470703	0.909074
1658.203125	1.630905
1658.935547	0.916794
1659.667969	0.999791
1660.400391	0.449503
1661.132812	1.405821
1661.865234	1.133488
1662.597656	0.278074
1663.330078	0.980165
1664.062500	0.272640
1664.794922	0.176615
1665.527344	0.208585
1666.259766	1.589881
1666.992188	0.375899
1667.724609	0.819772
1668.457031	1.050235
1669.189453	1.874560
1669.921875	0.523850
1670.654297	0.982282
1671.386719	0.756942
1672.119141	1.158729
1672.851562	1.199436
1673.583984	0.487510
1674.316406	1.480841
1675.048828	2.446548
1675.781250	1.038919
1676.513672	2.012930
1677.246094	2.083504
1677.978516	1.736220
1678.710938	2.269181
1679.443359	3.374858
1680.175781	3.571678
1680.908203	3.696520
1681.640625	1.087780
1682.373047	2.189293
1683.105469	2.301350
1683.837891	1.720564
1684.570312	1.537737
1685.302734	1.715736
1686.035156	2.772602
1686.767578	3.766607
1687.500000	2.058296
1688.232422	3.004381
1688.964844	3.253857
1689.697266	3.216313
1690.429688	2.174082
1691.162109	3.155322
1691.894531	2.362726
1692.626953	2.277722
1693.359375	1.793825
1694.091797	1.197003
1694.824219	1.137216
1695.556641	1.186241
1696.289062	1.263718
1697.021484	2.252324
1697.753906	0.620981
1698.486328	2.473843
1699.218750	3.312822
1699.951172	1.803896
1700.683594	0.360527
1701.416016	1.949798
1702.148438	1.540997
1702.880859	1.159290
1703.613281	1.414603
1704.345703	0.046989
1705.078125	1.374793
1705.810547	0.740365
1706.542969	0.260201
1707.275391	0.769954
1708.007812	0.543136
1708.740234	1.061927
1709.472656	0.422877
1710.205078	0.573562
1710.937500	0.872064
1711.669922	0.525669
1712.402344	0.534571
1713.134766	0.281706
1713.867188	1.092014
1714.599609	0.228551
1715.332031	0.308480
1716.064453	0.943276
1716.796875	1.083801
1717.529297	1.370297
1718.261719	0.879454
1718.994141	0.967483
1719.726562	0.388327
1720.458984	0.630888
1721.191406	1.563811
1721.923828	1.211362
1722.656250	1.104435
1723.388672	0.895210
1724.121094	1.192060
1724.853516	0.805162
1725.585938	0.441159
1726.318359	1.250990
1727.050781	0.911389
1727.783203	0.656910
1728.515625	1.099031
1729.248047	0.692804
1729.980469	0.749623
1730.712891	0.702984
1731.445312	0.425497
1732.177734	0.650180
1732.910156	0.582084
1733.642578	0.788456
1734.375000	1.366121
1735.107422	1.356483
1735.839844	1.471268
1736.572266	1.393953
1737.304688	1.419399
1738.037109	0.271698
1738.769531	0.582421
1739.501953	1.198410
1740.234375	0.634829
1740.966797	0.792678
1741.699219	0.864521
1742.431641	0.362501
1743.164062	0.800036
1743.896484	1.231800
1744.628906	1.927846
1745.361328	0.482941
1746.093750	0.174100
1746.826172	0.859312
1747.558594	1.496074
1748.291016	0.931562
1749.023438	1.105643
1749.755859	1.347242
1750.488281	1.962628
1751.220703	2.113920
1751.953125	2.219757
1752.685547	0.798470
1753.417969	1.190077
1754.150391	0.592197
1754.882812	0.680892
1755.615234	1.194108
1756.347656	0.614218
1757.080078	1.446452
1757.812500	0.720051
1758.544922	1.673307
1759.277344	1.018064
1760.009766	1.812108
1760.742188	1.025597
1761.474609	0.614712
1762.207031	0.831527
1762.939453	1.134783
1763.671875	0.185705
1764.404297	0.835937
1765.136719	0.342181
1765.869141	0.208124
1766.601562	1.686118
1767.333984	0.712782
1768.066406	1.117152
1768.798828	0.750368
1769.531250	0.903518
1770.263672	1.349318
1770.996094	1.336986
1771.728516	0.859972
1772.460938	1.387509
1773.193359	0.574719
1773.925781	0.480271
1774.658203	0.331186
1775.390625	0.916183
1776.123047	0.335591
1776.855469	0.801711
1777.587891	0.735078
1778.320312	2.294143
1779.052734	1.799826
1779.785156	0.527537
1780.517578	0.304423
1781.250000	0.768873
1781.982422	0.521596
1782.714844	1.734919
1783.447266	0.250221
1784.179688	2.079495
1784.912109	1.121909
1785.644531	1.136729
1786.376953	0.985482
1787.109375	1.939109
1787.841797	0.727989
1788.574219	0.895829
1789.306641	1.046966
1790.039062	1.461838
1790.771484	0.997434
1791.503906	0.817385
1792.236328	0.462582
1792.968750	0.893261
1793.701172	0.731297
1794.433594	1.063824
1795.166016	0.453517
1795.898438	0.319030
1796.630859	0.266820
1797.363281	1.411929
1798.095703	0.611544
1798.828125	0.455256
1799.560547	0.728039
1800.292969	0.595217
1801.025391	0.720269
1801.757812	0.509013
1802.490234	0.809368
1803.222656	2.372293
1803.955078	0.759329
1804.687500	1.099420
1805.419922	0.492818
1806.152344	0.893344
1806.884766	1.395688
1807.617188	0.276124
1808.349609	0.840916
1809.082031	0.435235
1809.814453	1.720606
1810.546875	1.072138
1811.279297	1.594139
1812.011719	1.057067
1812.744141	1.477706
1813.476562	1.472443
1814.208984	1.411264
1814.941406	0.917126
1815.673828	0.990609
1816.406250	0.420190
1817.138672	2.184075
1817.871094	0.647528
1818.603516	0.718671
1819.335938	0.563355
1820.068359	1.086329
1820.800781	0.842156
1821.533203	0.683620
1822.265625	0.866443
1822.998047	0.636084
1823.730469	1.217023
1824.462891	0.151341
1825.195312	0.945873
1825.927734	1.312138
1826.660156	0.845934
1827.392578	0.711177
1828.125000	0.259303
1828.857422	0.908695
1829.589844	1.591320
1830.322266	1.206220
1831.054688	1.099421
1831.787109	0.728865
1832.519531	1.655734
1833.251953	0.824572
1833.984375	1.658343
1834.716797	0.394036
1835.449219	1.475542
1836.181641	0.907959
1836.914062	1.107745
1837.646484	0.488235
1838.378906	1.273708
1839.111328	0.492953
1839.843750	2.584496
1840.576172	0.633181
1841.308594	1.477622
1842.041016	0.489773
1842.773438	0.566432
1843.505859	0.934373
1844.238281	0.683621
1844.970703	1.284509
1845.703125	0.049398
1846.435547	1.433124
1847.167969	1.552568
1847.900391	0.959113
1848.632812	1.183622
1849.365234	0.781764
1850.097656	1.079424
1850.830078	1.496621
1851.562500	2.491223
1852.294922	1.438575
1853.027344	1.877025
1853.759766	0.999893
1854.492188	1.474340
1855.224609	1.356034
1855.957031	1.722608
1856.689453	1.274935
1857.421875	1.727110
1858.154297	1.864003
1858.886719	1.947657
1859.619141	1.292351
1860.351562	0.559379
1861.083984	0.968772
1861.816406	1.205201
1862.548828	0.544548
1863.281250	0.556173
1864.013672	0.813981
1864.746094	1.390250
1865.478516	0.800125
1866.210938	0.641925
1866.943359	0.419525
1867.675781	0.378548
1868.408203	0.308586
1869.140625	0.920468
1869.873047	0.557984
1870.605469	0.586331
1871.337891	1.691476
1872.070312	0.581153
1872.802734	1.103979
1873.535156	0.328498
1874.267578	0.862676
1875.000000	1.806036
1875.732422	1.286822
1876.464844	0.724984
1877.197266	1.074598
1877.929688	2.176722
1878.662109	1.698275
1879.394531	0.976167
1880.126953	1.117998
1880.859375	0.689866
1881.591797	0.569952
1882.324219	1.931838
1883.056641	3.113502
1883.789062	3.361757
1884.521484	4.296230
1885.253906	5.240160
1885.986328	4.769922
1886.718750	4.633252
1887.451172	4.754985
1888.183594	5.350664
1888.916016	4.249916
1889.648438	3.858064
1890.380859	4.861818
1891.113281	4.219860
1891.845703	5.337134
1892.578125	7.510409
1893.310547	7.683880
1894.042969	7.273736
1894.775391	5.290913
1895.507812	4.220982
1896.240234	3.135620
1896.972656	4.007658
1897.705078	4.910894
1898.437500	3.895309
1899.169922	4.021168
1899.902344	4.181993
1900.634766	4.552582
1901.367188	2.886871
1902.099609	3.914638
1902.832031	5.040774
1903.564453	2.156247
1904.296875	1.123582
1905.029297	2.032076
1905.761719	2.424600
1906.494141	2.526971
1907.226562	2.681909
1907.958984	2.046927
1908.691406	1.867585
1909.423828	3.145330
1910.156250	2.735312
1910.888672	2.033047
1911.621094	3.390766
1912.353516	3.115682
1913.085938	1.321031
1913.818359	2.709534
1914.550781	2.610916
1915.283203	1.798555
1916.015625	1.282771
1916.748047	1.337103
1917.480469	1.334692
1918.212891	0.718851
1918.945312	2.348802
1919.677734	2.024235
1920.410156	2.093378
1921.142578	2.279482
1921.875000	1.529192
1922.607422	2.714333
1923.339844	0.384341
1924.072266	1.434538
1924.804688	1.048074
1925.537109	1.104477
1926.269531	1.412885
1927.001953	0.952052
1927.734375	0.730020
1928.466797	1.546025
1929.199219	0.706504
1929.931641	0.831762
1930.664062	1.771138
1931.396484	0.656628
1932.128906	0.613457
1932.861328	1.232497
1933.593750	2.059744
1934.326172	1.233844
1935.058594	1.272572
1935.791016	0.797666
1936.523438	1.009705
1937.255859	0.647780
1937.988281	1.895451
1938.720703	0.692060
1939.453125	2.361236
1940.185547	2.799061
1940.917969	1.518014
1941.650391	0.588327
1942.382812	0.806575
1943.115234	1.905223
1943.847656	1.348073
1944.580078	2.215531
1945.312500	1.660727
1946.044922	2.125152
1946.777344	0.409645
1947.509766	1.467152
1948.242188	1.133112
1948.974609	1.421649
1949.707031	0.496746
1950.439453	0.947111
1951.171875	1.182898
1951.904297	2.314827
1952.636719	2.230186
1953.369141	1.524277
1954.101562	1.566104
1954.833984	2.440815
1955.566406	1.908900
1956.298828	0.706417
1957.031250	1.703950
1957.763672	1.445269
1958.496094	1.553536
1959.228516	1.403882
1959.960938	2.585544
1960.693359	3.130353
1961.425781	2.638801
1962.158203	2.174681
1962.890625	1.955731
1963.623047	0.832355
1964.355469	2.831938
1965.087891	1.728462
1965.820312	1.307100
1966.552734	3.104772
1967.285156	2.990513
1968.017578	3.507628
1968.750000	2.978580
1969.482422	3.339936
1970.214844	3.380363
1970.947266	2.878355
1971.679688	2.249196
1972.412109	2.928532
1973.144531	2.181349
1973.876953	1.580331
1974.609375	1.828683
1975.341797	1.159416
1976.074219	1.813366
1976.806641	1.938551
1977.539062	0.930727
1978.271484	0.525386
1979.003906	0.677873
1979.736328	0.449991
1980.468750	0.141576
1981.201172	0.606536
1981.933594	0.735353
1982.666016	1.044265
1983.398438	0.373077
1984.130859	0.615701
1984.863281	1.272377
1985.595703	1.204145
1986.328125	0.892203
1987.060547	1.784993
1987.792969	1.125000
1988.525391	1.568282
1989.257812	1.068802
1989.990234	1.611339
1990.722656	1.401173
1991.455078	2.317610
1992.187500	0.957079
1992.919922	2.433546
1993.652344	0.323667
1994.384766	0.864643
1995.117188	0.812167
1995.849609	0.383088
1996.582031	1.344330
1997.314453	0.964017
1998.046875	0.318868
1998.779297	0.408918
